2022-09-08 15:48:52,829 | INFO | Start GET API GATE SETTING.

2022-09-08 15:48:52,881 | INFO | Is use checkpoint gate: 1

2022-09-08 15:48:52,884 | INFO | Start GET TOKEN API.

2022-09-08 15:48:52,884 | INFO | GET TOKEN API: Uri gate: http://192.168.127.2:8080/api/

2022-09-08 15:48:52,885 | INFO | GET TOKEN API: Username: checkpoint - Password: checkpoint

2022-09-08 15:48:55,275 | INFO | GET TOKEN API: Result Content: {"accessToken":"eyJhbGciOiJIUzUxMiJ9.eyJzdWIiOiJjaGVja3BvaW50IiwiaWF0IjoxNjYyNjE5NzAyLCJleHAiOjE2NjI3MDYxMDJ9.A6bmxG3v9LTU727Vxx4e0V7QrMV7G3LdNypRjbQHjJEWfGKAYVNWuJFafYTrKQvYqp-Hq_EoDcYwQ48npqdyCw","tokenType":"Bearer"}

2022-09-08 15:48:55,276 | INFO | GET TOKEN API: Token: Bearer eyJhbGciOiJIUzUxMiJ9.eyJzdWIiOiJjaGVja3BvaW50IiwiaWF0IjoxNjYyNjE5NzAyLCJleHAiOjE2NjI3MDYxMDJ9.A6bmxG3v9LTU727Vxx4e0V7QrMV7G3LdNypRjbQHjJEWfGKAYVNWuJFafYTrKQvYqp-Hq_EoDcYwQ48npqdyCw

2022-09-08 15:48:56,293 | INFO | Start GET API GATE SETTING.

2022-09-08 15:48:56,325 | INFO | Is use checkpoint gate: 1

2022-09-08 15:48:56,325 | INFO | Start GET TOKEN API.

2022-09-08 15:48:56,326 | INFO | GET TOKEN API: Uri gate: http://192.168.127.2:8080/api/

2022-09-08 15:48:56,326 | INFO | GET TOKEN API: Username: checkpoint - Password: checkpoint

2022-09-08 15:48:56,656 | INFO | GET TOKEN API: Result Content: {"accessToken":"eyJhbGciOiJIUzUxMiJ9.eyJzdWIiOiJjaGVja3BvaW50IiwiaWF0IjoxNjYyNjE5NzA0LCJleHAiOjE2NjI3MDYxMDR9.PmMSz4LREvEpn58s8pK3I-Tq4pdsIH66Ufa8b-0nCHj362NN1HpPcepuiuew7iABBnz_wKML1XQezDJA7EQIGQ","tokenType":"Bearer"}

2022-09-08 15:48:56,657 | INFO | GET TOKEN API: Token: Bearer eyJhbGciOiJIUzUxMiJ9.eyJzdWIiOiJjaGVja3BvaW50IiwiaWF0IjoxNjYyNjE5NzA0LCJleHAiOjE2NjI3MDYxMDR9.PmMSz4LREvEpn58s8pK3I-Tq4pdsIH66Ufa8b-0nCHj362NN1HpPcepuiuew7iABBnz_wKML1XQezDJA7EQIGQ

2022-09-08 15:49:10,641 | INFO | Start UNLOAD GATE API.

2022-09-08 15:49:10,642 | INFO | UNLOAD GATE API: IP Gate: http://192.168.127.2:8080/api/

2022-09-08 15:49:10,642 | INFO | UNLOAD GATE API: Num of RFIDS: 2

2022-09-08 15:49:10,642 | INFO | UNLOAD GATE API: rf: 00DD20220702000058000149

2022-09-08 15:49:10,644 | INFO | UNLOAD GATE API: RFID code: 00DD20220702000058000149

2022-09-08 15:49:11,065 | INFO | UNLOAD GATE API: Result Content: {"code":"200","message":"1 EPC Removed from Inventoy"}

2022-09-08 15:49:11,066 | INFO | UNLOAD GATE API: Remove RFID 00DD20220702000058000149

2022-09-08 15:49:11,066 | INFO | UNLOAD GATE API: rf: 00DD20220702000058000230

2022-09-08 15:49:11,066 | INFO | UNLOAD GATE API: RFID code: 00DD20220702000058000230

2022-09-08 15:49:11,106 | INFO | UNLOAD GATE API: Result Content: {"code":"200","message":"1 EPC Removed from Inventoy"}

2022-09-08 15:49:11,107 | INFO | UNLOAD GATE API: Remove RFID 00DD20220702000058000230

