2022-10-06 10:23:17,215 | INFO | Start GET API GATE SETTING.

2022-10-06 10:23:17,883 | INFO | Is use checkpoint gate: 1

2022-10-06 10:23:17,886 | INFO | Start GET TOKEN API.

2022-10-06 10:23:17,886 | INFO | GET TOKEN API: Uri gate: http://192.168.127.2:8080/api/

2022-10-06 10:23:17,886 | INFO | GET TOKEN API: Username: checkpoint - Password: checkpoint

2022-10-06 10:23:18,882 | INFO | GET TOKEN API: Result Content: {"accessToken":"eyJhbGciOiJIUzUxMiJ9.eyJzdWIiOiJjaGVja3BvaW50IiwiaWF0IjoxNjY1MDE5MzQ2LCJleHAiOjE2NjUxMDU3NDZ9.1HDTjVEIDP36PJfYqCB3yMI87xGdf2z4KMffYa_fwcpk8HCDtrGsKyKPZ2j1k070iZiBo4BpAMDQULDOjtRPHA","tokenType":"Bearer"}

2022-10-06 10:23:18,882 | INFO | GET TOKEN API: Token: Bearer eyJhbGciOiJIUzUxMiJ9.eyJzdWIiOiJjaGVja3BvaW50IiwiaWF0IjoxNjY1MDE5MzQ2LCJleHAiOjE2NjUxMDU3NDZ9.1HDTjVEIDP36PJfYqCB3yMI87xGdf2z4KMffYa_fwcpk8HCDtrGsKyKPZ2j1k070iZiBo4BpAMDQULDOjtRPHA

2022-10-06 10:23:30,417 | INFO | Start UNLOAD GATE API.

2022-10-06 10:23:30,417 | INFO | UNLOAD GATE API: IP Gate: http://192.168.127.2:8080/api/

2022-10-06 10:23:30,417 | INFO | UNLOAD GATE API: Num of RFIDS: 4

2022-10-06 10:23:30,418 | INFO | UNLOAD GATE API: rf: 00DD20220702000058000124

2022-10-06 10:23:30,419 | INFO | UNLOAD GATE API: RFID code: 00DD20220702000058000124

2022-10-06 10:23:30,838 | INFO | UNLOAD GATE API: Result Content: {"code":"200","message":"1 EPC Removed from Inventoy"}

2022-10-06 10:23:30,838 | INFO | UNLOAD GATE API: Remove RFID 00DD20220702000058000124

2022-10-06 10:23:30,839 | INFO | UNLOAD GATE API: rf: 00DD20220702000058000230

2022-10-06 10:23:30,839 | INFO | UNLOAD GATE API: RFID code: 00DD20220702000058000230

2022-10-06 10:23:30,881 | INFO | UNLOAD GATE API: Result Content: {"code":"200","message":"1 EPC Removed from Inventoy"}

2022-10-06 10:23:30,881 | INFO | UNLOAD GATE API: Remove RFID 00DD20220702000058000230

2022-10-06 10:23:30,882 | INFO | UNLOAD GATE API: rf: 00DD20220702000058000149

2022-10-06 10:23:30,882 | INFO | UNLOAD GATE API: RFID code: 00DD20220702000058000149

2022-10-06 10:23:30,931 | INFO | UNLOAD GATE API: Result Content: {"code":"200","message":"1 EPC Removed from Inventoy"}

2022-10-06 10:23:30,931 | INFO | UNLOAD GATE API: Remove RFID 00DD20220702000058000149

2022-10-06 10:23:30,932 | INFO | UNLOAD GATE API: rf: 00DD20220702000058000112

2022-10-06 10:23:30,932 | INFO | UNLOAD GATE API: RFID code: 00DD20220702000058000112

2022-10-06 10:23:30,961 | INFO | UNLOAD GATE API: Result Content: {"code":"200","message":"1 EPC Removed from Inventoy"}

2022-10-06 10:23:30,962 | INFO | UNLOAD GATE API: Remove RFID 00DD20220702000058000112

2022-10-06 10:23:54,924 | INFO | Start GET API GATE SETTING.

2022-10-06 10:23:54,948 | INFO | Is use checkpoint gate: 1

2022-10-06 10:23:54,949 | INFO | Start GET TOKEN API.

2022-10-06 10:23:54,949 | INFO | GET TOKEN API: Uri gate: http://192.168.127.2:8080/api/

2022-10-06 10:23:54,949 | INFO | GET TOKEN API: Username: checkpoint - Password: checkpoint

2022-10-06 10:23:55,242 | INFO | GET TOKEN API: Result Content: {"accessToken":"eyJhbGciOiJIUzUxMiJ9.eyJzdWIiOiJjaGVja3BvaW50IiwiaWF0IjoxNjY1MDE5MzgzLCJleHAiOjE2NjUxMDU3ODN9.Jf0ufsQk8_ZdHwDvzoYC8kjM-5rZ0yM4JwoLBvJoGvzO00BsbkoDQt-NYsPIzZYlf3Xv21YpmPqvZmp4D237sQ","tokenType":"Bearer"}

2022-10-06 10:23:55,247 | INFO | GET TOKEN API: Token: Bearer eyJhbGciOiJIUzUxMiJ9.eyJzdWIiOiJjaGVja3BvaW50IiwiaWF0IjoxNjY1MDE5MzgzLCJleHAiOjE2NjUxMDU3ODN9.Jf0ufsQk8_ZdHwDvzoYC8kjM-5rZ0yM4JwoLBvJoGvzO00BsbkoDQt-NYsPIzZYlf3Xv21YpmPqvZmp4D237sQ

2022-10-06 10:24:05,200 | INFO | Start GET API GATE SETTING.

2022-10-06 10:24:05,224 | INFO | Is use checkpoint gate: 1

2022-10-06 10:24:05,225 | INFO | Start GET TOKEN API.

2022-10-06 10:24:05,225 | INFO | GET TOKEN API: Uri gate: http://192.168.127.2:8080/api/

2022-10-06 10:24:05,226 | INFO | GET TOKEN API: Username: checkpoint - Password: checkpoint

2022-10-06 10:24:05,523 | INFO | GET TOKEN API: Result Content: {"accessToken":"eyJhbGciOiJIUzUxMiJ9.eyJzdWIiOiJjaGVja3BvaW50IiwiaWF0IjoxNjY1MDE5MzkzLCJleHAiOjE2NjUxMDU3OTN9.MNUHVeumfVsZCoIcWM5fLcAw1zbWLkmYlvwVdDvL8VZgM-2m0hgmFQGJTajxhb2mkPUNeF79lZlufUwe8noJJw","tokenType":"Bearer"}

2022-10-06 10:24:05,523 | INFO | GET TOKEN API: Token: Bearer eyJhbGciOiJIUzUxMiJ9.eyJzdWIiOiJjaGVja3BvaW50IiwiaWF0IjoxNjY1MDE5MzkzLCJleHAiOjE2NjUxMDU3OTN9.MNUHVeumfVsZCoIcWM5fLcAw1zbWLkmYlvwVdDvL8VZgM-2m0hgmFQGJTajxhb2mkPUNeF79lZlufUwe8noJJw

2022-10-06 10:24:24,575 | INFO | Start GET API GATE SETTING.

2022-10-06 10:24:24,595 | INFO | Is use checkpoint gate: 1

2022-10-06 10:24:24,595 | INFO | Start GET TOKEN API.

2022-10-06 10:24:24,595 | INFO | GET TOKEN API: Uri gate: http://192.168.127.2:8080/api/

2022-10-06 10:24:24,596 | INFO | GET TOKEN API: Username: checkpoint - Password: checkpoint

2022-10-06 10:24:24,898 | INFO | GET TOKEN API: Result Content: {"accessToken":"eyJhbGciOiJIUzUxMiJ9.eyJzdWIiOiJjaGVja3BvaW50IiwiaWF0IjoxNjY1MDE5NDEyLCJleHAiOjE2NjUxMDU4MTJ9.rvbxu6pOmPjW4hUMSgB6elGl7JV2MYb-Za2Ki8suY7xDoXKYE46mcdKMmsfAfJCXSK5-oys-0Cv70eSs-ZNOTw","tokenType":"Bearer"}

2022-10-06 10:24:24,898 | INFO | GET TOKEN API: Token: Bearer eyJhbGciOiJIUzUxMiJ9.eyJzdWIiOiJjaGVja3BvaW50IiwiaWF0IjoxNjY1MDE5NDEyLCJleHAiOjE2NjUxMDU4MTJ9.rvbxu6pOmPjW4hUMSgB6elGl7JV2MYb-Za2Ki8suY7xDoXKYE46mcdKMmsfAfJCXSK5-oys-0Cv70eSs-ZNOTw

2022-10-06 10:24:31,824 | INFO | Start UNLOAD GATE API.

2022-10-06 10:24:31,824 | INFO | UNLOAD GATE API: IP Gate: http://192.168.127.2:8080/api/

2022-10-06 10:24:31,824 | INFO | UNLOAD GATE API: Num of RFIDS: 4

2022-10-06 10:24:31,825 | INFO | UNLOAD GATE API: rf: 00DD20220702000058000149

2022-10-06 10:24:31,825 | INFO | UNLOAD GATE API: RFID code: 00DD20220702000058000149

2022-10-06 10:24:31,884 | INFO | UNLOAD GATE API: Result Content: {"code":"200","message":"1 EPC Removed from Inventoy"}

2022-10-06 10:24:31,884 | INFO | UNLOAD GATE API: Remove RFID 00DD20220702000058000149

2022-10-06 10:24:31,884 | INFO | UNLOAD GATE API: rf: 00DD20220702000058000112

2022-10-06 10:24:31,884 | INFO | UNLOAD GATE API: RFID code: 00DD20220702000058000112

2022-10-06 10:24:31,928 | INFO | UNLOAD GATE API: Result Content: {"code":"200","message":"1 EPC Removed from Inventoy"}

2022-10-06 10:24:31,928 | INFO | UNLOAD GATE API: Remove RFID 00DD20220702000058000112

2022-10-06 10:24:31,929 | INFO | UNLOAD GATE API: rf: 00DD20220702000058000124

2022-10-06 10:24:31,929 | INFO | UNLOAD GATE API: RFID code: 00DD20220702000058000124

2022-10-06 10:24:31,959 | INFO | UNLOAD GATE API: Result Content: {"code":"200","message":"1 EPC Removed from Inventoy"}

2022-10-06 10:24:31,959 | INFO | UNLOAD GATE API: Remove RFID 00DD20220702000058000124

2022-10-06 10:24:31,960 | INFO | UNLOAD GATE API: rf: 00DD20220702000058000230

2022-10-06 10:24:31,960 | INFO | UNLOAD GATE API: RFID code: 00DD20220702000058000230

2022-10-06 10:24:31,987 | INFO | UNLOAD GATE API: Result Content: {"code":"200","message":"1 EPC Removed from Inventoy"}

2022-10-06 10:24:31,987 | INFO | UNLOAD GATE API: Remove RFID 00DD20220702000058000230

