2022-08-09 14:09:18,252 | INFO | LOG

2022-08-09 14:09:19,061 | INFO | Start call API

2022-08-09 14:09:19,061 | INFO | RFID code: 00DD20220702000058000290

2022-08-09 14:09:19,061 | INFO | API key: aip_rtsa_20220516_1

2022-08-09 14:09:19,062 | INFO | Try start

2022-08-09 14:09:19,277 | INFO | Try end

2022-08-09 14:09:19,277 | INFO | {"rfid":"00DD20220702000058000290","api_key":"aip_rtsa_20220516_1"}

2022-08-09 14:09:19,277 | INFO | Finally

2022-08-09 14:09:19,278 | INFO | POST API: {"rfid":"00DD20220702000058000290","api_key":"aip_rtsa_20220516_1"}

2022-08-09 14:09:19,397 | INFO | Result content: {"code":"00","data":{"jancode_1":"9784593504381","jancode_2":"1928797016006","rfid":"00DD20220702000058000290"},"message":"変換に成功しました。"}

2022-08-09 14:37:38,504 | INFO | LOG

2022-08-09 14:37:40,132 | INFO | Start call API

2022-08-09 14:37:40,133 | INFO | RFID code: 00DD20220702000058000290

2022-08-09 14:37:40,133 | INFO | API key: aip_rtsa_20220516_1

2022-08-09 14:37:40,133 | INFO | Try start

2022-08-09 14:37:40,203 | INFO | Try end

2022-08-09 14:37:40,203 | INFO | {"rfid":"00DD20220702000058000290","api_key":"aip_rtsa_20220516_1"}

2022-08-09 14:37:40,204 | INFO | Finally

2022-08-09 14:37:40,204 | INFO | POST API: {"rfid":"00DD20220702000058000290","api_key":"aip_rtsa_20220516_1"}

2022-08-09 14:37:40,323 | INFO | Result content: {"code":"00","data":{"jancode_1":"9784593504381","jancode_2":"1928797016006","rfid":"00DD20220702000058000290"},"message":"変換に成功しました。"}

2022-08-09 14:37:55,172 | INFO | Start call API

2022-08-09 14:37:55,172 | INFO | RFID code: 00DD20220702000058000290

2022-08-09 14:37:55,173 | INFO | API key: aip_rtsa_20220516_1

2022-08-09 14:37:55,173 | INFO | Try start

2022-08-09 14:37:55,173 | INFO | Try end

2022-08-09 14:37:55,174 | INFO | {"rfid":"00DD20220702000058000290","api_key":"aip_rtsa_20220516_1"}

2022-08-09 14:37:55,174 | INFO | Finally

2022-08-09 14:37:55,174 | INFO | POST API: {"rfid":"00DD20220702000058000290","api_key":"aip_rtsa_20220516_1"}

2022-08-09 14:37:55,205 | INFO | Result content: {"code":"00","data":{"jancode_1":"9784593504381","jancode_2":"1928797016006","rfid":"00DD20220702000058000290"},"message":"変換に成功しました。"}

2022-08-09 14:38:29,648 | INFO | Start call API

2022-08-09 14:38:29,648 | INFO | RFID code: 00DD20220702000058000119

2022-08-09 14:38:29,649 | INFO | API key: aip_rtsa_20220516_1

2022-08-09 14:38:29,649 | INFO | Try start

2022-08-09 14:38:29,649 | INFO | Try end

2022-08-09 14:38:29,649 | INFO | {"rfid":"00DD20220702000058000119","api_key":"aip_rtsa_20220516_1"}

2022-08-09 14:38:29,650 | INFO | Finally

2022-08-09 14:38:29,650 | INFO | POST API: {"rfid":"00DD20220702000058000119","api_key":"aip_rtsa_20220516_1"}

2022-08-09 14:38:29,670 | INFO | Result content: {"code":"00","data":{"jancode_1":"9784769022220","jancode_2":"1928798015008","rfid":"00DD20220702000058000119"},"message":"変換に成功しました。"}

2022-08-09 14:38:29,670 | INFO | Start call API

2022-08-09 14:38:29,671 | INFO | RFID code: 00DD20220702000058000117

2022-08-09 14:38:29,671 | INFO | API key: aip_rtsa_20220516_1

2022-08-09 14:38:29,671 | INFO | Try start

2022-08-09 14:38:29,671 | INFO | Try end

2022-08-09 14:38:29,671 | INFO | {"rfid":"00DD20220702000058000117","api_key":"aip_rtsa_20220516_1"}

2022-08-09 14:38:29,672 | INFO | Finally

2022-08-09 14:38:29,672 | INFO | POST API: {"rfid":"00DD20220702000058000117","api_key":"aip_rtsa_20220516_1"}

2022-08-09 14:38:29,687 | INFO | Result content: {"code":"00","data":{"jancode_1":"9784564018428","jancode_2":"1928771012000","rfid":"00DD20220702000058000117"},"message":"変換に成功しました。"}

2022-08-09 14:38:29,687 | INFO | Start call API

2022-08-09 14:38:29,688 | INFO | RFID code: 00DD20220702000058000116

2022-08-09 14:38:29,688 | INFO | API key: aip_rtsa_20220516_1

2022-08-09 14:38:29,688 | INFO | Try start

2022-08-09 14:38:29,688 | INFO | Try end

2022-08-09 14:38:29,688 | INFO | {"rfid":"00DD20220702000058000116","api_key":"aip_rtsa_20220516_1"}

2022-08-09 14:38:29,689 | INFO | Finally

2022-08-09 14:38:29,689 | INFO | POST API: {"rfid":"00DD20220702000058000116","api_key":"aip_rtsa_20220516_1"}

2022-08-09 14:38:29,714 | INFO | Result content: {"code":"00","data":{"jancode_1":"9784591096369","jancode_2":"1928782020001","rfid":"00DD20220702000058000116"},"message":"変換に成功しました。"}

2022-08-09 14:39:03,251 | INFO | Start call API

2022-08-09 14:39:03,252 | INFO | RFID code: 00DD20220702000058000140

2022-08-09 14:39:03,252 | INFO | API key: aip_rtsa_20220516_1

2022-08-09 14:39:03,252 | INFO | Try start

2022-08-09 14:39:03,253 | INFO | Try end

2022-08-09 14:39:03,253 | INFO | {"rfid":"00DD20220702000058000140","api_key":"aip_rtsa_20220516_1"}

2022-08-09 14:39:03,253 | INFO | Finally

2022-08-09 14:39:03,253 | INFO | POST API: {"rfid":"00DD20220702000058000140","api_key":"aip_rtsa_20220516_1"}

2022-08-09 14:39:03,275 | INFO | Result content: {"code":"00","data":{"jancode_1":"9784776410089","jancode_2":"1928798016005","rfid":"00DD20220702000058000140"},"message":"変換に成功しました。"}

2022-08-09 14:39:06,457 | INFO | Start call API

2022-08-09 14:39:06,457 | INFO | RFID code: 00DD20220702000058000142

2022-08-09 14:39:06,457 | INFO | API key: aip_rtsa_20220516_1

2022-08-09 14:39:06,458 | INFO | Try start

2022-08-09 14:39:06,459 | INFO | Try end

2022-08-09 14:39:06,460 | INFO | {"rfid":"00DD20220702000058000142","api_key":"aip_rtsa_20220516_1"}

2022-08-09 14:39:06,460 | INFO | Finally

2022-08-09 14:39:06,460 | INFO | POST API: {"rfid":"00DD20220702000058000142","api_key":"aip_rtsa_20220516_1"}

2022-08-09 14:39:06,481 | INFO | Result content: {"code":"00","data":{"jancode_1":"9784916016881","jancode_2":"1928793015003","rfid":"00DD20220702000058000142"},"message":"変換に成功しました。"}

2022-08-09 14:39:08,864 | INFO | Start call API

2022-08-09 14:39:08,865 | INFO | RFID code: 00DD20220702000058000118

2022-08-09 14:39:08,865 | INFO | API key: aip_rtsa_20220516_1

2022-08-09 14:39:08,865 | INFO | Try start

2022-08-09 14:39:08,865 | INFO | Try end

2022-08-09 14:39:08,865 | INFO | {"rfid":"00DD20220702000058000118","api_key":"aip_rtsa_20220516_1"}

2022-08-09 14:39:08,866 | INFO | Finally

2022-08-09 14:39:08,866 | INFO | POST API: {"rfid":"00DD20220702000058000118","api_key":"aip_rtsa_20220516_1"}

2022-08-09 14:39:08,882 | INFO | Result content: {"code":"00","data":{"jancode_1":"9784062209717","jancode_2":"1928793015003","rfid":"00DD20220702000058000118"},"message":"変換に成功しました。"}

2022-08-09 14:40:12,862 | INFO | Start call API

2022-08-09 14:40:12,863 | INFO | RFID code: 00DD20220702000058000120

2022-08-09 14:40:12,863 | INFO | API key: aip_rtsa_20220516_1

2022-08-09 14:40:12,863 | INFO | Try start

2022-08-09 14:40:12,863 | INFO | Try end

2022-08-09 14:40:12,863 | INFO | {"rfid":"00DD20220702000058000120","api_key":"aip_rtsa_20220516_1"}

2022-08-09 14:40:12,864 | INFO | Finally

2022-08-09 14:40:12,864 | INFO | POST API: {"rfid":"00DD20220702000058000120","api_key":"aip_rtsa_20220516_1"}

2022-08-09 14:40:12,885 | INFO | Result content: {"code":"00","data":{"jancode_1":"9784776407751","jancode_2":"1928798015008","rfid":"00DD20220702000058000120"},"message":"変換に成功しました。"}

2022-08-09 15:08:22,335 | INFO | LOG

2022-08-09 15:08:23,161 | INFO | Start call API

2022-08-09 15:08:23,161 | INFO | RFID code: 00DD20220702000058000421

2022-08-09 15:08:23,162 | INFO | API key: aip_rtsa_20220516_1

2022-08-09 15:08:23,162 | INFO | Try start

2022-08-09 15:08:23,233 | INFO | Try end

2022-08-09 15:08:23,234 | INFO | {"rfid":"00DD20220702000058000421","api_key":"aip_rtsa_20220516_1"}

2022-08-09 15:08:23,234 | INFO | Finally

2022-08-09 15:08:23,234 | INFO | POST API: {"rfid":"00DD20220702000058000421","api_key":"aip_rtsa_20220516_1"}

2022-08-09 15:08:23,350 | INFO | Result content: {"code":"00","data":{"jancode_1":"9784480096791","jancode_2":"1920110010005","rfid":"00DD20220702000058000421"},"message":"変換に成功しました。"}

2022-08-09 15:08:25,559 | INFO | Start call API

2022-08-09 15:08:25,559 | INFO | RFID code: 00DD20220702000058000238

2022-08-09 15:08:25,560 | INFO | API key: aip_rtsa_20220516_1

2022-08-09 15:08:25,560 | INFO | Try start

2022-08-09 15:08:25,560 | INFO | Try end

2022-08-09 15:08:25,560 | INFO | {"rfid":"00DD20220702000058000238","api_key":"aip_rtsa_20220516_1"}

2022-08-09 15:08:25,560 | INFO | Finally

2022-08-09 15:08:25,561 | INFO | POST API: {"rfid":"00DD20220702000058000238","api_key":"aip_rtsa_20220516_1"}

2022-08-09 15:08:25,585 | INFO | Result content: {"code":"00","data":{"jancode_1":"9784416618400","jancode_2":"1922077022008","rfid":"00DD20220702000058000238"},"message":"変換に成功しました。"}

2022-08-09 15:08:26,363 | INFO | Start call API

2022-08-09 15:08:26,364 | INFO | RFID code: 00DD20220703000058001000

2022-08-09 15:08:26,364 | INFO | API key: aip_rtsa_20220516_1

2022-08-09 15:08:26,364 | INFO | Try start

2022-08-09 15:08:26,364 | INFO | Try end

2022-08-09 15:08:26,364 | INFO | {"rfid":"00DD20220703000058001000","api_key":"aip_rtsa_20220516_1"}

2022-08-09 15:08:26,365 | INFO | Finally

2022-08-09 15:08:26,365 | INFO | POST API: {"rfid":"00DD20220703000058001000","api_key":"aip_rtsa_20220516_1"}

2022-08-09 15:08:26,406 | INFO | Result content: {"code":"00","data":{"jancode_1":"9784396346744","jancode_2":"1920193006902","rfid":"00DD20220703000058001000"},"message":"変換に成功しました。"}

2022-08-09 15:08:26,407 | INFO | Start call API

2022-08-09 15:08:26,407 | INFO | RFID code: 00DD20220702000058000216

2022-08-09 15:08:26,407 | INFO | API key: aip_rtsa_20220516_1

2022-08-09 15:08:26,408 | INFO | Try start

2022-08-09 15:08:26,408 | INFO | Try end

2022-08-09 15:08:26,408 | INFO | {"rfid":"00DD20220702000058000216","api_key":"aip_rtsa_20220516_1"}

2022-08-09 15:08:26,409 | INFO | Finally

2022-08-09 15:08:26,409 | INFO | POST API: {"rfid":"00DD20220702000058000216","api_key":"aip_rtsa_20220516_1"}

2022-08-09 15:08:26,433 | INFO | Result content: {"code":"00","data":{"jancode_1":"9784924710535","jancode_2":"1928771016008","rfid":"00DD20220702000058000216"},"message":"変換に成功しました。"}

2022-08-09 15:08:26,434 | INFO | Start call API

2022-08-09 15:08:26,434 | INFO | RFID code: 00DD20220702000058000022

2022-08-09 15:08:26,434 | INFO | API key: aip_rtsa_20220516_1

2022-08-09 15:08:26,435 | INFO | Try start

2022-08-09 15:08:26,435 | INFO | Try end

2022-08-09 15:08:26,435 | INFO | {"rfid":"00DD20220702000058000022","api_key":"aip_rtsa_20220516_1"}

2022-08-09 15:08:26,435 | INFO | Finally

2022-08-09 15:08:26,436 | INFO | POST API: {"rfid":"00DD20220702000058000022","api_key":"aip_rtsa_20220516_1"}

2022-08-09 15:08:26,450 | INFO | Result content: {"code":"00","data":{"jancode_1":"9784416516508","jancode_2":"1922076015001","rfid":"00DD20220702000058000022"},"message":"変換に成功しました。"}

2022-08-09 15:08:26,451 | INFO | Start call API

2022-08-09 15:08:26,451 | INFO | RFID code: 00DD20220702000058000003

2022-08-09 15:08:26,451 | INFO | API key: aip_rtsa_20220516_1

2022-08-09 15:08:26,451 | INFO | Try start

2022-08-09 15:08:26,452 | INFO | Try end

2022-08-09 15:08:26,452 | INFO | {"rfid":"00DD20220702000058000003","api_key":"aip_rtsa_20220516_1"}

2022-08-09 15:08:26,452 | INFO | Finally

2022-08-09 15:08:26,452 | INFO | POST API: {"rfid":"00DD20220702000058000003","api_key":"aip_rtsa_20220516_1"}

2022-08-09 15:08:26,467 | INFO | Result content: {"code":"00","data":{"jancode_1":"9784863521186","jancode_2":"1920061010000","rfid":"00DD20220702000058000003"},"message":"変換に成功しました。"}

2022-08-09 15:08:31,959 | INFO | Start call API

2022-08-09 15:08:31,959 | INFO | RFID code: 00DD20220702000058000221

2022-08-09 15:08:31,959 | INFO | API key: aip_rtsa_20220516_1

2022-08-09 15:08:31,960 | INFO | Try start

2022-08-09 15:08:31,960 | INFO | Try end

2022-08-09 15:08:31,960 | INFO | {"rfid":"00DD20220702000058000221","api_key":"aip_rtsa_20220516_1"}

2022-08-09 15:08:31,961 | INFO | Finally

2022-08-09 15:08:31,961 | INFO | POST API: {"rfid":"00DD20220702000058000221","api_key":"aip_rtsa_20220516_1"}

2022-08-09 15:08:31,986 | INFO | Result content: {"code":"02","data":null,"message":"RFIDは存在しません。"}

2022-08-09 15:08:53,132 | INFO | Start call API

2022-08-09 15:08:53,132 | INFO | RFID code: 00DD20220702000058000290

2022-08-09 15:08:53,133 | INFO | API key: aip_rtsa_20220516_1

2022-08-09 15:08:53,133 | INFO | Try start

2022-08-09 15:08:53,133 | INFO | Try end

2022-08-09 15:08:53,134 | INFO | {"rfid":"00DD20220702000058000290","api_key":"aip_rtsa_20220516_1"}

2022-08-09 15:08:53,134 | INFO | Finally

2022-08-09 15:08:53,134 | INFO | POST API: {"rfid":"00DD20220702000058000290","api_key":"aip_rtsa_20220516_1"}

2022-08-09 15:08:53,162 | INFO | Result content: {"code":"00","data":{"jancode_1":"9784593504381","jancode_2":"1928797016006","rfid":"00DD20220702000058000290"},"message":"変換に成功しました。"}

2022-08-09 15:17:56,503 | INFO | LOG

2022-08-09 15:18:07,602 | INFO | Start call API

2022-08-09 15:18:07,602 | INFO | RFID code: 00DD20220702000058000290

2022-08-09 15:18:07,602 | INFO | API key: aip_rtsa_20220516_1

2022-08-09 15:18:07,602 | INFO | Try start

2022-08-09 15:18:07,672 | INFO | Try end

2022-08-09 15:18:07,672 | INFO | {"rfid":"00DD20220702000058000290","api_key":"aip_rtsa_20220516_1"}

2022-08-09 15:18:07,673 | INFO | Finally

2022-08-09 15:18:07,673 | INFO | POST API: {"rfid":"00DD20220702000058000290","api_key":"aip_rtsa_20220516_1"}

2022-08-09 15:18:07,794 | INFO | Result content: {"code":"00","data":{"jancode_1":"9784593504381","jancode_2":"1928797016006","rfid":"00DD20220702000058000290"},"message":"変換に成功しました。"}

2022-08-09 15:18:26,531 | INFO | Start call API

2022-08-09 15:18:26,532 | INFO | RFID code: 00DD20220702000058000290

2022-08-09 15:18:26,532 | INFO | API key: aip_rtsa_20220516_1

2022-08-09 15:18:26,532 | INFO | Try start

2022-08-09 15:18:26,533 | INFO | Try end

2022-08-09 15:18:26,533 | INFO | {"rfid":"00DD20220702000058000290","api_key":"aip_rtsa_20220516_1"}

2022-08-09 15:18:26,533 | INFO | Finally

2022-08-09 15:18:26,534 | INFO | POST API: {"rfid":"00DD20220702000058000290","api_key":"aip_rtsa_20220516_1"}

2022-08-09 15:18:26,557 | INFO | Result content: {"code":"00","data":{"jancode_1":"9784593504381","jancode_2":"1928797016006","rfid":"00DD20220702000058000290"},"message":"変換に成功しました。"}

2022-08-09 15:18:49,254 | INFO | Start call API

2022-08-09 15:18:49,254 | INFO | RFID code: 00DD20220702000058000290

2022-08-09 15:18:49,254 | INFO | API key: aip_rtsa_20220516_1

2022-08-09 15:18:49,255 | INFO | Try start

2022-08-09 15:18:49,255 | INFO | Try end

2022-08-09 15:18:49,255 | INFO | {"rfid":"00DD20220702000058000290","api_key":"aip_rtsa_20220516_1"}

2022-08-09 15:18:49,255 | INFO | Finally

2022-08-09 15:18:49,255 | INFO | POST API: {"rfid":"00DD20220702000058000290","api_key":"aip_rtsa_20220516_1"}

2022-08-09 15:18:49,273 | INFO | Result content: {"code":"00","data":{"jancode_1":"9784593504381","jancode_2":"1928797016006","rfid":"00DD20220702000058000290"},"message":"変換に成功しました。"}

