2022-07-21 10:35:41,072 | INFO | LOG

2022-07-21 10:35:44,396 | INFO | Start call API

2022-07-21 10:35:44,396 | INFO | RFID code: E28069950000400810E7F13C

2022-07-21 10:35:44,396 | INFO | API key: aip_rtsa_20220516_1

2022-07-21 10:35:44,397 | INFO | Try start

2022-07-21 10:35:44,616 | INFO | Try end

2022-07-21 10:35:44,617 | INFO | {"rfid":"E28069950000400810E7F13C","api_key":"aip_rtsa_20220516_1"}

2022-07-21 10:35:44,617 | INFO | Finally

2022-07-21 10:35:44,617 | INFO | POST API: {"rfid":"E28069950000400810E7F13C","api_key":"aip_rtsa_20220516_1"}

2022-07-21 10:35:44,707 | INFO | Result content: {"code":"00","data":{"jancode_1":"9784062605595","jancode_2":"1920179007404","rfid":"E28069950000400810E7F13C"},"message":"変換に成功しました。"}

2022-07-21 10:35:45,124 | INFO | Start call API

2022-07-21 10:35:45,124 | INFO | RFID code: E28069950000400810E7E53C

2022-07-21 10:35:45,124 | INFO | API key: aip_rtsa_20220516_1

2022-07-21 10:35:45,125 | INFO | Try start

2022-07-21 10:35:45,125 | INFO | Try end

2022-07-21 10:35:45,125 | INFO | {"rfid":"E28069950000400810E7E53C","api_key":"aip_rtsa_20220516_1"}

2022-07-21 10:35:45,125 | INFO | Finally

2022-07-21 10:35:45,125 | INFO | POST API: {"rfid":"E28069950000400810E7E53C","api_key":"aip_rtsa_20220516_1"}

2022-07-21 10:35:45,133 | INFO | Result content: {"code":"00","data":{"jancode_1":"9784062648547","jancode_2":"1920193007435","rfid":"E28069950000400810E7E53C"},"message":"変換に成功しました。"}

2022-07-21 10:36:34,577 | INFO | Start call API

2022-07-21 10:36:34,577 | INFO | RFID code: E28069950000400810E7E53C

2022-07-21 10:36:34,577 | INFO | API key: aip_rtsa_20220516_1

2022-07-21 10:36:34,578 | INFO | Try start

2022-07-21 10:36:34,578 | INFO | Try end

2022-07-21 10:36:34,578 | INFO | {"rfid":"E28069950000400810E7E53C","api_key":"aip_rtsa_20220516_1"}

2022-07-21 10:36:34,578 | INFO | Finally

2022-07-21 10:36:34,580 | INFO | POST API: {"rfid":"E28069950000400810E7E53C","api_key":"aip_rtsa_20220516_1"}

2022-07-21 10:36:34,587 | INFO | Result content: {"code":"00","data":{"jancode_1":"9784062648547","jancode_2":"1920193007435","rfid":"E28069950000400810E7E53C"},"message":"変換に成功しました。"}

2022-07-21 10:36:34,588 | INFO | Start call API

2022-07-21 10:36:34,588 | INFO | RFID code: E28069950000400810E7F13C

2022-07-21 10:36:34,589 | INFO | API key: aip_rtsa_20220516_1

2022-07-21 10:36:34,589 | INFO | Try start

2022-07-21 10:36:34,589 | INFO | Try end

2022-07-21 10:36:34,589 | INFO | {"rfid":"E28069950000400810E7F13C","api_key":"aip_rtsa_20220516_1"}

2022-07-21 10:36:34,590 | INFO | Finally

2022-07-21 10:36:34,590 | INFO | POST API: {"rfid":"E28069950000400810E7F13C","api_key":"aip_rtsa_20220516_1"}

2022-07-21 10:36:34,597 | INFO | Result content: {"code":"00","data":{"jancode_1":"9784062605595","jancode_2":"1920179007404","rfid":"E28069950000400810E7F13C"},"message":"変換に成功しました。"}

2022-07-21 10:36:40,182 | INFO | Start call API

2022-07-21 10:36:40,182 | INFO | RFID code: E28069950000400810E7F13C

2022-07-21 10:36:40,183 | INFO | API key: aip_rtsa_20220516_1

2022-07-21 10:36:40,183 | INFO | Try start

2022-07-21 10:36:40,183 | INFO | Try end

2022-07-21 10:36:40,184 | INFO | {"rfid":"E28069950000400810E7F13C","api_key":"aip_rtsa_20220516_1"}

2022-07-21 10:36:40,184 | INFO | Finally

2022-07-21 10:36:40,184 | INFO | POST API: {"rfid":"E28069950000400810E7F13C","api_key":"aip_rtsa_20220516_1"}

2022-07-21 10:36:40,189 | INFO | Result content: {"code":"00","data":{"jancode_1":"9784062605595","jancode_2":"1920179007404","rfid":"E28069950000400810E7F13C"},"message":"変換に成功しました。"}

2022-07-21 10:37:20,135 | INFO | Start call API

2022-07-21 10:37:20,135 | INFO | RFID code: E28069950000400810E7F13C

2022-07-21 10:37:20,135 | INFO | API key: aip_rtsa_20220516_1

2022-07-21 10:37:20,136 | INFO | Try start

2022-07-21 10:37:20,136 | INFO | Try end

2022-07-21 10:37:20,136 | INFO | {"rfid":"E28069950000400810E7F13C","api_key":"aip_rtsa_20220516_1"}

2022-07-21 10:37:20,136 | INFO | Finally

2022-07-21 10:37:20,136 | INFO | POST API: {"rfid":"E28069950000400810E7F13C","api_key":"aip_rtsa_20220516_1"}

2022-07-21 10:37:20,142 | INFO | Result content: {"code":"00","data":{"jancode_1":"9784062605595","jancode_2":"1920179007404","rfid":"E28069950000400810E7F13C"},"message":"変換に成功しました。"}

2022-07-21 10:37:32,314 | INFO | Start call API

2022-07-21 10:37:32,314 | INFO | RFID code: E28069950000400810E7F13C

2022-07-21 10:37:32,315 | INFO | API key: aip_rtsa_20220516_1

2022-07-21 10:37:32,315 | INFO | Try start

2022-07-21 10:37:32,315 | INFO | Try end

2022-07-21 10:37:32,315 | INFO | {"rfid":"E28069950000400810E7F13C","api_key":"aip_rtsa_20220516_1"}

2022-07-21 10:37:32,315 | INFO | Finally

2022-07-21 10:37:32,316 | INFO | POST API: {"rfid":"E28069950000400810E7F13C","api_key":"aip_rtsa_20220516_1"}

2022-07-21 10:37:32,321 | INFO | Result content: {"code":"00","data":{"jancode_1":"9784062605595","jancode_2":"1920179007404","rfid":"E28069950000400810E7F13C"},"message":"変換に成功しました。"}

2022-07-21 10:37:54,627 | INFO | Start call API

2022-07-21 10:37:54,627 | INFO | RFID code: E28069950000400810E7F13C

2022-07-21 10:37:54,628 | INFO | API key: aip_rtsa_20220516_1

2022-07-21 10:37:54,628 | INFO | Try start

2022-07-21 10:37:54,628 | INFO | Try end

2022-07-21 10:37:54,628 | INFO | {"rfid":"E28069950000400810E7F13C","api_key":"aip_rtsa_20220516_1"}

2022-07-21 10:37:54,628 | INFO | Finally

2022-07-21 10:37:54,629 | INFO | POST API: {"rfid":"E28069950000400810E7F13C","api_key":"aip_rtsa_20220516_1"}

2022-07-21 10:37:54,642 | INFO | Result content: {"code":"00","data":{"jancode_1":"9784062605595","jancode_2":"1920179007404","rfid":"E28069950000400810E7F13C"},"message":"変換に成功しました。"}

2022-07-21 10:38:15,582 | INFO | Start call API

2022-07-21 10:38:15,582 | INFO | RFID code: E28069950000400810E7F13C

2022-07-21 10:38:15,583 | INFO | API key: aip_rtsa_20220516_1

2022-07-21 10:38:15,583 | INFO | Try start

2022-07-21 10:38:15,583 | INFO | Try end

2022-07-21 10:38:15,584 | INFO | {"rfid":"E28069950000400810E7F13C","api_key":"aip_rtsa_20220516_1"}

2022-07-21 10:38:15,584 | INFO | Finally

2022-07-21 10:38:15,584 | INFO | POST API: {"rfid":"E28069950000400810E7F13C","api_key":"aip_rtsa_20220516_1"}

2022-07-21 10:38:15,590 | INFO | Result content: {"code":"00","data":{"jancode_1":"9784062605595","jancode_2":"1920179007404","rfid":"E28069950000400810E7F13C"},"message":"変換に成功しました。"}

2022-07-21 10:39:28,538 | INFO | LOG

2022-07-21 10:39:31,726 | INFO | Start call API

2022-07-21 10:39:31,727 | INFO | RFID code: E28069950000400810E7F13C

2022-07-21 10:39:31,727 | INFO | API key: aip_rtsa_20220516_1

2022-07-21 10:39:31,727 | INFO | Try start

2022-07-21 10:39:31,798 | INFO | Try end

2022-07-21 10:39:31,799 | INFO | {"rfid":"E28069950000400810E7F13C","api_key":"aip_rtsa_20220516_1"}

2022-07-21 10:39:31,799 | INFO | Finally

2022-07-21 10:39:31,799 | INFO | POST API: {"rfid":"E28069950000400810E7F13C","api_key":"aip_rtsa_20220516_1"}

2022-07-21 10:39:31,901 | INFO | Result content: {"code":"00","data":{"jancode_1":"9784062605595","jancode_2":"1920179007404","rfid":"E28069950000400810E7F13C"},"message":"変換に成功しました。"}

2022-07-21 15:27:24,190 | INFO | Start call API

2022-07-21 15:27:24,190 | INFO | RFID code: E28069950000500810E84D3C

2022-07-21 15:27:24,190 | INFO | API key: aip_rtsa_20220516_1

2022-07-21 15:27:24,191 | INFO | Try start

2022-07-21 15:27:24,191 | INFO | Try end

2022-07-21 15:27:24,191 | INFO | {"rfid":"E28069950000500810E84D3C","api_key":"aip_rtsa_20220516_1"}

2022-07-21 15:27:24,191 | INFO | Finally

2022-07-21 15:27:24,192 | INFO | POST API: {"rfid":"E28069950000500810E84D3C","api_key":"aip_rtsa_20220516_1"}

2022-07-21 15:27:24,236 | INFO | Result content: {"code":"00","data":{"jancode_1":"9784003106211","jancode_2":"1920192009508","rfid":"E28069950000500810E84D3C"},"message":"変換に成功しました。"}

2022-07-21 15:27:33,804 | INFO | Start call API

2022-07-21 15:27:33,804 | INFO | RFID code: E28069950000500810E7C53C

2022-07-21 15:27:33,805 | INFO | API key: aip_rtsa_20220516_1

2022-07-21 15:27:33,805 | INFO | Try start

2022-07-21 15:27:33,805 | INFO | Try end

2022-07-21 15:27:33,807 | INFO | {"rfid":"E28069950000500810E7C53C","api_key":"aip_rtsa_20220516_1"}

2022-07-21 15:27:33,807 | INFO | Finally

2022-07-21 15:27:33,807 | INFO | POST API: {"rfid":"E28069950000500810E7C53C","api_key":"aip_rtsa_20220516_1"}

2022-07-21 15:27:33,819 | INFO | Result content: {"code":"00","data":{"jancode_1":"9784344409996","jancode_2":"1920195005330","rfid":"E28069950000500810E7C53C"},"message":"変換に成功しました。"}

2022-07-21 15:28:07,142 | INFO | Start call API

2022-07-21 15:28:07,143 | INFO | RFID code: E28069950000500810E7C53C

2022-07-21 15:28:07,143 | INFO | API key: aip_rtsa_20220516_1

2022-07-21 15:28:07,143 | INFO | Try start

2022-07-21 15:28:07,143 | INFO | Try end

2022-07-21 15:28:07,144 | INFO | {"rfid":"E28069950000500810E7C53C","api_key":"aip_rtsa_20220516_1"}

2022-07-21 15:28:07,144 | INFO | Finally

2022-07-21 15:28:07,144 | INFO | POST API: {"rfid":"E28069950000500810E7C53C","api_key":"aip_rtsa_20220516_1"}

2022-07-21 15:28:07,151 | INFO | Result content: {"code":"00","data":{"jancode_1":"9784344409996","jancode_2":"1920195005330","rfid":"E28069950000500810E7C53C"},"message":"変換に成功しました。"}

2022-07-21 15:28:07,152 | INFO | Start call API

2022-07-21 15:28:07,152 | INFO | RFID code: E28069950000500810E84D3C

2022-07-21 15:28:07,153 | INFO | API key: aip_rtsa_20220516_1

2022-07-21 15:28:07,153 | INFO | Try start

2022-07-21 15:28:07,153 | INFO | Try end

2022-07-21 15:28:07,153 | INFO | {"rfid":"E28069950000500810E84D3C","api_key":"aip_rtsa_20220516_1"}

2022-07-21 15:28:07,153 | INFO | Finally

2022-07-21 15:28:07,154 | INFO | POST API: {"rfid":"E28069950000500810E84D3C","api_key":"aip_rtsa_20220516_1"}

2022-07-21 15:28:07,158 | INFO | Result content: {"code":"00","data":{"jancode_1":"9784003106211","jancode_2":"1920192009508","rfid":"E28069950000500810E84D3C"},"message":"変換に成功しました。"}

2022-07-21 15:28:11,149 | INFO | Start call API

2022-07-21 15:28:11,149 | INFO | RFID code: E28069950000500810E7C53C

2022-07-21 15:28:11,149 | INFO | API key: aip_rtsa_20220516_1

2022-07-21 15:28:11,150 | INFO | Try start

2022-07-21 15:28:11,150 | INFO | Try end

2022-07-21 15:28:11,150 | INFO | {"rfid":"E28069950000500810E7C53C","api_key":"aip_rtsa_20220516_1"}

2022-07-21 15:28:11,150 | INFO | Finally

2022-07-21 15:28:11,150 | INFO | POST API: {"rfid":"E28069950000500810E7C53C","api_key":"aip_rtsa_20220516_1"}

2022-07-21 15:28:11,157 | INFO | Result content: {"code":"00","data":{"jancode_1":"9784344409996","jancode_2":"1920195005330","rfid":"E28069950000500810E7C53C"},"message":"変換に成功しました。"}

2022-07-21 15:28:12,741 | INFO | Start call API

2022-07-21 15:28:12,741 | INFO | RFID code: E28069950000500810E84D3C

2022-07-21 15:28:12,742 | INFO | API key: aip_rtsa_20220516_1

2022-07-21 15:28:12,742 | INFO | Try start

2022-07-21 15:28:12,742 | INFO | Try end

2022-07-21 15:28:12,743 | INFO | {"rfid":"E28069950000500810E84D3C","api_key":"aip_rtsa_20220516_1"}

2022-07-21 15:28:12,743 | INFO | Finally

2022-07-21 15:28:12,743 | INFO | POST API: {"rfid":"E28069950000500810E84D3C","api_key":"aip_rtsa_20220516_1"}

2022-07-21 15:28:12,748 | INFO | Result content: {"code":"00","data":{"jancode_1":"9784003106211","jancode_2":"1920192009508","rfid":"E28069950000500810E84D3C"},"message":"変換に成功しました。"}

2022-07-21 15:28:15,149 | INFO | Start call API

2022-07-21 15:28:15,149 | INFO | RFID code: E28069950000500810E84D3C

2022-07-21 15:28:15,150 | INFO | API key: aip_rtsa_20220516_1

2022-07-21 15:28:15,150 | INFO | Try start

2022-07-21 15:28:15,151 | INFO | Try end

2022-07-21 15:28:15,151 | INFO | {"rfid":"E28069950000500810E84D3C","api_key":"aip_rtsa_20220516_1"}

2022-07-21 15:28:15,151 | INFO | Finally

2022-07-21 15:28:15,152 | INFO | POST API: {"rfid":"E28069950000500810E84D3C","api_key":"aip_rtsa_20220516_1"}

2022-07-21 15:28:15,158 | INFO | Result content: {"code":"00","data":{"jancode_1":"9784003106211","jancode_2":"1920192009508","rfid":"E28069950000500810E84D3C"},"message":"変換に成功しました。"}

2022-07-21 15:28:39,140 | INFO | Start call API

2022-07-21 15:28:39,141 | INFO | RFID code: E28069950000500810E84D3C

2022-07-21 15:28:39,141 | INFO | API key: aip_rtsa_20220516_1

2022-07-21 15:28:39,141 | INFO | Try start

2022-07-21 15:28:39,141 | INFO | Try end

2022-07-21 15:28:39,142 | INFO | {"rfid":"E28069950000500810E84D3C","api_key":"aip_rtsa_20220516_1"}

2022-07-21 15:28:39,142 | INFO | Finally

2022-07-21 15:28:39,142 | INFO | POST API: {"rfid":"E28069950000500810E84D3C","api_key":"aip_rtsa_20220516_1"}

2022-07-21 15:28:39,156 | INFO | Result content: {"code":"00","data":{"jancode_1":"9784003106211","jancode_2":"1920192009508","rfid":"E28069950000500810E84D3C"},"message":"変換に成功しました。"}

2022-07-21 15:28:42,354 | INFO | Start call API

2022-07-21 15:28:42,355 | INFO | RFID code: E28069950000500810E84D3C

2022-07-21 15:28:42,355 | INFO | API key: aip_rtsa_20220516_1

2022-07-21 15:28:42,355 | INFO | Try start

2022-07-21 15:28:42,356 | INFO | Try end

2022-07-21 15:28:42,356 | INFO | {"rfid":"E28069950000500810E84D3C","api_key":"aip_rtsa_20220516_1"}

2022-07-21 15:28:42,356 | INFO | Finally

2022-07-21 15:28:42,356 | INFO | POST API: {"rfid":"E28069950000500810E84D3C","api_key":"aip_rtsa_20220516_1"}

2022-07-21 15:28:42,362 | INFO | Result content: {"code":"00","data":{"jancode_1":"9784003106211","jancode_2":"1920192009508","rfid":"E28069950000500810E84D3C"},"message":"変換に成功しました。"}

2022-07-21 15:28:46,683 | INFO | LOG

2022-07-21 15:28:50,349 | INFO | Start call API

2022-07-21 15:28:50,349 | INFO | RFID code: E28069950000500810E84D3C

2022-07-21 15:28:50,350 | INFO | API key: aip_rtsa_20220516_1

2022-07-21 15:28:50,350 | INFO | Try start

2022-07-21 15:28:50,350 | INFO | Try end

2022-07-21 15:28:50,350 | INFO | {"rfid":"E28069950000500810E84D3C","api_key":"aip_rtsa_20220516_1"}

2022-07-21 15:28:50,351 | INFO | Finally

2022-07-21 15:28:50,351 | INFO | POST API: {"rfid":"E28069950000500810E84D3C","api_key":"aip_rtsa_20220516_1"}

2022-07-21 15:28:50,353 | INFO | Result content: {"code":"00","data":{"jancode_1":"9784003106211","jancode_2":"1920192009508","rfid":"E28069950000500810E84D3C"},"message":"変換に成功しました。"}

2022-07-21 15:28:50,354 | INFO | Start call API

2022-07-21 15:28:50,355 | INFO | RFID code: E28069950000500810E7C53C

2022-07-21 15:28:50,355 | INFO | API key: aip_rtsa_20220516_1

2022-07-21 15:28:50,355 | INFO | Try start

2022-07-21 15:28:50,355 | INFO | Try end

2022-07-21 15:28:50,355 | INFO | {"rfid":"E28069950000500810E7C53C","api_key":"aip_rtsa_20220516_1"}

2022-07-21 15:28:50,355 | INFO | Finally

2022-07-21 15:28:50,356 | INFO | POST API: {"rfid":"E28069950000500810E7C53C","api_key":"aip_rtsa_20220516_1"}

2022-07-21 15:28:50,363 | INFO | Result content: {"code":"00","data":{"jancode_1":"9784344409996","jancode_2":"1920195005330","rfid":"E28069950000500810E7C53C"},"message":"変換に成功しました。"}

2022-07-21 15:28:55,148 | INFO | Start call API

2022-07-21 15:28:55,148 | INFO | RFID code: E28069950000500810E7C53C

2022-07-21 15:28:55,149 | INFO | API key: aip_rtsa_20220516_1

2022-07-21 15:28:55,149 | INFO | Try start

2022-07-21 15:28:55,149 | INFO | Try end

2022-07-21 15:28:55,149 | INFO | {"rfid":"E28069950000500810E7C53C","api_key":"aip_rtsa_20220516_1"}

2022-07-21 15:28:55,149 | INFO | Finally

2022-07-21 15:28:55,150 | INFO | POST API: {"rfid":"E28069950000500810E7C53C","api_key":"aip_rtsa_20220516_1"}

2022-07-21 15:28:55,155 | INFO | Result content: {"code":"00","data":{"jancode_1":"9784344409996","jancode_2":"1920195005330","rfid":"E28069950000500810E7C53C"},"message":"変換に成功しました。"}

2022-07-21 15:28:55,939 | INFO | Start call API

2022-07-21 15:28:55,939 | INFO | RFID code: E28069950000500810E84D3C

2022-07-21 15:28:55,940 | INFO | API key: aip_rtsa_20220516_1

2022-07-21 15:28:55,940 | INFO | Try start

2022-07-21 15:28:55,940 | INFO | Try end

2022-07-21 15:28:55,940 | INFO | {"rfid":"E28069950000500810E84D3C","api_key":"aip_rtsa_20220516_1"}

2022-07-21 15:28:55,940 | INFO | Finally

2022-07-21 15:28:55,941 | INFO | POST API: {"rfid":"E28069950000500810E84D3C","api_key":"aip_rtsa_20220516_1"}

2022-07-21 15:28:55,947 | INFO | Result content: {"code":"00","data":{"jancode_1":"9784003106211","jancode_2":"1920192009508","rfid":"E28069950000500810E84D3C"},"message":"変換に成功しました。"}

2022-07-21 15:28:59,937 | INFO | Start call API

2022-07-21 15:28:59,937 | INFO | RFID code: E28069950000500810E7C53C

2022-07-21 15:28:59,938 | INFO | API key: aip_rtsa_20220516_1

2022-07-21 15:28:59,938 | INFO | Try start

2022-07-21 15:28:59,938 | INFO | Try end

2022-07-21 15:28:59,938 | INFO | {"rfid":"E28069950000500810E7C53C","api_key":"aip_rtsa_20220516_1"}

2022-07-21 15:28:59,938 | INFO | Finally

2022-07-21 15:28:59,939 | INFO | POST API: {"rfid":"E28069950000500810E7C53C","api_key":"aip_rtsa_20220516_1"}

2022-07-21 15:28:59,944 | INFO | Result content: {"code":"00","data":{"jancode_1":"9784344409996","jancode_2":"1920195005330","rfid":"E28069950000500810E7C53C"},"message":"変換に成功しました。"}

2022-07-21 15:29:12,981 | INFO | Start call API

2022-07-21 15:29:12,982 | INFO | RFID code: E28069950000500810E7C53C

2022-07-21 15:29:12,982 | INFO | API key: aip_rtsa_20220516_1

2022-07-21 15:29:12,983 | INFO | Try start

2022-07-21 15:29:12,983 | INFO | Try end

2022-07-21 15:29:12,983 | INFO | {"rfid":"E28069950000500810E7C53C","api_key":"aip_rtsa_20220516_1"}

2022-07-21 15:29:12,984 | INFO | Finally

2022-07-21 15:29:12,984 | INFO | POST API: {"rfid":"E28069950000500810E7C53C","api_key":"aip_rtsa_20220516_1"}

2022-07-21 15:29:12,990 | INFO | Result content: {"code":"00","data":{"jancode_1":"9784344409996","jancode_2":"1920195005330","rfid":"E28069950000500810E7C53C"},"message":"変換に成功しました。"}

2022-07-21 15:29:15,379 | INFO | Start call API

2022-07-21 15:29:15,379 | INFO | RFID code: E28069950000500810E84D3C

2022-07-21 15:29:15,379 | INFO | API key: aip_rtsa_20220516_1

2022-07-21 15:29:15,380 | INFO | Try start

2022-07-21 15:29:15,380 | INFO | Try end

2022-07-21 15:29:15,380 | INFO | {"rfid":"E28069950000500810E84D3C","api_key":"aip_rtsa_20220516_1"}

2022-07-21 15:29:15,380 | INFO | Finally

2022-07-21 15:29:15,380 | INFO | POST API: {"rfid":"E28069950000500810E84D3C","api_key":"aip_rtsa_20220516_1"}

2022-07-21 15:29:15,388 | INFO | Result content: {"code":"00","data":{"jancode_1":"9784003106211","jancode_2":"1920192009508","rfid":"E28069950000500810E84D3C"},"message":"変換に成功しました。"}

2022-07-21 15:29:38,584 | INFO | Start call API

2022-07-21 15:29:38,585 | INFO | RFID code: E28069950000500810E84D3C

2022-07-21 15:29:38,585 | INFO | API key: aip_rtsa_20220516_1

2022-07-21 15:29:38,585 | INFO | Try start

2022-07-21 15:29:38,586 | INFO | Try end

2022-07-21 15:29:38,586 | INFO | {"rfid":"E28069950000500810E84D3C","api_key":"aip_rtsa_20220516_1"}

2022-07-21 15:29:38,586 | INFO | Finally

2022-07-21 15:29:38,586 | INFO | POST API: {"rfid":"E28069950000500810E84D3C","api_key":"aip_rtsa_20220516_1"}

2022-07-21 15:29:38,594 | INFO | Result content: {"code":"00","data":{"jancode_1":"9784003106211","jancode_2":"1920192009508","rfid":"E28069950000500810E84D3C"},"message":"変換に成功しました。"}

2022-07-21 15:29:44,103 | INFO | Start call API

2022-07-21 15:29:44,103 | INFO | RFID code: E28069950000500810E84D3C

2022-07-21 15:29:44,104 | INFO | API key: aip_rtsa_20220516_1

2022-07-21 15:29:44,104 | INFO | Try start

2022-07-21 15:29:44,104 | INFO | Try end

2022-07-21 15:29:44,104 | INFO | {"rfid":"E28069950000500810E84D3C","api_key":"aip_rtsa_20220516_1"}

2022-07-21 15:29:44,104 | INFO | Finally

2022-07-21 15:29:44,104 | INFO | POST API: {"rfid":"E28069950000500810E84D3C","api_key":"aip_rtsa_20220516_1"}

2022-07-21 15:29:44,111 | INFO | Result content: {"code":"00","data":{"jancode_1":"9784003106211","jancode_2":"1920192009508","rfid":"E28069950000500810E84D3C"},"message":"変換に成功しました。"}

2022-07-21 15:30:03,446 | INFO | LOG

2022-07-21 15:30:07,377 | INFO | Start call API

2022-07-21 15:30:07,377 | INFO | RFID code: E28069950000500810E84D3C

2022-07-21 15:30:07,378 | INFO | API key: aip_rtsa_20220516_1

2022-07-21 15:30:07,378 | INFO | Try start

2022-07-21 15:30:07,449 | INFO | Try end

2022-07-21 15:30:07,449 | INFO | {"rfid":"E28069950000500810E84D3C","api_key":"aip_rtsa_20220516_1"}

2022-07-21 15:30:07,450 | INFO | Finally

2022-07-21 15:30:07,450 | INFO | POST API: {"rfid":"E28069950000500810E84D3C","api_key":"aip_rtsa_20220516_1"}

2022-07-21 15:30:07,556 | INFO | Result content: {"code":"00","data":{"jancode_1":"9784003106211","jancode_2":"1920192009508","rfid":"E28069950000500810E84D3C"},"message":"変換に成功しました。"}

2022-07-21 15:30:10,552 | INFO | Start call API

2022-07-21 15:30:10,552 | INFO | RFID code: E28069950000500810E7C53C

2022-07-21 15:30:10,553 | INFO | API key: aip_rtsa_20220516_1

2022-07-21 15:30:10,553 | INFO | Try start

2022-07-21 15:30:10,553 | INFO | Try end

2022-07-21 15:30:10,554 | INFO | {"rfid":"E28069950000500810E7C53C","api_key":"aip_rtsa_20220516_1"}

2022-07-21 15:30:10,554 | INFO | Finally

2022-07-21 15:30:10,554 | INFO | POST API: {"rfid":"E28069950000500810E7C53C","api_key":"aip_rtsa_20220516_1"}

2022-07-21 15:30:10,560 | INFO | Result content: {"code":"00","data":{"jancode_1":"9784344409996","jancode_2":"1920195005330","rfid":"E28069950000500810E7C53C"},"message":"変換に成功しました。"}

2022-07-21 15:30:18,545 | INFO | Start call API

2022-07-21 15:30:18,546 | INFO | RFID code: E28069950000500810E84D3C

2022-07-21 15:30:18,546 | INFO | API key: aip_rtsa_20220516_1

2022-07-21 15:30:18,546 | INFO | Try start

2022-07-21 15:30:18,547 | INFO | Try end

2022-07-21 15:30:18,547 | INFO | {"rfid":"E28069950000500810E84D3C","api_key":"aip_rtsa_20220516_1"}

2022-07-21 15:30:18,547 | INFO | Finally

2022-07-21 15:30:18,548 | INFO | POST API: {"rfid":"E28069950000500810E84D3C","api_key":"aip_rtsa_20220516_1"}

2022-07-21 15:30:18,553 | INFO | Result content: {"code":"00","data":{"jancode_1":"9784003106211","jancode_2":"1920192009508","rfid":"E28069950000500810E84D3C"},"message":"変換に成功しました。"}

2022-07-21 15:31:21,624 | INFO | Start call API

2022-07-21 15:31:21,624 | INFO | RFID code: E28069950000500810E84D3C

2022-07-21 15:31:21,625 | INFO | API key: aip_rtsa_20220516_1

2022-07-21 15:31:21,625 | INFO | Try start

2022-07-21 15:31:21,625 | INFO | Try end

2022-07-21 15:31:21,625 | INFO | {"rfid":"E28069950000500810E84D3C","api_key":"aip_rtsa_20220516_1"}

2022-07-21 15:31:21,626 | INFO | Finally

2022-07-21 15:31:21,626 | INFO | POST API: {"rfid":"E28069950000500810E84D3C","api_key":"aip_rtsa_20220516_1"}

2022-07-21 15:31:21,633 | INFO | Result content: {"code":"00","data":{"jancode_1":"9784003106211","jancode_2":"1920192009508","rfid":"E28069950000500810E84D3C"},"message":"変換に成功しました。"}

2022-07-21 15:31:21,634 | INFO | Start call API

2022-07-21 15:31:21,634 | INFO | RFID code: E28069950000500810E7C53C

2022-07-21 15:31:21,634 | INFO | API key: aip_rtsa_20220516_1

2022-07-21 15:31:21,634 | INFO | Try start

2022-07-21 15:31:21,635 | INFO | Try end

2022-07-21 15:31:21,635 | INFO | {"rfid":"E28069950000500810E7C53C","api_key":"aip_rtsa_20220516_1"}

2022-07-21 15:31:21,635 | INFO | Finally

2022-07-21 15:31:21,635 | INFO | POST API: {"rfid":"E28069950000500810E7C53C","api_key":"aip_rtsa_20220516_1"}

2022-07-21 15:31:21,641 | INFO | Result content: {"code":"00","data":{"jancode_1":"9784344409996","jancode_2":"1920195005330","rfid":"E28069950000500810E7C53C"},"message":"変換に成功しました。"}

2022-07-21 15:33:41,781 | INFO | Start call API

2022-07-21 15:33:41,782 | INFO | RFID code: E28069950000500810E84D3C

2022-07-21 15:33:41,782 | INFO | API key: aip_rtsa_20220516_1

2022-07-21 15:33:41,782 | INFO | Try start

2022-07-21 15:33:41,782 | INFO | Try end

2022-07-21 15:33:41,783 | INFO | {"rfid":"E28069950000500810E84D3C","api_key":"aip_rtsa_20220516_1"}

2022-07-21 15:33:41,783 | INFO | Finally

2022-07-21 15:33:41,783 | INFO | POST API: {"rfid":"E28069950000500810E84D3C","api_key":"aip_rtsa_20220516_1"}

2022-07-21 15:33:41,791 | INFO | Result content: {"code":"00","data":{"jancode_1":"9784003106211","jancode_2":"1920192009508","rfid":"E28069950000500810E84D3C"},"message":"変換に成功しました。"}

2022-07-21 16:21:25,406 | INFO | LOG

2022-07-21 16:21:30,819 | INFO | Start call API

2022-07-21 16:21:30,819 | INFO | RFID code: E28069950000500810E7C53C

2022-07-21 16:21:30,819 | INFO | API key: aip_rtsa_20220516_1

2022-07-21 16:21:30,819 | INFO | Try start

2022-07-21 16:21:30,896 | INFO | Try end

2022-07-21 16:21:30,896 | INFO | {"rfid":"E28069950000500810E7C53C","api_key":"aip_rtsa_20220516_1"}

2022-07-21 16:21:30,896 | INFO | Finally

2022-07-21 16:21:30,896 | INFO | POST API: {"rfid":"E28069950000500810E7C53C","api_key":"aip_rtsa_20220516_1"}

2022-07-21 16:21:31,001 | INFO | Result content: {"code":"00","data":{"jancode_1":"9784344409996","jancode_2":"1920195005330","rfid":"E28069950000500810E7C53C"},"message":"変換に成功しました。"}

