2022-09-09 14:05:02,136 | INFO | Start GET API GATE SETTING.

2022-09-09 14:05:02,755 | INFO | Is use checkpoint gate: 1

2022-09-09 14:05:02,757 | INFO | Start GET TOKEN API.

2022-09-09 14:05:02,757 | INFO | GET TOKEN API: Uri gate: http://192.168.127.2:8080/api/

2022-09-09 14:05:02,758 | INFO | GET TOKEN API: Username: checkpoint - Password: checkpoint

2022-09-09 14:05:03,768 | INFO | GET TOKEN API: Result Content: {"tokenType":"Bearer","accessToken":"eyJhbGciOiJIUzUxMiJ9.eyJzdWIiOiJjaGVja3BvaW50IiwiaWF0IjoxNjYyNjk5ODcwLCJleHAiOjE2NjI3ODYyNzB9.IxEvYL-4fmJFPJqgDiW63bPaJNaenA3LXhjFqoS7dyv9QInvuQEr1WUSJcgdlSKzKO9zfeWKhVqChuzUrswxsg"}

2022-09-09 14:05:03,768 | INFO | GET TOKEN API: Token: Bearer eyJhbGciOiJIUzUxMiJ9.eyJzdWIiOiJjaGVja3BvaW50IiwiaWF0IjoxNjYyNjk5ODcwLCJleHAiOjE2NjI3ODYyNzB9.IxEvYL-4fmJFPJqgDiW63bPaJNaenA3LXhjFqoS7dyv9QInvuQEr1WUSJcgdlSKzKO9zfeWKhVqChuzUrswxsg

2022-09-09 14:05:16,230 | INFO | Start UNLOAD GATE API.

2022-09-09 14:05:16,230 | INFO | UNLOAD GATE API: IP Gate: http://192.168.127.2:8080/api/

2022-09-09 14:05:16,231 | INFO | UNLOAD GATE API: Num of RFIDS: 3

2022-09-09 14:05:16,231 | INFO | UNLOAD GATE API: rf: 00DD20220702000058000149

2022-09-09 14:05:16,233 | INFO | UNLOAD GATE API: RFID code: 00DD20220702000058000149

2022-09-09 14:05:16,617 | INFO | UNLOAD GATE API: Result Content: {"code":"200","message":"1 EPC Removed from Inventoy"}

2022-09-09 14:05:16,617 | INFO | UNLOAD GATE API: Remove RFID 00DD20220702000058000149

2022-09-09 14:05:16,618 | INFO | UNLOAD GATE API: rf: 00DD20220702000058000230

2022-09-09 14:05:16,618 | INFO | UNLOAD GATE API: RFID code: 00DD20220702000058000230

2022-09-09 14:05:16,656 | INFO | UNLOAD GATE API: Result Content: {"code":"200","message":"1 EPC Removed from Inventoy"}

2022-09-09 14:05:16,656 | INFO | UNLOAD GATE API: Remove RFID 00DD20220702000058000230

2022-09-09 14:05:16,657 | INFO | UNLOAD GATE API: rf: 00DD20220702000058000118

2022-09-09 14:05:16,657 | INFO | UNLOAD GATE API: RFID code: 00DD20220702000058000118

2022-09-09 14:05:16,689 | INFO | UNLOAD GATE API: Result Content: {"code":"200","message":"1 EPC Removed from Inventoy"}

2022-09-09 14:05:16,690 | INFO | UNLOAD GATE API: Remove RFID 00DD20220702000058000118

