2022-07-14 17:21:39,965 | INFO | LOG

2022-07-14 17:21:40,851 | INFO | Start call API

2022-07-14 17:21:40,852 | INFO | RFID code: E28069950000500810E8353C

2022-07-14 17:21:40,852 | INFO | API key: aip_rtsa_20220516_1

2022-07-14 17:21:40,852 | INFO | Try start

2022-07-14 17:21:41,068 | INFO | Try end

2022-07-14 17:21:41,069 | INFO | {"rfid":"E28069950000500810E8353C","api_key":"aip_rtsa_20220516_1"}

2022-07-14 17:21:41,069 | INFO | Finally

2022-07-14 17:21:41,069 | INFO | POST API: {"rfid":"E28069950000500810E8353C","api_key":"aip_rtsa_20220516_1"}

2022-07-14 17:21:41,244 | INFO | Result content: {"code":"00","data":{"jancode_1":"9784093033169","jancode_2":"1922377015007","rfid":"E28069950000500810E8353C"},"message":"変換に成功しました。"}

2022-07-14 18:11:32,169 | INFO | LOG

2022-07-14 18:11:32,957 | INFO | Start call API

2022-07-14 18:11:32,958 | INFO | RFID code: E28069950000500810E8353C

2022-07-14 18:11:32,958 | INFO | API key: aip_rtsa_20220516_1

2022-07-14 18:11:32,958 | INFO | Try start

2022-07-14 18:11:33,029 | INFO | Try end

2022-07-14 18:11:33,029 | INFO | {"rfid":"E28069950000500810E8353C","api_key":"aip_rtsa_20220516_1"}

2022-07-14 18:11:33,030 | INFO | Finally

2022-07-14 18:11:33,030 | INFO | POST API: {"rfid":"E28069950000500810E8353C","api_key":"aip_rtsa_20220516_1"}

2022-07-14 18:11:33,134 | INFO | Result content: {"code":"00","data":{"jancode_1":"9784093033169","jancode_2":"1922377015007","rfid":"E28069950000500810E8353C"},"message":"変換に成功しました。"}

2022-07-14 18:11:36,943 | INFO | Start call API

2022-07-14 18:11:36,943 | INFO | RFID code: E28069950000500810E78D3C

2022-07-14 18:11:36,944 | INFO | API key: aip_rtsa_20220516_1

2022-07-14 18:11:36,944 | INFO | Try start

2022-07-14 18:11:36,945 | INFO | Try end

2022-07-14 18:11:36,945 | INFO | {"rfid":"E28069950000500810E78D3C","api_key":"aip_rtsa_20220516_1"}

2022-07-14 18:11:36,945 | INFO | Finally

2022-07-14 18:11:36,945 | INFO | POST API: {"rfid":"E28069950000500810E78D3C","api_key":"aip_rtsa_20220516_1"}

2022-07-14 18:11:36,959 | INFO | Result content: {"code":"00","data":{"jancode_1":"9784048866583","jancode_2":"1920193005509","rfid":"E28069950000500810E78D3C"},"message":"変換に成功しました。"}

2022-07-14 18:11:42,529 | INFO | Start call API

2022-07-14 18:11:42,530 | INFO | RFID code: E28069950000500810E8353C

2022-07-14 18:11:42,530 | INFO | API key: aip_rtsa_20220516_1

2022-07-14 18:11:42,531 | INFO | Try start

2022-07-14 18:11:42,531 | INFO | Try end

2022-07-14 18:11:42,531 | INFO | {"rfid":"E28069950000500810E8353C","api_key":"aip_rtsa_20220516_1"}

2022-07-14 18:11:42,531 | INFO | Finally

2022-07-14 18:11:42,531 | INFO | POST API: {"rfid":"E28069950000500810E8353C","api_key":"aip_rtsa_20220516_1"}

2022-07-14 18:11:42,536 | INFO | Result content: {"code":"00","data":{"jancode_1":"9784093033169","jancode_2":"1922377015007","rfid":"E28069950000500810E8353C"},"message":"変換に成功しました。"}

2022-07-14 18:11:48,956 | INFO | Start call API

2022-07-14 18:11:48,957 | INFO | RFID code: E28069950000500810E8353C

2022-07-14 18:11:48,957 | INFO | API key: aip_rtsa_20220516_1

2022-07-14 18:11:48,957 | INFO | Try start

2022-07-14 18:11:48,957 | INFO | Try end

2022-07-14 18:11:48,958 | INFO | {"rfid":"E28069950000500810E8353C","api_key":"aip_rtsa_20220516_1"}

2022-07-14 18:11:48,958 | INFO | Finally

2022-07-14 18:11:48,958 | INFO | POST API: {"rfid":"E28069950000500810E8353C","api_key":"aip_rtsa_20220516_1"}

2022-07-14 18:11:48,963 | INFO | Result content: {"code":"00","data":{"jancode_1":"9784093033169","jancode_2":"1922377015007","rfid":"E28069950000500810E8353C"},"message":"変換に成功しました。"}

2022-07-14 18:11:51,355 | INFO | Start call API

2022-07-14 18:11:51,355 | INFO | RFID code: E28069950000500810E78D3C

2022-07-14 18:11:51,355 | INFO | API key: aip_rtsa_20220516_1

2022-07-14 18:11:51,356 | INFO | Try start

2022-07-14 18:11:51,356 | INFO | Try end

2022-07-14 18:11:51,356 | INFO | {"rfid":"E28069950000500810E78D3C","api_key":"aip_rtsa_20220516_1"}

2022-07-14 18:11:51,356 | INFO | Finally

2022-07-14 18:11:51,356 | INFO | POST API: {"rfid":"E28069950000500810E78D3C","api_key":"aip_rtsa_20220516_1"}

2022-07-14 18:11:51,364 | INFO | Result content: {"code":"00","data":{"jancode_1":"9784048866583","jancode_2":"1920193005509","rfid":"E28069950000500810E78D3C"},"message":"変換に成功しました。"}

2022-07-14 18:22:22,719 | INFO | LOG

2022-07-14 18:22:37,801 | INFO | Start call API

2022-07-14 18:22:37,802 | INFO | RFID code: E28069950000400810E79D3C

2022-07-14 18:22:37,802 | INFO | API key: aip_rtsa_20220516_1

2022-07-14 18:22:37,802 | INFO | Try start

2022-07-14 18:22:37,874 | INFO | Try end

2022-07-14 18:22:37,875 | INFO | {"rfid":"E28069950000400810E79D3C","api_key":"aip_rtsa_20220516_1"}

2022-07-14 18:22:37,875 | INFO | Finally

2022-07-14 18:22:37,875 | INFO | POST API: {"rfid":"E28069950000400810E79D3C","api_key":"aip_rtsa_20220516_1"}

2022-07-14 18:22:37,996 | INFO | Result content: {"code":"00","data":{"jancode_1":"9784891005153","jancode_2":"1923055038004","rfid":"E28069950000400810E79D3C"},"message":"変換に成功しました。"}

2022-07-14 18:22:38,034 | INFO | Start call API

2022-07-14 18:22:38,034 | INFO | RFID code: E28069950000400810E8CD3C

2022-07-14 18:22:38,035 | INFO | API key: aip_rtsa_20220516_1

2022-07-14 18:22:38,035 | INFO | Try start

2022-07-14 18:22:38,036 | INFO | Try end

2022-07-14 18:22:38,036 | INFO | {"rfid":"E28069950000400810E8CD3C","api_key":"aip_rtsa_20220516_1"}

2022-07-14 18:22:38,036 | INFO | Finally

2022-07-14 18:22:38,036 | INFO | POST API: {"rfid":"E28069950000400810E8CD3C","api_key":"aip_rtsa_20220516_1"}

2022-07-14 18:22:38,041 | INFO | Result content: {"code":"00","data":{"jancode_1":"9784774148915","jancode_2":"1923055027800","rfid":"E28069950000400810E8CD3C"},"message":"変換に成功しました。"}

2022-07-14 18:22:38,045 | INFO | Start call API

2022-07-14 18:22:38,046 | INFO | RFID code: E28069950000400810E8E93C

2022-07-14 18:22:38,046 | INFO | API key: aip_rtsa_20220516_1

2022-07-14 18:22:38,046 | INFO | Try start

2022-07-14 18:22:38,046 | INFO | Try end

2022-07-14 18:22:38,046 | INFO | {"rfid":"E28069950000400810E8E93C","api_key":"aip_rtsa_20220516_1"}

2022-07-14 18:22:38,047 | INFO | Finally

2022-07-14 18:22:38,047 | INFO | POST API: {"rfid":"E28069950000400810E8E93C","api_key":"aip_rtsa_20220516_1"}

2022-07-14 18:22:38,051 | INFO | Result content: {"code":"00","data":{"jancode_1":"9784062771306","jancode_2":"1920193005714","rfid":"E28069950000400810E8E93C"},"message":"変換に成功しました。"}

