2022-09-27 17:51:30,225 | INFO | Start GET API GATE SETTING.

2022-09-27 17:51:30,838 | INFO | Is use checkpoint gate: 1

2022-09-27 17:51:30,841 | INFO | Start GET TOKEN API.

2022-09-27 17:51:30,841 | INFO | GET TOKEN API: Uri gate: http://192.168.127.2:8080/api/

2022-09-27 17:51:30,841 | INFO | GET TOKEN API: Username: checkpoint - Password: checkpoint

2022-09-27 17:51:31,932 | INFO | GET TOKEN API: Result Content: {"accessToken":"eyJhbGciOiJIUzUxMiJ9.eyJzdWIiOiJjaGVja3BvaW50IiwiaWF0IjoxNjY0MjY4NjQ1LCJleHAiOjE2NjQzNTUwNDV9.Ch1EDQb1xgH8xRVVFNIH0-5Z1PiYaAiImeWTIdw7RhCSc1gdH6y7mzbjTAbMKMVTDVtm-HBhn15_AMaqvvNurw","tokenType":"Bearer"}

2022-09-27 17:51:31,933 | INFO | GET TOKEN API: Token: Bearer eyJhbGciOiJIUzUxMiJ9.eyJzdWIiOiJjaGVja3BvaW50IiwiaWF0IjoxNjY0MjY4NjQ1LCJleHAiOjE2NjQzNTUwNDV9.Ch1EDQb1xgH8xRVVFNIH0-5Z1PiYaAiImeWTIdw7RhCSc1gdH6y7mzbjTAbMKMVTDVtm-HBhn15_AMaqvvNurw

2022-09-27 17:51:45,997 | INFO | Start UNLOAD GATE API.

2022-09-27 17:51:45,998 | INFO | UNLOAD GATE API: IP Gate: http://192.168.127.2:8080/api/

2022-09-27 17:51:45,998 | INFO | UNLOAD GATE API: Num of RFIDS: 5

2022-09-27 17:51:45,998 | INFO | UNLOAD GATE API: rf: 00DD20220702000058000290

2022-09-27 17:51:46,000 | INFO | UNLOAD GATE API: RFID code: 00DD20220702000058000290

2022-09-27 17:51:46,402 | INFO | UNLOAD GATE API: Result Content: {"code":"200","message":"1 EPC Removed from Inventoy"}

2022-09-27 17:51:46,402 | INFO | UNLOAD GATE API: Remove RFID 00DD20220702000058000290

2022-09-27 17:51:46,402 | INFO | UNLOAD GATE API: rf: 00DD20220702000058000230

2022-09-27 17:51:46,402 | INFO | UNLOAD GATE API: RFID code: 00DD20220702000058000230

2022-09-27 17:51:46,439 | INFO | UNLOAD GATE API: Result Content: {"code":"200","message":"1 EPC Removed from Inventoy"}

2022-09-27 17:51:46,439 | INFO | UNLOAD GATE API: Remove RFID 00DD20220702000058000230

2022-09-27 17:51:46,439 | INFO | UNLOAD GATE API: rf: 00DD20220702000058000149

2022-09-27 17:51:46,439 | INFO | UNLOAD GATE API: RFID code: 00DD20220702000058000149

2022-09-27 17:51:46,487 | INFO | UNLOAD GATE API: Result Content: {"code":"200","message":"1 EPC Removed from Inventoy"}

2022-09-27 17:51:46,487 | INFO | UNLOAD GATE API: Remove RFID 00DD20220702000058000149

2022-09-27 17:51:46,487 | INFO | UNLOAD GATE API: rf: 00DD20220702000058000118

2022-09-27 17:51:46,488 | INFO | UNLOAD GATE API: RFID code: 00DD20220702000058000118

2022-09-27 17:51:46,523 | INFO | UNLOAD GATE API: Result Content: {"code":"200","message":"1 EPC Removed from Inventoy"}

2022-09-27 17:51:46,523 | INFO | UNLOAD GATE API: Remove RFID 00DD20220702000058000118

2022-09-27 17:51:46,524 | INFO | UNLOAD GATE API: rf: 00DD20220702000058000142

2022-09-27 17:51:46,524 | INFO | UNLOAD GATE API: RFID code: 00DD20220702000058000142

2022-09-27 17:51:46,562 | INFO | UNLOAD GATE API: Result Content: {"code":"200","message":"1 EPC Removed from Inventoy"}

2022-09-27 17:51:46,562 | INFO | UNLOAD GATE API: Remove RFID 00DD20220702000058000142

