2022-07-10 13:09:44,726 | INFO | LOG

2022-07-10 13:09:45,500 | INFO | Start call API

2022-07-10 13:09:45,500 | INFO | RFID code: 3083FB63AC1F3841EC880467

2022-07-10 13:09:45,500 | INFO | API key: aip_rtsa_20220516_1

2022-07-10 13:09:45,500 | INFO | Try start

2022-07-10 13:09:45,574 | INFO | Try end

2022-07-10 13:09:45,575 | INFO | {"rfid":"3083FB63AC1F3841EC880467","api_key":"aip_rtsa_20220516_1"}

2022-07-10 13:09:45,575 | INFO | Finally

2022-07-10 13:09:45,575 | INFO | POST API: {"rfid":"3083FB63AC1F3841EC880467","api_key":"aip_rtsa_20220516_1"}

2022-07-10 13:09:45,679 | INFO | Result content: {"code":"00","data":{"jancode_1":"2001990000382","jancode_2":"","rfid":"3083FB63AC1F3841EC880467"},"message":"変換に成功しました。"}

2022-07-10 13:10:17,216 | INFO | Start call API

2022-07-10 13:10:17,217 | INFO | RFID code: 3083FB63AC1F3841EC880467

2022-07-10 13:10:17,217 | INFO | API key: aip_rtsa_20220516_1

2022-07-10 13:10:17,217 | INFO | Try start

2022-07-10 13:10:17,218 | INFO | Try end

2022-07-10 13:10:17,218 | INFO | {"rfid":"3083FB63AC1F3841EC880467","api_key":"aip_rtsa_20220516_1"}

2022-07-10 13:10:17,218 | INFO | Finally

2022-07-10 13:10:17,218 | INFO | POST API: {"rfid":"3083FB63AC1F3841EC880467","api_key":"aip_rtsa_20220516_1"}

2022-07-10 13:10:17,234 | INFO | Result content: {"code":"00","data":{"jancode_1":"2001990000382","jancode_2":"","rfid":"3083FB63AC1F3841EC880467"},"message":"変換に成功しました。"}

2022-07-10 13:10:59,776 | INFO | LOG

2022-07-10 13:11:00,552 | INFO | Start call API

2022-07-10 13:11:00,552 | INFO | RFID code: 3083FB63AC1F3841EC880467

2022-07-10 13:11:00,552 | INFO | API key: aip_rtsa_20220516_1

2022-07-10 13:11:00,552 | INFO | Try start

2022-07-10 13:11:00,623 | INFO | Try end

2022-07-10 13:11:00,624 | INFO | {"rfid":"3083FB63AC1F3841EC880467","api_key":"aip_rtsa_20220516_1"}

2022-07-10 13:11:00,624 | INFO | Finally

2022-07-10 13:11:00,624 | INFO | POST API: {"rfid":"3083FB63AC1F3841EC880467","api_key":"aip_rtsa_20220516_1"}

2022-07-10 13:11:00,700 | INFO | Result content: {"code":"00","data":{"jancode_1":"2001990000382","jancode_2":"","rfid":"3083FB63AC1F3841EC880467"},"message":"変換に成功しました。"}

2022-07-10 13:13:36,924 | INFO | LOG

2022-07-10 13:13:37,635 | INFO | Start call API

2022-07-10 13:13:37,635 | INFO | RFID code: 3083FB63AC1F3841EC880467

2022-07-10 13:13:37,635 | INFO | API key: aip_rtsa_20220516_1

2022-07-10 13:13:37,636 | INFO | Try start

2022-07-10 13:13:37,706 | INFO | Try end

2022-07-10 13:13:37,706 | INFO | {"rfid":"3083FB63AC1F3841EC880467","api_key":"aip_rtsa_20220516_1"}

2022-07-10 13:13:37,706 | INFO | Finally

2022-07-10 13:13:37,706 | INFO | POST API: {"rfid":"3083FB63AC1F3841EC880467","api_key":"aip_rtsa_20220516_1"}

2022-07-10 13:13:37,778 | INFO | Result content: {"code":"00","data":{"jancode_1":"2001990000382","jancode_2":"","rfid":"3083FB63AC1F3841EC880467"},"message":"変換に成功しました。"}

2022-07-10 13:14:33,583 | INFO | Start call API

2022-07-10 13:14:33,584 | INFO | RFID code: 3083FB63AC1F3841EC880467

2022-07-10 13:14:33,584 | INFO | API key: aip_rtsa_20220516_1

2022-07-10 13:14:33,584 | INFO | Try start

2022-07-10 13:14:33,584 | INFO | Try end

2022-07-10 13:14:33,584 | INFO | {"rfid":"3083FB63AC1F3841EC880467","api_key":"aip_rtsa_20220516_1"}

2022-07-10 13:14:33,585 | INFO | Finally

2022-07-10 13:14:33,585 | INFO | POST API: {"rfid":"3083FB63AC1F3841EC880467","api_key":"aip_rtsa_20220516_1"}

2022-07-10 13:14:33,594 | INFO | Result content: {"code":"00","data":{"jancode_1":"2001990000382","jancode_2":"","rfid":"3083FB63AC1F3841EC880467"},"message":"変換に成功しました。"}

2022-07-10 13:27:16,495 | INFO | LOG

2022-07-10 13:27:17,231 | INFO | Start call API

2022-07-10 13:27:17,231 | INFO | RFID code: 3083FB63AC1F3841EC880467

2022-07-10 13:27:17,231 | INFO | API key: aip_rtsa_20220516_1

2022-07-10 13:27:17,231 | INFO | Try start

2022-07-10 13:27:17,304 | INFO | Try end

2022-07-10 13:27:17,305 | INFO | {"rfid":"3083FB63AC1F3841EC880467","api_key":"aip_rtsa_20220516_1"}

2022-07-10 13:27:17,305 | INFO | Finally

2022-07-10 13:27:17,305 | INFO | POST API: {"rfid":"3083FB63AC1F3841EC880467","api_key":"aip_rtsa_20220516_1"}

2022-07-10 13:27:17,376 | INFO | Result content: {"code":"00","data":{"jancode_1":"2001990000382","jancode_2":"","rfid":"3083FB63AC1F3841EC880467"},"message":"変換に成功しました。"}

2022-07-10 13:27:38,832 | INFO | Start call API

2022-07-10 13:27:38,833 | INFO | RFID code: 3083FB63AC1F3841EC880467

2022-07-10 13:27:38,833 | INFO | API key: aip_rtsa_20220516_1

2022-07-10 13:27:38,834 | INFO | Try start

2022-07-10 13:27:38,834 | INFO | Try end

2022-07-10 13:27:38,834 | INFO | {"rfid":"3083FB63AC1F3841EC880467","api_key":"aip_rtsa_20220516_1"}

2022-07-10 13:27:38,834 | INFO | Finally

2022-07-10 13:27:38,834 | INFO | POST API: {"rfid":"3083FB63AC1F3841EC880467","api_key":"aip_rtsa_20220516_1"}

2022-07-10 13:27:38,848 | INFO | Result content: {"code":"00","data":{"jancode_1":"2001990000382","jancode_2":"","rfid":"3083FB63AC1F3841EC880467"},"message":"変換に成功しました。"}

2022-07-10 13:28:11,733 | INFO | Start call API

2022-07-10 13:28:11,734 | INFO | RFID code: 3083FB63AC1F3841EC880467

2022-07-10 13:28:11,734 | INFO | API key: aip_rtsa_20220516_1

2022-07-10 13:28:11,734 | INFO | Try start

2022-07-10 13:28:11,735 | INFO | Try end

2022-07-10 13:28:11,735 | INFO | {"rfid":"3083FB63AC1F3841EC880467","api_key":"aip_rtsa_20220516_1"}

2022-07-10 13:28:11,735 | INFO | Finally

2022-07-10 13:28:11,735 | INFO | POST API: {"rfid":"3083FB63AC1F3841EC880467","api_key":"aip_rtsa_20220516_1"}

2022-07-10 13:28:11,746 | INFO | Result content: {"code":"00","data":{"jancode_1":"2001990000382","jancode_2":"","rfid":"3083FB63AC1F3841EC880467"},"message":"変換に成功しました。"}

2022-07-10 13:28:52,507 | INFO | LOG

2022-07-10 13:28:53,376 | INFO | Start call API

2022-07-10 13:28:53,376 | INFO | RFID code: 3083FB63AC1F3841EC880467

2022-07-10 13:28:53,376 | INFO | API key: aip_rtsa_20220516_1

2022-07-10 13:28:53,377 | INFO | Try start

2022-07-10 13:28:53,447 | INFO | Try end

2022-07-10 13:28:53,447 | INFO | {"rfid":"3083FB63AC1F3841EC880467","api_key":"aip_rtsa_20220516_1"}

2022-07-10 13:28:53,447 | INFO | Finally

2022-07-10 13:28:53,447 | INFO | POST API: {"rfid":"3083FB63AC1F3841EC880467","api_key":"aip_rtsa_20220516_1"}

2022-07-10 13:28:53,542 | INFO | Result content: {"code":"00","data":{"jancode_1":"2001990000382","jancode_2":"","rfid":"3083FB63AC1F3841EC880467"},"message":"変換に成功しました。"}

2022-07-10 13:29:55,646 | INFO | Start call API

2022-07-10 13:29:55,647 | INFO | RFID code: 3083FB63AC1F3841EC880467

2022-07-10 13:29:55,647 | INFO | API key: aip_rtsa_20220516_1

2022-07-10 13:29:55,647 | INFO | Try start

2022-07-10 13:29:55,648 | INFO | Try end

2022-07-10 13:29:55,648 | INFO | {"rfid":"3083FB63AC1F3841EC880467","api_key":"aip_rtsa_20220516_1"}

2022-07-10 13:29:55,648 | INFO | Finally

2022-07-10 13:29:55,648 | INFO | POST API: {"rfid":"3083FB63AC1F3841EC880467","api_key":"aip_rtsa_20220516_1"}

2022-07-10 13:29:55,660 | INFO | Result content: {"code":"00","data":{"jancode_1":"2001990000382","jancode_2":"","rfid":"3083FB63AC1F3841EC880467"},"message":"変換に成功しました。"}

2022-07-10 13:30:29,214 | INFO | Start call API

2022-07-10 13:30:29,215 | INFO | RFID code: 3083FB63AC1F3841EC880467

2022-07-10 13:30:29,215 | INFO | API key: aip_rtsa_20220516_1

2022-07-10 13:30:29,215 | INFO | Try start

2022-07-10 13:30:29,216 | INFO | Try end

2022-07-10 13:30:29,216 | INFO | {"rfid":"3083FB63AC1F3841EC880467","api_key":"aip_rtsa_20220516_1"}

2022-07-10 13:30:29,217 | INFO | Finally

2022-07-10 13:30:29,217 | INFO | POST API: {"rfid":"3083FB63AC1F3841EC880467","api_key":"aip_rtsa_20220516_1"}

2022-07-10 13:30:29,223 | INFO | Result content: {"code":"00","data":{"jancode_1":"2001990000382","jancode_2":"","rfid":"3083FB63AC1F3841EC880467"},"message":"変換に成功しました。"}

2022-07-10 13:30:55,022 | INFO | Start call API

2022-07-10 13:30:55,023 | INFO | RFID code: 3083FB63AC1F3841EC880467

2022-07-10 13:30:55,023 | INFO | API key: aip_rtsa_20220516_1

2022-07-10 13:30:55,023 | INFO | Try start

2022-07-10 13:30:55,023 | INFO | Try end

2022-07-10 13:30:55,024 | INFO | {"rfid":"3083FB63AC1F3841EC880467","api_key":"aip_rtsa_20220516_1"}

2022-07-10 13:30:55,024 | INFO | Finally

2022-07-10 13:30:55,024 | INFO | POST API: {"rfid":"3083FB63AC1F3841EC880467","api_key":"aip_rtsa_20220516_1"}

2022-07-10 13:30:55,032 | INFO | Result content: {"code":"00","data":{"jancode_1":"2001990000382","jancode_2":"","rfid":"3083FB63AC1F3841EC880467"},"message":"変換に成功しました。"}

2022-07-10 13:31:07,769 | INFO | Start call API

2022-07-10 13:31:07,770 | INFO | RFID code: 3083FB63AC1F3841EC880467

2022-07-10 13:31:07,770 | INFO | API key: aip_rtsa_20220516_1

2022-07-10 13:31:07,771 | INFO | Try start

2022-07-10 13:31:07,771 | INFO | Try end

2022-07-10 13:31:07,771 | INFO | {"rfid":"3083FB63AC1F3841EC880467","api_key":"aip_rtsa_20220516_1"}

2022-07-10 13:31:07,771 | INFO | Finally

2022-07-10 13:31:07,771 | INFO | POST API: {"rfid":"3083FB63AC1F3841EC880467","api_key":"aip_rtsa_20220516_1"}

2022-07-10 13:31:07,777 | INFO | Result content: {"code":"00","data":{"jancode_1":"2001990000382","jancode_2":"","rfid":"3083FB63AC1F3841EC880467"},"message":"変換に成功しました。"}

2022-07-10 13:31:18,300 | INFO | Start call API

2022-07-10 13:31:18,301 | INFO | RFID code: 3083FB63AC1F3841EC880467

2022-07-10 13:31:18,301 | INFO | API key: aip_rtsa_20220516_1

2022-07-10 13:31:18,301 | INFO | Try start

2022-07-10 13:31:18,301 | INFO | Try end

2022-07-10 13:31:18,302 | INFO | {"rfid":"3083FB63AC1F3841EC880467","api_key":"aip_rtsa_20220516_1"}

2022-07-10 13:31:18,302 | INFO | Finally

2022-07-10 13:31:18,302 | INFO | POST API: {"rfid":"3083FB63AC1F3841EC880467","api_key":"aip_rtsa_20220516_1"}

2022-07-10 13:31:18,308 | INFO | Result content: {"code":"00","data":{"jancode_1":"2001990000382","jancode_2":"","rfid":"3083FB63AC1F3841EC880467"},"message":"変換に成功しました。"}

2022-07-10 13:31:25,486 | INFO | Start call API

2022-07-10 13:31:25,486 | INFO | RFID code: 3083FB63AC1F3841EC880467

2022-07-10 13:31:25,487 | INFO | API key: aip_rtsa_20220516_1

2022-07-10 13:31:25,487 | INFO | Try start

2022-07-10 13:31:25,487 | INFO | Try end

2022-07-10 13:31:25,487 | INFO | {"rfid":"3083FB63AC1F3841EC880467","api_key":"aip_rtsa_20220516_1"}

2022-07-10 13:31:25,488 | INFO | Finally

2022-07-10 13:31:25,488 | INFO | POST API: {"rfid":"3083FB63AC1F3841EC880467","api_key":"aip_rtsa_20220516_1"}

2022-07-10 13:31:25,492 | INFO | Result content: {"code":"00","data":{"jancode_1":"2001990000382","jancode_2":"","rfid":"3083FB63AC1F3841EC880467"},"message":"変換に成功しました。"}

2022-07-10 13:31:40,418 | INFO | Start call API

2022-07-10 13:31:40,420 | INFO | RFID code: 3083FB63AC1F3841EC880467

2022-07-10 13:31:40,420 | INFO | API key: aip_rtsa_20220516_1

2022-07-10 13:31:40,420 | INFO | Try start

2022-07-10 13:31:40,420 | INFO | Try end

2022-07-10 13:31:40,420 | INFO | {"rfid":"3083FB63AC1F3841EC880467","api_key":"aip_rtsa_20220516_1"}

2022-07-10 13:31:40,421 | INFO | Finally

2022-07-10 13:31:40,421 | INFO | POST API: {"rfid":"3083FB63AC1F3841EC880467","api_key":"aip_rtsa_20220516_1"}

2022-07-10 13:31:40,428 | INFO | Result content: {"code":"00","data":{"jancode_1":"2001990000382","jancode_2":"","rfid":"3083FB63AC1F3841EC880467"},"message":"変換に成功しました。"}

2022-07-10 13:31:47,529 | INFO | Start call API

2022-07-10 13:31:47,530 | INFO | RFID code: 3083FB63AC1F3841EC880467

2022-07-10 13:31:47,530 | INFO | API key: aip_rtsa_20220516_1

2022-07-10 13:31:47,531 | INFO | Try start

2022-07-10 13:31:47,531 | INFO | Try end

2022-07-10 13:31:47,531 | INFO | {"rfid":"3083FB63AC1F3841EC880467","api_key":"aip_rtsa_20220516_1"}

2022-07-10 13:31:47,531 | INFO | Finally

2022-07-10 13:31:47,532 | INFO | POST API: {"rfid":"3083FB63AC1F3841EC880467","api_key":"aip_rtsa_20220516_1"}

2022-07-10 13:31:47,537 | INFO | Result content: {"code":"00","data":{"jancode_1":"2001990000382","jancode_2":"","rfid":"3083FB63AC1F3841EC880467"},"message":"変換に成功しました。"}

2022-07-10 13:34:12,074 | INFO | LOG

2022-07-10 13:34:12,850 | INFO | Start call API

2022-07-10 13:34:12,851 | INFO | RFID code: 3083FB63AC1F3841EC880467

2022-07-10 13:34:12,851 | INFO | API key: aip_rtsa_20220516_1

2022-07-10 13:34:12,851 | INFO | Try start

2022-07-10 13:34:12,922 | INFO | Try end

2022-07-10 13:34:12,922 | INFO | {"rfid":"3083FB63AC1F3841EC880467","api_key":"aip_rtsa_20220516_1"}

2022-07-10 13:34:12,922 | INFO | Finally

2022-07-10 13:34:12,923 | INFO | POST API: {"rfid":"3083FB63AC1F3841EC880467","api_key":"aip_rtsa_20220516_1"}

2022-07-10 13:34:12,996 | INFO | Result content: {"code":"00","data":{"jancode_1":"2001990000382","jancode_2":"","rfid":"3083FB63AC1F3841EC880467"},"message":"変換に成功しました。"}

2022-07-10 13:34:59,783 | INFO | Start call API

2022-07-10 13:34:59,784 | INFO | RFID code: 3083FB63AC1F3841EC880467

2022-07-10 13:34:59,784 | INFO | API key: aip_rtsa_20220516_1

2022-07-10 13:34:59,784 | INFO | Try start

2022-07-10 13:34:59,784 | INFO | Try end

2022-07-10 13:34:59,784 | INFO | {"rfid":"3083FB63AC1F3841EC880467","api_key":"aip_rtsa_20220516_1"}

2022-07-10 13:34:59,785 | INFO | Finally

2022-07-10 13:34:59,785 | INFO | POST API: {"rfid":"3083FB63AC1F3841EC880467","api_key":"aip_rtsa_20220516_1"}

2022-07-10 13:34:59,790 | INFO | Result content: {"code":"00","data":{"jancode_1":"2001990000382","jancode_2":"","rfid":"3083FB63AC1F3841EC880467"},"message":"変換に成功しました。"}

2022-07-10 13:35:11,915 | INFO | Start call API

2022-07-10 13:35:11,916 | INFO | RFID code: 3083FB63AC1F3841EC880467

2022-07-10 13:35:11,916 | INFO | API key: aip_rtsa_20220516_1

2022-07-10 13:35:11,917 | INFO | Try start

2022-07-10 13:35:11,917 | INFO | Try end

2022-07-10 13:35:11,917 | INFO | {"rfid":"3083FB63AC1F3841EC880467","api_key":"aip_rtsa_20220516_1"}

2022-07-10 13:35:11,917 | INFO | Finally

2022-07-10 13:35:11,918 | INFO | POST API: {"rfid":"3083FB63AC1F3841EC880467","api_key":"aip_rtsa_20220516_1"}

2022-07-10 13:35:11,927 | INFO | Result content: {"code":"00","data":{"jancode_1":"2001990000382","jancode_2":"","rfid":"3083FB63AC1F3841EC880467"},"message":"変換に成功しました。"}

2022-07-10 13:35:19,724 | INFO | Start call API

2022-07-10 13:35:19,724 | INFO | RFID code: 3083FB63AC1F3841EC880467

2022-07-10 13:35:19,725 | INFO | API key: aip_rtsa_20220516_1

2022-07-10 13:35:19,725 | INFO | Try start

2022-07-10 13:35:19,725 | INFO | Try end

2022-07-10 13:35:19,725 | INFO | {"rfid":"3083FB63AC1F3841EC880467","api_key":"aip_rtsa_20220516_1"}

2022-07-10 13:35:19,725 | INFO | Finally

2022-07-10 13:35:19,726 | INFO | POST API: {"rfid":"3083FB63AC1F3841EC880467","api_key":"aip_rtsa_20220516_1"}

2022-07-10 13:35:19,731 | INFO | Result content: {"code":"00","data":{"jancode_1":"2001990000382","jancode_2":"","rfid":"3083FB63AC1F3841EC880467"},"message":"変換に成功しました。"}

2022-07-10 13:35:55,632 | INFO | Start call API

2022-07-10 13:35:55,633 | INFO | RFID code: 3083FB63AC1F3841EC880467

2022-07-10 13:35:55,633 | INFO | API key: aip_rtsa_20220516_1

2022-07-10 13:35:55,633 | INFO | Try start

2022-07-10 13:35:55,633 | INFO | Try end

2022-07-10 13:35:55,634 | INFO | {"rfid":"3083FB63AC1F3841EC880467","api_key":"aip_rtsa_20220516_1"}

2022-07-10 13:35:55,634 | INFO | Finally

2022-07-10 13:35:55,634 | INFO | POST API: {"rfid":"3083FB63AC1F3841EC880467","api_key":"aip_rtsa_20220516_1"}

2022-07-10 13:35:55,641 | INFO | Result content: {"code":"00","data":{"jancode_1":"2001990000382","jancode_2":"","rfid":"3083FB63AC1F3841EC880467"},"message":"変換に成功しました。"}

2022-07-10 13:36:07,450 | INFO | Start call API

2022-07-10 13:36:07,450 | INFO | RFID code: 3083FB63AC1F3841EC880467

2022-07-10 13:36:07,451 | INFO | API key: aip_rtsa_20220516_1

2022-07-10 13:36:07,451 | INFO | Try start

2022-07-10 13:36:07,451 | INFO | Try end

2022-07-10 13:36:07,451 | INFO | {"rfid":"3083FB63AC1F3841EC880467","api_key":"aip_rtsa_20220516_1"}

2022-07-10 13:36:07,451 | INFO | Finally

2022-07-10 13:36:07,452 | INFO | POST API: {"rfid":"3083FB63AC1F3841EC880467","api_key":"aip_rtsa_20220516_1"}

2022-07-10 13:36:07,462 | INFO | Result content: {"code":"00","data":{"jancode_1":"2001990000382","jancode_2":"","rfid":"3083FB63AC1F3841EC880467"},"message":"変換に成功しました。"}

2022-07-10 13:39:15,596 | INFO | LOG

2022-07-10 13:39:16,308 | INFO | Start call API

2022-07-10 13:39:16,308 | INFO | RFID code: 3083FB63AC1F3841EC880467

2022-07-10 13:39:16,309 | INFO | API key: aip_rtsa_20220516_1

2022-07-10 13:39:16,309 | INFO | Try start

2022-07-10 13:39:16,379 | INFO | Try end

2022-07-10 13:39:16,379 | INFO | {"rfid":"3083FB63AC1F3841EC880467","api_key":"aip_rtsa_20220516_1"}

2022-07-10 13:39:16,379 | INFO | Finally

2022-07-10 13:39:16,379 | INFO | POST API: {"rfid":"3083FB63AC1F3841EC880467","api_key":"aip_rtsa_20220516_1"}

2022-07-10 13:39:16,453 | INFO | Result content: {"code":"00","data":{"jancode_1":"2001990000382","jancode_2":"","rfid":"3083FB63AC1F3841EC880467"},"message":"変換に成功しました。"}

2022-07-10 13:39:32,024 | INFO | Start call API

2022-07-10 13:39:32,024 | INFO | RFID code: 3083FB63AC1F3841EC880467

2022-07-10 13:39:32,025 | INFO | API key: aip_rtsa_20220516_1

2022-07-10 13:39:32,025 | INFO | Try start

2022-07-10 13:39:32,025 | INFO | Try end

2022-07-10 13:39:32,025 | INFO | {"rfid":"3083FB63AC1F3841EC880467","api_key":"aip_rtsa_20220516_1"}

2022-07-10 13:39:32,026 | INFO | Finally

2022-07-10 13:39:32,026 | INFO | POST API: {"rfid":"3083FB63AC1F3841EC880467","api_key":"aip_rtsa_20220516_1"}

2022-07-10 13:39:32,031 | INFO | Result content: {"code":"00","data":{"jancode_1":"2001990000382","jancode_2":"","rfid":"3083FB63AC1F3841EC880467"},"message":"変換に成功しました。"}

2022-07-10 13:39:59,833 | INFO | Start call API

2022-07-10 13:39:59,834 | INFO | RFID code: 3083FB63AC1F3841EC880467

2022-07-10 13:39:59,834 | INFO | API key: aip_rtsa_20220516_1

2022-07-10 13:39:59,834 | INFO | Try start

2022-07-10 13:39:59,835 | INFO | Try end

2022-07-10 13:39:59,835 | INFO | {"rfid":"3083FB63AC1F3841EC880467","api_key":"aip_rtsa_20220516_1"}

2022-07-10 13:39:59,835 | INFO | Finally

2022-07-10 13:39:59,835 | INFO | POST API: {"rfid":"3083FB63AC1F3841EC880467","api_key":"aip_rtsa_20220516_1"}

2022-07-10 13:39:59,841 | INFO | Result content: {"code":"00","data":{"jancode_1":"2001990000382","jancode_2":"","rfid":"3083FB63AC1F3841EC880467"},"message":"変換に成功しました。"}

2022-07-10 13:42:12,146 | INFO | LOG

2022-07-10 13:42:12,880 | INFO | Start call API

2022-07-10 13:42:12,881 | INFO | RFID code: 3083FB63AC1F3841EC880467

2022-07-10 13:42:12,881 | INFO | API key: aip_rtsa_20220516_1

2022-07-10 13:42:12,881 | INFO | Try start

2022-07-10 13:42:12,953 | INFO | Try end

2022-07-10 13:42:12,953 | INFO | {"rfid":"3083FB63AC1F3841EC880467","api_key":"aip_rtsa_20220516_1"}

2022-07-10 13:42:12,954 | INFO | Finally

2022-07-10 13:42:12,954 | INFO | POST API: {"rfid":"3083FB63AC1F3841EC880467","api_key":"aip_rtsa_20220516_1"}

2022-07-10 13:42:13,027 | INFO | Result content: {"code":"00","data":{"jancode_1":"2001990000382","jancode_2":"","rfid":"3083FB63AC1F3841EC880467"},"message":"変換に成功しました。"}

2022-07-10 13:42:36,869 | INFO | Start call API

2022-07-10 13:42:36,870 | INFO | RFID code: 3083FB63AC1F3841EC880467

2022-07-10 13:42:36,870 | INFO | API key: aip_rtsa_20220516_1

2022-07-10 13:42:36,870 | INFO | Try start

2022-07-10 13:42:36,871 | INFO | Try end

2022-07-10 13:42:36,871 | INFO | {"rfid":"3083FB63AC1F3841EC880467","api_key":"aip_rtsa_20220516_1"}

2022-07-10 13:42:36,871 | INFO | Finally

2022-07-10 13:42:36,872 | INFO | POST API: {"rfid":"3083FB63AC1F3841EC880467","api_key":"aip_rtsa_20220516_1"}

2022-07-10 13:42:36,882 | INFO | Result content: {"code":"00","data":{"jancode_1":"2001990000382","jancode_2":"","rfid":"3083FB63AC1F3841EC880467"},"message":"変換に成功しました。"}

2022-07-10 13:42:58,566 | INFO | Start call API

2022-07-10 13:42:58,566 | INFO | RFID code: 3083FB63AC1F3841EC880467

2022-07-10 13:42:58,566 | INFO | API key: aip_rtsa_20220516_1

2022-07-10 13:42:58,567 | INFO | Try start

2022-07-10 13:42:58,567 | INFO | Try end

2022-07-10 13:42:58,567 | INFO | {"rfid":"3083FB63AC1F3841EC880467","api_key":"aip_rtsa_20220516_1"}

2022-07-10 13:42:58,567 | INFO | Finally

2022-07-10 13:42:58,568 | INFO | POST API: {"rfid":"3083FB63AC1F3841EC880467","api_key":"aip_rtsa_20220516_1"}

2022-07-10 13:42:58,575 | INFO | Result content: {"code":"00","data":{"jancode_1":"2001990000382","jancode_2":"","rfid":"3083FB63AC1F3841EC880467"},"message":"変換に成功しました。"}

2022-07-10 13:43:06,519 | INFO | Start call API

2022-07-10 13:43:06,519 | INFO | RFID code: 3083FB63AC1F3841EC880467

2022-07-10 13:43:06,520 | INFO | API key: aip_rtsa_20220516_1

2022-07-10 13:43:06,520 | INFO | Try start

2022-07-10 13:43:06,520 | INFO | Try end

2022-07-10 13:43:06,520 | INFO | {"rfid":"3083FB63AC1F3841EC880467","api_key":"aip_rtsa_20220516_1"}

2022-07-10 13:43:06,521 | INFO | Finally

2022-07-10 13:43:06,521 | INFO | POST API: {"rfid":"3083FB63AC1F3841EC880467","api_key":"aip_rtsa_20220516_1"}

2022-07-10 13:43:06,526 | INFO | Result content: {"code":"00","data":{"jancode_1":"2001990000382","jancode_2":"","rfid":"3083FB63AC1F3841EC880467"},"message":"変換に成功しました。"}

2022-07-10 13:43:38,146 | INFO | LOG

2022-07-10 13:43:38,874 | INFO | Start call API

2022-07-10 13:43:38,875 | INFO | RFID code: 3083FB63AC1F3841EC880467

2022-07-10 13:43:38,875 | INFO | API key: aip_rtsa_20220516_1

2022-07-10 13:43:38,875 | INFO | Try start

2022-07-10 13:43:38,947 | INFO | Try end

2022-07-10 13:43:38,947 | INFO | {"rfid":"3083FB63AC1F3841EC880467","api_key":"aip_rtsa_20220516_1"}

2022-07-10 13:43:38,948 | INFO | Finally

2022-07-10 13:43:38,948 | INFO | POST API: {"rfid":"3083FB63AC1F3841EC880467","api_key":"aip_rtsa_20220516_1"}

2022-07-10 13:43:39,021 | INFO | Result content: {"code":"00","data":{"jancode_1":"2001990000382","jancode_2":"","rfid":"3083FB63AC1F3841EC880467"},"message":"変換に成功しました。"}

2022-07-10 13:43:56,452 | INFO | Start call API

2022-07-10 13:43:56,452 | INFO | RFID code: 3083FB63AC1F3841EC880467

2022-07-10 13:43:56,453 | INFO | API key: aip_rtsa_20220516_1

2022-07-10 13:43:56,453 | INFO | Try start

2022-07-10 13:43:56,453 | INFO | Try end

2022-07-10 13:43:56,453 | INFO | {"rfid":"3083FB63AC1F3841EC880467","api_key":"aip_rtsa_20220516_1"}

2022-07-10 13:43:56,453 | INFO | Finally

2022-07-10 13:43:56,454 | INFO | POST API: {"rfid":"3083FB63AC1F3841EC880467","api_key":"aip_rtsa_20220516_1"}

2022-07-10 13:43:56,467 | INFO | Result content: {"code":"00","data":{"jancode_1":"2001990000382","jancode_2":"","rfid":"3083FB63AC1F3841EC880467"},"message":"変換に成功しました。"}

2022-07-10 13:59:50,553 | INFO | LOG

2022-07-10 13:59:51,278 | INFO | Start call API

2022-07-10 13:59:51,279 | INFO | RFID code: 3083FB63AC1F3841EC880467

2022-07-10 13:59:51,279 | INFO | API key: aip_rtsa_20220516_1

2022-07-10 13:59:51,279 | INFO | Try start

2022-07-10 13:59:51,349 | INFO | Try end

2022-07-10 13:59:51,350 | INFO | {"rfid":"3083FB63AC1F3841EC880467","api_key":"aip_rtsa_20220516_1"}

2022-07-10 13:59:51,350 | INFO | Finally

2022-07-10 13:59:51,350 | INFO | POST API: {"rfid":"3083FB63AC1F3841EC880467","api_key":"aip_rtsa_20220516_1"}

2022-07-10 13:59:51,428 | INFO | Result content: {"code":"00","data":{"jancode_1":"2001990000382","jancode_2":"","rfid":"3083FB63AC1F3841EC880467"},"message":"変換に成功しました。"}

2022-07-10 14:01:05,499 | INFO | Start call API

2022-07-10 14:01:05,499 | INFO | RFID code: 3083FB63AC1F3841EC880467

2022-07-10 14:01:05,499 | INFO | API key: aip_rtsa_20220516_1

2022-07-10 14:01:05,500 | INFO | Try start

2022-07-10 14:01:05,500 | INFO | Try end

2022-07-10 14:01:05,500 | INFO | {"rfid":"3083FB63AC1F3841EC880467","api_key":"aip_rtsa_20220516_1"}

2022-07-10 14:01:05,500 | INFO | Finally

2022-07-10 14:01:05,501 | INFO | POST API: {"rfid":"3083FB63AC1F3841EC880467","api_key":"aip_rtsa_20220516_1"}

2022-07-10 14:01:05,515 | INFO | Result content: {"code":"00","data":{"jancode_1":"2001990000382","jancode_2":"","rfid":"3083FB63AC1F3841EC880467"},"message":"変換に成功しました。"}

2022-07-10 14:02:07,791 | INFO | Start call API

2022-07-10 14:02:07,792 | INFO | RFID code: 3083FB63AC1F3841EC880467

2022-07-10 14:02:07,792 | INFO | API key: aip_rtsa_20220516_1

2022-07-10 14:02:07,792 | INFO | Try start

2022-07-10 14:02:07,793 | INFO | Try end

2022-07-10 14:02:07,793 | INFO | {"rfid":"3083FB63AC1F3841EC880467","api_key":"aip_rtsa_20220516_1"}

2022-07-10 14:02:07,793 | INFO | Finally

2022-07-10 14:02:07,793 | INFO | POST API: {"rfid":"3083FB63AC1F3841EC880467","api_key":"aip_rtsa_20220516_1"}

2022-07-10 14:02:07,812 | INFO | Result content: {"code":"00","data":{"jancode_1":"2001990000382","jancode_2":"","rfid":"3083FB63AC1F3841EC880467"},"message":"変換に成功しました。"}

2022-07-10 14:02:18,358 | INFO | Start call API

2022-07-10 14:02:18,359 | INFO | RFID code: 3083FB63AC1F3841EC880467

2022-07-10 14:02:18,359 | INFO | API key: aip_rtsa_20220516_1

2022-07-10 14:02:18,359 | INFO | Try start

2022-07-10 14:02:18,360 | INFO | Try end

2022-07-10 14:02:18,360 | INFO | {"rfid":"3083FB63AC1F3841EC880467","api_key":"aip_rtsa_20220516_1"}

2022-07-10 14:02:18,360 | INFO | Finally

2022-07-10 14:02:18,360 | INFO | POST API: {"rfid":"3083FB63AC1F3841EC880467","api_key":"aip_rtsa_20220516_1"}

2022-07-10 14:02:18,371 | INFO | Result content: {"code":"00","data":{"jancode_1":"2001990000382","jancode_2":"","rfid":"3083FB63AC1F3841EC880467"},"message":"変換に成功しました。"}

2022-07-10 18:18:01,121 | INFO | LOG

2022-07-10 18:18:01,882 | INFO | Start call API

2022-07-10 18:18:01,882 | INFO | RFID code: 3083FB63AC1F3841EC880467

2022-07-10 18:18:01,883 | INFO | API key: aip_rtsa_20220516_1

2022-07-10 18:18:01,883 | INFO | Try start

2022-07-10 18:18:01,955 | INFO | Try end

2022-07-10 18:18:01,956 | INFO | {"rfid":"3083FB63AC1F3841EC880467","api_key":"aip_rtsa_20220516_1"}

2022-07-10 18:18:01,956 | INFO | Finally

2022-07-10 18:18:01,956 | INFO | POST API: {"rfid":"3083FB63AC1F3841EC880467","api_key":"aip_rtsa_20220516_1"}

2022-07-10 18:18:02,026 | INFO | Result content: {"code":"00","data":{"jancode_1":"2001990000382","jancode_2":"","rfid":"3083FB63AC1F3841EC880467"},"message":"変換に成功しました。"}

2022-07-10 18:18:41,050 | INFO | Start call API

2022-07-10 18:18:41,051 | INFO | RFID code: 3083FB63AC1F3841EC880467

2022-07-10 18:18:41,051 | INFO | API key: aip_rtsa_20220516_1

2022-07-10 18:18:41,051 | INFO | Try start

2022-07-10 18:18:41,051 | INFO | Try end

2022-07-10 18:18:41,052 | INFO | {"rfid":"3083FB63AC1F3841EC880467","api_key":"aip_rtsa_20220516_1"}

2022-07-10 18:18:41,052 | INFO | Finally

2022-07-10 18:18:41,052 | INFO | POST API: {"rfid":"3083FB63AC1F3841EC880467","api_key":"aip_rtsa_20220516_1"}

2022-07-10 18:18:41,057 | INFO | Result content: {"code":"00","data":{"jancode_1":"2001990000382","jancode_2":"","rfid":"3083FB63AC1F3841EC880467"},"message":"変換に成功しました。"}

2022-07-10 18:19:59,017 | INFO | Start call API

2022-07-10 18:19:59,017 | INFO | RFID code: 3083FB63AC1F3841EC880467

2022-07-10 18:19:59,018 | INFO | API key: aip_rtsa_20220516_1

2022-07-10 18:19:59,018 | INFO | Try start

2022-07-10 18:19:59,018 | INFO | Try end

2022-07-10 18:19:59,018 | INFO | {"rfid":"3083FB63AC1F3841EC880467","api_key":"aip_rtsa_20220516_1"}

2022-07-10 18:19:59,019 | INFO | Finally

2022-07-10 18:19:59,019 | INFO | POST API: {"rfid":"3083FB63AC1F3841EC880467","api_key":"aip_rtsa_20220516_1"}

2022-07-10 18:19:59,023 | INFO | Result content: {"code":"00","data":{"jancode_1":"2001990000382","jancode_2":"","rfid":"3083FB63AC1F3841EC880467"},"message":"変換に成功しました。"}

2022-07-10 18:20:07,530 | INFO | Start call API

2022-07-10 18:20:07,531 | INFO | RFID code: 3083FB63AC1F3841EC880467

2022-07-10 18:20:07,531 | INFO | API key: aip_rtsa_20220516_1

2022-07-10 18:20:07,531 | INFO | Try start

2022-07-10 18:20:07,531 | INFO | Try end

2022-07-10 18:20:07,531 | INFO | {"rfid":"3083FB63AC1F3841EC880467","api_key":"aip_rtsa_20220516_1"}

2022-07-10 18:20:07,532 | INFO | Finally

2022-07-10 18:20:07,532 | INFO | POST API: {"rfid":"3083FB63AC1F3841EC880467","api_key":"aip_rtsa_20220516_1"}

2022-07-10 18:20:07,544 | INFO | Result content: {"code":"00","data":{"jancode_1":"2001990000382","jancode_2":"","rfid":"3083FB63AC1F3841EC880467"},"message":"変換に成功しました。"}

2022-07-10 18:23:15,865 | INFO | LOG

2022-07-10 18:23:16,607 | INFO | Start call API

2022-07-10 18:23:16,607 | INFO | RFID code: 3083FB63AC1F3841EC880467

2022-07-10 18:23:16,607 | INFO | API key: aip_rtsa_20220516_1

2022-07-10 18:23:16,607 | INFO | Try start

2022-07-10 18:23:16,679 | INFO | Try end

2022-07-10 18:23:16,680 | INFO | {"rfid":"3083FB63AC1F3841EC880467","api_key":"aip_rtsa_20220516_1"}

2022-07-10 18:23:16,680 | INFO | Finally

2022-07-10 18:23:16,680 | INFO | POST API: {"rfid":"3083FB63AC1F3841EC880467","api_key":"aip_rtsa_20220516_1"}

2022-07-10 18:23:16,752 | INFO | Result content: {"code":"00","data":{"jancode_1":"2001990000382","jancode_2":"","rfid":"3083FB63AC1F3841EC880467"},"message":"変換に成功しました。"}

2022-07-10 18:23:48,610 | INFO | Start call API

2022-07-10 18:23:48,610 | INFO | RFID code: 3083FB63AC1F3841EC880467

2022-07-10 18:23:48,611 | INFO | API key: aip_rtsa_20220516_1

2022-07-10 18:23:48,611 | INFO | Try start

2022-07-10 18:23:48,611 | INFO | Try end

2022-07-10 18:23:48,611 | INFO | {"rfid":"3083FB63AC1F3841EC880467","api_key":"aip_rtsa_20220516_1"}

2022-07-10 18:23:48,611 | INFO | Finally

2022-07-10 18:23:48,612 | INFO | POST API: {"rfid":"3083FB63AC1F3841EC880467","api_key":"aip_rtsa_20220516_1"}

2022-07-10 18:23:48,617 | INFO | Result content: {"code":"00","data":{"jancode_1":"2001990000382","jancode_2":"","rfid":"3083FB63AC1F3841EC880467"},"message":"変換に成功しました。"}

2022-07-10 18:23:56,719 | INFO | Start call API

2022-07-10 18:23:56,720 | INFO | RFID code: 3083FB63AC1F3841EC880467

2022-07-10 18:23:56,720 | INFO | API key: aip_rtsa_20220516_1

2022-07-10 18:23:56,720 | INFO | Try start

2022-07-10 18:23:56,720 | INFO | Try end

2022-07-10 18:23:56,720 | INFO | {"rfid":"3083FB63AC1F3841EC880467","api_key":"aip_rtsa_20220516_1"}

2022-07-10 18:23:56,720 | INFO | Finally

2022-07-10 18:23:56,721 | INFO | POST API: {"rfid":"3083FB63AC1F3841EC880467","api_key":"aip_rtsa_20220516_1"}

2022-07-10 18:23:56,728 | INFO | Result content: {"code":"00","data":{"jancode_1":"2001990000382","jancode_2":"","rfid":"3083FB63AC1F3841EC880467"},"message":"変換に成功しました。"}

2022-07-10 18:29:05,742 | INFO | LOG

2022-07-10 18:29:06,492 | INFO | Start call API

2022-07-10 18:29:06,492 | INFO | RFID code: 3083FB63AC1F3841EC880467

2022-07-10 18:29:06,492 | INFO | API key: aip_rtsa_20220516_1

2022-07-10 18:29:06,493 | INFO | Try start

2022-07-10 18:29:06,562 | INFO | Try end

2022-07-10 18:29:06,563 | INFO | {"rfid":"3083FB63AC1F3841EC880467","api_key":"aip_rtsa_20220516_1"}

2022-07-10 18:29:06,563 | INFO | Finally

2022-07-10 18:29:06,563 | INFO | POST API: {"rfid":"3083FB63AC1F3841EC880467","api_key":"aip_rtsa_20220516_1"}

2022-07-10 18:29:06,639 | INFO | Result content: {"code":"00","data":{"jancode_1":"2001990000382","jancode_2":"","rfid":"3083FB63AC1F3841EC880467"},"message":"変換に成功しました。"}

2022-07-10 18:29:30,949 | INFO | Start call API

2022-07-10 18:29:30,950 | INFO | RFID code: 3083FB63AC1F3841EC880467

2022-07-10 18:29:30,950 | INFO | API key: aip_rtsa_20220516_1

2022-07-10 18:29:30,951 | INFO | Try start

2022-07-10 18:29:30,951 | INFO | Try end

2022-07-10 18:29:30,951 | INFO | {"rfid":"3083FB63AC1F3841EC880467","api_key":"aip_rtsa_20220516_1"}

2022-07-10 18:29:30,951 | INFO | Finally

2022-07-10 18:29:30,951 | INFO | POST API: {"rfid":"3083FB63AC1F3841EC880467","api_key":"aip_rtsa_20220516_1"}

2022-07-10 18:29:30,964 | INFO | Result content: {"code":"00","data":{"jancode_1":"2001990000382","jancode_2":"","rfid":"3083FB63AC1F3841EC880467"},"message":"変換に成功しました。"}

2022-07-10 18:29:38,732 | INFO | Start call API

2022-07-10 18:29:38,733 | INFO | RFID code: 3083FB63AC1F3841EC880467

2022-07-10 18:29:38,733 | INFO | API key: aip_rtsa_20220516_1

2022-07-10 18:29:38,733 | INFO | Try start

2022-07-10 18:29:38,734 | INFO | Try end

2022-07-10 18:29:38,734 | INFO | {"rfid":"3083FB63AC1F3841EC880467","api_key":"aip_rtsa_20220516_1"}

2022-07-10 18:29:38,734 | INFO | Finally

2022-07-10 18:29:38,734 | INFO | POST API: {"rfid":"3083FB63AC1F3841EC880467","api_key":"aip_rtsa_20220516_1"}

2022-07-10 18:29:38,742 | INFO | Result content: {"code":"00","data":{"jancode_1":"2001990000382","jancode_2":"","rfid":"3083FB63AC1F3841EC880467"},"message":"変換に成功しました。"}

2022-07-10 18:29:55,925 | INFO | Start call API

2022-07-10 18:29:55,926 | INFO | RFID code: 3083FB63AC1F3841EC880467

2022-07-10 18:29:55,926 | INFO | API key: aip_rtsa_20220516_1

2022-07-10 18:29:55,926 | INFO | Try start

2022-07-10 18:29:55,927 | INFO | Try end

2022-07-10 18:29:55,927 | INFO | {"rfid":"3083FB63AC1F3841EC880467","api_key":"aip_rtsa_20220516_1"}

2022-07-10 18:29:55,927 | INFO | Finally

2022-07-10 18:29:55,927 | INFO | POST API: {"rfid":"3083FB63AC1F3841EC880467","api_key":"aip_rtsa_20220516_1"}

2022-07-10 18:29:55,935 | INFO | Result content: {"code":"00","data":{"jancode_1":"2001990000382","jancode_2":"","rfid":"3083FB63AC1F3841EC880467"},"message":"変換に成功しました。"}

2022-07-10 18:30:03,663 | INFO | Start call API

2022-07-10 18:30:03,664 | INFO | RFID code: 3083FB63AC1F3841EC880467

2022-07-10 18:30:03,664 | INFO | API key: aip_rtsa_20220516_1

2022-07-10 18:30:03,664 | INFO | Try start

2022-07-10 18:30:03,664 | INFO | Try end

2022-07-10 18:30:03,665 | INFO | {"rfid":"3083FB63AC1F3841EC880467","api_key":"aip_rtsa_20220516_1"}

2022-07-10 18:30:03,665 | INFO | Finally

2022-07-10 18:30:03,665 | INFO | POST API: {"rfid":"3083FB63AC1F3841EC880467","api_key":"aip_rtsa_20220516_1"}

2022-07-10 18:30:03,670 | INFO | Result content: {"code":"00","data":{"jancode_1":"2001990000382","jancode_2":"","rfid":"3083FB63AC1F3841EC880467"},"message":"変換に成功しました。"}

2022-07-10 18:30:53,831 | INFO | Start call API

2022-07-10 18:30:53,832 | INFO | RFID code: 3083FB63AC1F3841EC880467

2022-07-10 18:30:53,832 | INFO | API key: aip_rtsa_20220516_1

2022-07-10 18:30:53,832 | INFO | Try start

2022-07-10 18:30:53,832 | INFO | Try end

2022-07-10 18:30:53,833 | INFO | {"rfid":"3083FB63AC1F3841EC880467","api_key":"aip_rtsa_20220516_1"}

2022-07-10 18:30:53,833 | INFO | Finally

2022-07-10 18:30:53,833 | INFO | POST API: {"rfid":"3083FB63AC1F3841EC880467","api_key":"aip_rtsa_20220516_1"}

2022-07-10 18:30:53,839 | INFO | Result content: {"code":"00","data":{"jancode_1":"2001990000382","jancode_2":"","rfid":"3083FB63AC1F3841EC880467"},"message":"変換に成功しました。"}

2022-07-10 18:31:21,841 | INFO | Start call API

2022-07-10 18:31:21,842 | INFO | RFID code: 3083FB63AC1F3841EC880467

2022-07-10 18:31:21,842 | INFO | API key: aip_rtsa_20220516_1

2022-07-10 18:31:21,842 | INFO | Try start

2022-07-10 18:31:21,842 | INFO | Try end

2022-07-10 18:31:21,843 | INFO | {"rfid":"3083FB63AC1F3841EC880467","api_key":"aip_rtsa_20220516_1"}

2022-07-10 18:31:21,843 | INFO | Finally

2022-07-10 18:31:21,843 | INFO | POST API: {"rfid":"3083FB63AC1F3841EC880467","api_key":"aip_rtsa_20220516_1"}

2022-07-10 18:31:21,856 | INFO | Result content: {"code":"00","data":{"jancode_1":"2001990000382","jancode_2":"","rfid":"3083FB63AC1F3841EC880467"},"message":"変換に成功しました。"}

2022-07-10 18:31:51,516 | INFO | Start call API

2022-07-10 18:31:51,516 | INFO | RFID code: 3083FB63AC1F3841EC880467

2022-07-10 18:31:51,516 | INFO | API key: aip_rtsa_20220516_1

2022-07-10 18:31:51,517 | INFO | Try start

2022-07-10 18:31:51,517 | INFO | Try end

2022-07-10 18:31:51,517 | INFO | {"rfid":"3083FB63AC1F3841EC880467","api_key":"aip_rtsa_20220516_1"}

2022-07-10 18:31:51,517 | INFO | Finally

2022-07-10 18:31:51,517 | INFO | POST API: {"rfid":"3083FB63AC1F3841EC880467","api_key":"aip_rtsa_20220516_1"}

2022-07-10 18:31:51,524 | INFO | Result content: {"code":"00","data":{"jancode_1":"2001990000382","jancode_2":"","rfid":"3083FB63AC1F3841EC880467"},"message":"変換に成功しました。"}

2022-07-10 18:31:59,224 | INFO | Start call API

2022-07-10 18:31:59,224 | INFO | RFID code: 3083FB63AC1F3841EC880467

2022-07-10 18:31:59,225 | INFO | API key: aip_rtsa_20220516_1

2022-07-10 18:31:59,225 | INFO | Try start

2022-07-10 18:31:59,225 | INFO | Try end

2022-07-10 18:31:59,225 | INFO | {"rfid":"3083FB63AC1F3841EC880467","api_key":"aip_rtsa_20220516_1"}

2022-07-10 18:31:59,225 | INFO | Finally

2022-07-10 18:31:59,226 | INFO | POST API: {"rfid":"3083FB63AC1F3841EC880467","api_key":"aip_rtsa_20220516_1"}

2022-07-10 18:31:59,239 | INFO | Result content: {"code":"00","data":{"jancode_1":"2001990000382","jancode_2":"","rfid":"3083FB63AC1F3841EC880467"},"message":"変換に成功しました。"}

2022-07-10 18:32:21,502 | INFO | Start call API

2022-07-10 18:32:21,503 | INFO | RFID code: 3083FB63AC1F3841EC880467

2022-07-10 18:32:21,503 | INFO | API key: aip_rtsa_20220516_1

2022-07-10 18:32:21,503 | INFO | Try start

2022-07-10 18:32:21,503 | INFO | Try end

2022-07-10 18:32:21,503 | INFO | {"rfid":"3083FB63AC1F3841EC880467","api_key":"aip_rtsa_20220516_1"}

2022-07-10 18:32:21,503 | INFO | Finally

2022-07-10 18:32:21,504 | INFO | POST API: {"rfid":"3083FB63AC1F3841EC880467","api_key":"aip_rtsa_20220516_1"}

2022-07-10 18:32:21,509 | INFO | Result content: {"code":"00","data":{"jancode_1":"2001990000382","jancode_2":"","rfid":"3083FB63AC1F3841EC880467"},"message":"変換に成功しました。"}

2022-07-10 18:32:27,745 | INFO | Start call API

2022-07-10 18:32:27,745 | INFO | RFID code: 3083FB63AC1F3841EC880467

2022-07-10 18:32:27,745 | INFO | API key: aip_rtsa_20220516_1

2022-07-10 18:32:27,746 | INFO | Try start

2022-07-10 18:32:27,746 | INFO | Try end

2022-07-10 18:32:27,746 | INFO | {"rfid":"3083FB63AC1F3841EC880467","api_key":"aip_rtsa_20220516_1"}

2022-07-10 18:32:27,746 | INFO | Finally

2022-07-10 18:32:27,747 | INFO | POST API: {"rfid":"3083FB63AC1F3841EC880467","api_key":"aip_rtsa_20220516_1"}

2022-07-10 18:32:27,754 | INFO | Result content: {"code":"00","data":{"jancode_1":"2001990000382","jancode_2":"","rfid":"3083FB63AC1F3841EC880467"},"message":"変換に成功しました。"}

2022-07-10 18:33:07,689 | INFO | Start call API

2022-07-10 18:33:07,690 | INFO | RFID code: 3083FB63AC1F3841EC880467

2022-07-10 18:33:07,690 | INFO | API key: aip_rtsa_20220516_1

2022-07-10 18:33:07,690 | INFO | Try start

2022-07-10 18:33:07,691 | INFO | Try end

2022-07-10 18:33:07,691 | INFO | {"rfid":"3083FB63AC1F3841EC880467","api_key":"aip_rtsa_20220516_1"}

2022-07-10 18:33:07,691 | INFO | Finally

2022-07-10 18:33:07,691 | INFO | POST API: {"rfid":"3083FB63AC1F3841EC880467","api_key":"aip_rtsa_20220516_1"}

2022-07-10 18:33:07,696 | INFO | Result content: {"code":"00","data":{"jancode_1":"2001990000382","jancode_2":"","rfid":"3083FB63AC1F3841EC880467"},"message":"変換に成功しました。"}

2022-07-10 18:34:04,535 | INFO | Start call API

2022-07-10 18:34:04,536 | INFO | RFID code: 3083FB63AC1F3841EC880467

2022-07-10 18:34:04,536 | INFO | API key: aip_rtsa_20220516_1

2022-07-10 18:34:04,536 | INFO | Try start

2022-07-10 18:34:04,536 | INFO | Try end

2022-07-10 18:34:04,537 | INFO | {"rfid":"3083FB63AC1F3841EC880467","api_key":"aip_rtsa_20220516_1"}

2022-07-10 18:34:04,537 | INFO | Finally

2022-07-10 18:34:04,537 | INFO | POST API: {"rfid":"3083FB63AC1F3841EC880467","api_key":"aip_rtsa_20220516_1"}

2022-07-10 18:34:04,543 | INFO | Result content: {"code":"00","data":{"jancode_1":"2001990000382","jancode_2":"","rfid":"3083FB63AC1F3841EC880467"},"message":"変換に成功しました。"}

2022-07-10 18:35:08,890 | INFO | Start call API

2022-07-10 18:35:08,891 | INFO | RFID code: 3083FB63AC1F3841EC880467

2022-07-10 18:35:08,891 | INFO | API key: aip_rtsa_20220516_1

2022-07-10 18:35:08,891 | INFO | Try start

2022-07-10 18:35:08,892 | INFO | Try end

2022-07-10 18:35:08,892 | INFO | {"rfid":"3083FB63AC1F3841EC880467","api_key":"aip_rtsa_20220516_1"}

2022-07-10 18:35:08,892 | INFO | Finally

2022-07-10 18:35:08,892 | INFO | POST API: {"rfid":"3083FB63AC1F3841EC880467","api_key":"aip_rtsa_20220516_1"}

2022-07-10 18:35:08,898 | INFO | Result content: {"code":"00","data":{"jancode_1":"2001990000382","jancode_2":"","rfid":"3083FB63AC1F3841EC880467"},"message":"変換に成功しました。"}

2022-07-10 18:35:39,840 | INFO | Start call API

2022-07-10 18:35:39,841 | INFO | RFID code: 3083FB63AC1F3841EC880467

2022-07-10 18:35:39,841 | INFO | API key: aip_rtsa_20220516_1

2022-07-10 18:35:39,841 | INFO | Try start

2022-07-10 18:35:39,841 | INFO | Try end

2022-07-10 18:35:39,842 | INFO | {"rfid":"3083FB63AC1F3841EC880467","api_key":"aip_rtsa_20220516_1"}

2022-07-10 18:35:39,842 | INFO | Finally

2022-07-10 18:35:39,842 | INFO | POST API: {"rfid":"3083FB63AC1F3841EC880467","api_key":"aip_rtsa_20220516_1"}

2022-07-10 18:35:39,856 | INFO | Result content: {"code":"00","data":{"jancode_1":"2001990000382","jancode_2":"","rfid":"3083FB63AC1F3841EC880467"},"message":"変換に成功しました。"}

2022-07-10 18:36:10,687 | INFO | Start call API

2022-07-10 18:36:10,687 | INFO | RFID code: 3083FB63AC1F3841EC880467

2022-07-10 18:36:10,687 | INFO | API key: aip_rtsa_20220516_1

2022-07-10 18:36:10,688 | INFO | Try start

2022-07-10 18:36:10,688 | INFO | Try end

2022-07-10 18:36:10,688 | INFO | {"rfid":"3083FB63AC1F3841EC880467","api_key":"aip_rtsa_20220516_1"}

2022-07-10 18:36:10,688 | INFO | Finally

2022-07-10 18:36:10,688 | INFO | POST API: {"rfid":"3083FB63AC1F3841EC880467","api_key":"aip_rtsa_20220516_1"}

2022-07-10 18:36:10,693 | INFO | Result content: {"code":"00","data":{"jancode_1":"2001990000382","jancode_2":"","rfid":"3083FB63AC1F3841EC880467"},"message":"変換に成功しました。"}

2022-07-10 18:36:25,240 | INFO | Start call API

2022-07-10 18:36:25,240 | INFO | RFID code: 3083FB63AC1F3841EC880467

2022-07-10 18:36:25,241 | INFO | API key: aip_rtsa_20220516_1

2022-07-10 18:36:25,241 | INFO | Try start

2022-07-10 18:36:25,242 | INFO | Try end

2022-07-10 18:36:25,242 | INFO | {"rfid":"3083FB63AC1F3841EC880467","api_key":"aip_rtsa_20220516_1"}

2022-07-10 18:36:25,242 | INFO | Finally

2022-07-10 18:36:25,243 | INFO | POST API: {"rfid":"3083FB63AC1F3841EC880467","api_key":"aip_rtsa_20220516_1"}

2022-07-10 18:36:25,252 | INFO | Result content: {"code":"00","data":{"jancode_1":"2001990000382","jancode_2":"","rfid":"3083FB63AC1F3841EC880467"},"message":"変換に成功しました。"}

2022-07-10 18:36:56,708 | INFO | Start call API

2022-07-10 18:36:56,709 | INFO | RFID code: 3083FB63AC1F3841EC880467

2022-07-10 18:36:56,709 | INFO | API key: aip_rtsa_20220516_1

2022-07-10 18:36:56,710 | INFO | Try start

2022-07-10 18:36:56,710 | INFO | Try end

2022-07-10 18:36:56,710 | INFO | {"rfid":"3083FB63AC1F3841EC880467","api_key":"aip_rtsa_20220516_1"}

2022-07-10 18:36:56,710 | INFO | Finally

2022-07-10 18:36:56,710 | INFO | POST API: {"rfid":"3083FB63AC1F3841EC880467","api_key":"aip_rtsa_20220516_1"}

2022-07-10 18:36:56,718 | INFO | Result content: {"code":"00","data":{"jancode_1":"2001990000382","jancode_2":"","rfid":"3083FB63AC1F3841EC880467"},"message":"変換に成功しました。"}

2022-07-10 18:37:26,823 | INFO | Start call API

2022-07-10 18:37:26,824 | INFO | RFID code: 3083FB63AC1F3841EC880467

2022-07-10 18:37:26,824 | INFO | API key: aip_rtsa_20220516_1

2022-07-10 18:37:26,824 | INFO | Try start

2022-07-10 18:37:26,824 | INFO | Try end

2022-07-10 18:37:26,824 | INFO | {"rfid":"3083FB63AC1F3841EC880467","api_key":"aip_rtsa_20220516_1"}

2022-07-10 18:37:26,825 | INFO | Finally

2022-07-10 18:37:26,825 | INFO | POST API: {"rfid":"3083FB63AC1F3841EC880467","api_key":"aip_rtsa_20220516_1"}

2022-07-10 18:37:26,838 | INFO | Result content: {"code":"00","data":{"jancode_1":"2001990000382","jancode_2":"","rfid":"3083FB63AC1F3841EC880467"},"message":"変換に成功しました。"}

2022-07-10 18:37:40,945 | INFO | Start call API

2022-07-10 18:37:40,945 | INFO | RFID code: 3083FB63AC1F3841EC880467

2022-07-10 18:37:40,946 | INFO | API key: aip_rtsa_20220516_1

2022-07-10 18:37:40,946 | INFO | Try start

2022-07-10 18:37:40,946 | INFO | Try end

2022-07-10 18:37:40,946 | INFO | {"rfid":"3083FB63AC1F3841EC880467","api_key":"aip_rtsa_20220516_1"}

2022-07-10 18:37:40,946 | INFO | Finally

2022-07-10 18:37:40,947 | INFO | POST API: {"rfid":"3083FB63AC1F3841EC880467","api_key":"aip_rtsa_20220516_1"}

2022-07-10 18:37:40,952 | INFO | Result content: {"code":"00","data":{"jancode_1":"2001990000382","jancode_2":"","rfid":"3083FB63AC1F3841EC880467"},"message":"変換に成功しました。"}

2022-07-10 18:39:50,148 | INFO | LOG

2022-07-10 18:39:50,908 | INFO | Start call API

2022-07-10 18:39:50,909 | INFO | RFID code: 3083FB63AC1F3841EC880467

2022-07-10 18:39:50,909 | INFO | API key: aip_rtsa_20220516_1

2022-07-10 18:39:50,909 | INFO | Try start

2022-07-10 18:39:50,980 | INFO | Try end

2022-07-10 18:39:50,980 | INFO | {"rfid":"3083FB63AC1F3841EC880467","api_key":"aip_rtsa_20220516_1"}

2022-07-10 18:39:50,980 | INFO | Finally

2022-07-10 18:39:50,981 | INFO | POST API: {"rfid":"3083FB63AC1F3841EC880467","api_key":"aip_rtsa_20220516_1"}

2022-07-10 18:39:51,054 | INFO | Result content: {"code":"00","data":{"jancode_1":"2001990000382","jancode_2":"","rfid":"3083FB63AC1F3841EC880467"},"message":"変換に成功しました。"}

2022-07-10 18:40:10,438 | INFO | Start call API

2022-07-10 18:40:10,439 | INFO | RFID code: 3083FB63AC1F3841EC880467

2022-07-10 18:40:10,439 | INFO | API key: aip_rtsa_20220516_1

2022-07-10 18:40:10,439 | INFO | Try start

2022-07-10 18:40:10,440 | INFO | Try end

2022-07-10 18:40:10,440 | INFO | {"rfid":"3083FB63AC1F3841EC880467","api_key":"aip_rtsa_20220516_1"}

2022-07-10 18:40:10,440 | INFO | Finally

2022-07-10 18:40:10,440 | INFO | POST API: {"rfid":"3083FB63AC1F3841EC880467","api_key":"aip_rtsa_20220516_1"}

2022-07-10 18:40:10,445 | INFO | Result content: {"code":"00","data":{"jancode_1":"2001990000382","jancode_2":"","rfid":"3083FB63AC1F3841EC880467"},"message":"変換に成功しました。"}

2022-07-10 18:40:54,678 | INFO | Start call API

2022-07-10 18:40:54,679 | INFO | RFID code: 3083FB63AC1F3841EC880467

2022-07-10 18:40:54,679 | INFO | API key: aip_rtsa_20220516_1

2022-07-10 18:40:54,679 | INFO | Try start

2022-07-10 18:40:54,680 | INFO | Try end

2022-07-10 18:40:54,680 | INFO | {"rfid":"3083FB63AC1F3841EC880467","api_key":"aip_rtsa_20220516_1"}

2022-07-10 18:40:54,680 | INFO | Finally

2022-07-10 18:40:54,680 | INFO | POST API: {"rfid":"3083FB63AC1F3841EC880467","api_key":"aip_rtsa_20220516_1"}

2022-07-10 18:40:54,693 | INFO | Result content: {"code":"00","data":{"jancode_1":"2001990000382","jancode_2":"","rfid":"3083FB63AC1F3841EC880467"},"message":"変換に成功しました。"}

2022-07-10 18:47:12,322 | INFO | LOG

2022-07-10 18:47:13,179 | INFO | Start call API

2022-07-10 18:47:13,180 | INFO | RFID code: 3083FB63AC1F3841EC880467

2022-07-10 18:47:13,180 | INFO | API key: aip_rtsa_20220516_1

2022-07-10 18:47:13,180 | INFO | Try start

2022-07-10 18:47:13,250 | INFO | Try end

2022-07-10 18:47:13,250 | INFO | {"rfid":"3083FB63AC1F3841EC880467","api_key":"aip_rtsa_20220516_1"}

2022-07-10 18:47:13,250 | INFO | Finally

2022-07-10 18:47:13,250 | INFO | POST API: {"rfid":"3083FB63AC1F3841EC880467","api_key":"aip_rtsa_20220516_1"}

2022-07-10 18:47:13,322 | INFO | Result content: {"code":"00","data":{"jancode_1":"2001990000382","jancode_2":"","rfid":"3083FB63AC1F3841EC880467"},"message":"変換に成功しました。"}

2022-07-10 18:47:31,471 | INFO | Start call API

2022-07-10 18:47:31,471 | INFO | RFID code: 3083FB63AC1F3841EC880467

2022-07-10 18:47:31,472 | INFO | API key: aip_rtsa_20220516_1

2022-07-10 18:47:31,472 | INFO | Try start

2022-07-10 18:47:31,472 | INFO | Try end

2022-07-10 18:47:31,472 | INFO | {"rfid":"3083FB63AC1F3841EC880467","api_key":"aip_rtsa_20220516_1"}

2022-07-10 18:47:31,472 | INFO | Finally

2022-07-10 18:47:31,472 | INFO | POST API: {"rfid":"3083FB63AC1F3841EC880467","api_key":"aip_rtsa_20220516_1"}

2022-07-10 18:47:31,478 | INFO | Result content: {"code":"00","data":{"jancode_1":"2001990000382","jancode_2":"","rfid":"3083FB63AC1F3841EC880467"},"message":"変換に成功しました。"}

2022-07-10 18:47:46,445 | INFO | Start call API

2022-07-10 18:47:46,446 | INFO | RFID code: 3083FB63AC1F3841EC880467

2022-07-10 18:47:46,446 | INFO | API key: aip_rtsa_20220516_1

2022-07-10 18:47:46,446 | INFO | Try start

2022-07-10 18:47:46,446 | INFO | Try end

2022-07-10 18:47:46,446 | INFO | {"rfid":"3083FB63AC1F3841EC880467","api_key":"aip_rtsa_20220516_1"}

2022-07-10 18:47:46,447 | INFO | Finally

2022-07-10 18:47:46,447 | INFO | POST API: {"rfid":"3083FB63AC1F3841EC880467","api_key":"aip_rtsa_20220516_1"}

2022-07-10 18:47:46,465 | INFO | Result content: {"code":"00","data":{"jancode_1":"2001990000382","jancode_2":"","rfid":"3083FB63AC1F3841EC880467"},"message":"変換に成功しました。"}

2022-07-10 18:51:30,806 | INFO | Start call API

2022-07-10 18:51:30,806 | INFO | RFID code: 3083FB63AC1F3841EC880467

2022-07-10 18:51:30,807 | INFO | API key: aip_rtsa_20220516_1

2022-07-10 18:51:30,808 | INFO | Try start

2022-07-10 18:51:30,808 | INFO | Try end

2022-07-10 18:51:30,808 | INFO | {"rfid":"3083FB63AC1F3841EC880467","api_key":"aip_rtsa_20220516_1"}

2022-07-10 18:51:30,808 | INFO | Finally

2022-07-10 18:51:30,809 | INFO | POST API: {"rfid":"3083FB63AC1F3841EC880467","api_key":"aip_rtsa_20220516_1"}

2022-07-10 18:51:30,813 | INFO | Result content: {"code":"00","data":{"jancode_1":"2001990000382","jancode_2":"","rfid":"3083FB63AC1F3841EC880467"},"message":"変換に成功しました。"}

2022-07-10 18:51:40,317 | INFO | Start call API

2022-07-10 18:51:40,317 | INFO | RFID code: 3083FB63AC1F3841EC880467

2022-07-10 18:51:40,318 | INFO | API key: aip_rtsa_20220516_1

2022-07-10 18:51:40,318 | INFO | Try start

2022-07-10 18:51:40,318 | INFO | Try end

2022-07-10 18:51:40,318 | INFO | {"rfid":"3083FB63AC1F3841EC880467","api_key":"aip_rtsa_20220516_1"}

2022-07-10 18:51:40,319 | INFO | Finally

2022-07-10 18:51:40,319 | INFO | POST API: {"rfid":"3083FB63AC1F3841EC880467","api_key":"aip_rtsa_20220516_1"}

2022-07-10 18:51:40,326 | INFO | Result content: {"code":"00","data":{"jancode_1":"2001990000382","jancode_2":"","rfid":"3083FB63AC1F3841EC880467"},"message":"変換に成功しました。"}

2022-07-10 20:11:43,418 | INFO | LOG

2022-07-10 20:11:44,223 | INFO | Start call API

2022-07-10 20:11:44,223 | INFO | RFID code: 3083FB63AC1F3841EC880467

2022-07-10 20:11:44,223 | INFO | API key: aip_rtsa_20220516_1

2022-07-10 20:11:44,224 | INFO | Try start

2022-07-10 20:11:44,294 | INFO | Try end

2022-07-10 20:11:44,294 | INFO | {"rfid":"3083FB63AC1F3841EC880467","api_key":"aip_rtsa_20220516_1"}

2022-07-10 20:11:44,294 | INFO | Finally

2022-07-10 20:11:44,294 | INFO | POST API: {"rfid":"3083FB63AC1F3841EC880467","api_key":"aip_rtsa_20220516_1"}

2022-07-10 20:11:44,366 | INFO | Result content: {"code":"00","data":{"jancode_1":"2001990000382","jancode_2":"","rfid":"3083FB63AC1F3841EC880467"},"message":"変換に成功しました。"}

2022-07-10 20:11:58,080 | INFO | Start call API

2022-07-10 20:11:58,090 | INFO | RFID code: 3083FB63AC1F3841EC880467

2022-07-10 20:11:58,091 | INFO | API key: aip_rtsa_20220516_1

2022-07-10 20:11:58,091 | INFO | Try start

2022-07-10 20:11:58,092 | INFO | Try end

2022-07-10 20:11:58,092 | INFO | {"rfid":"3083FB63AC1F3841EC880467","api_key":"aip_rtsa_20220516_1"}

2022-07-10 20:11:58,093 | INFO | Finally

2022-07-10 20:11:58,093 | INFO | POST API: {"rfid":"3083FB63AC1F3841EC880467","api_key":"aip_rtsa_20220516_1"}

2022-07-10 20:11:58,100 | INFO | Result content: {"code":"00","data":{"jancode_1":"2001990000382","jancode_2":"","rfid":"3083FB63AC1F3841EC880467"},"message":"変換に成功しました。"}

2022-07-10 20:12:16,839 | INFO | Start call API

2022-07-10 20:12:16,839 | INFO | RFID code: 3083FB63AC1F3841EC880467

2022-07-10 20:12:16,840 | INFO | API key: aip_rtsa_20220516_1

2022-07-10 20:12:16,840 | INFO | Try start

2022-07-10 20:12:16,840 | INFO | Try end

2022-07-10 20:12:16,840 | INFO | {"rfid":"3083FB63AC1F3841EC880467","api_key":"aip_rtsa_20220516_1"}

2022-07-10 20:12:16,840 | INFO | Finally

2022-07-10 20:12:16,841 | INFO | POST API: {"rfid":"3083FB63AC1F3841EC880467","api_key":"aip_rtsa_20220516_1"}

2022-07-10 20:12:16,846 | INFO | Result content: {"code":"00","data":{"jancode_1":"2001990000382","jancode_2":"","rfid":"3083FB63AC1F3841EC880467"},"message":"変換に成功しました。"}

2022-07-10 20:12:51,914 | INFO | Start call API

2022-07-10 20:12:51,915 | INFO | RFID code: 3083FB63AC1F3841EC880467

2022-07-10 20:12:51,915 | INFO | API key: aip_rtsa_20220516_1

2022-07-10 20:12:51,915 | INFO | Try start

2022-07-10 20:12:51,915 | INFO | Try end

2022-07-10 20:12:51,916 | INFO | {"rfid":"3083FB63AC1F3841EC880467","api_key":"aip_rtsa_20220516_1"}

2022-07-10 20:12:51,916 | INFO | Finally

2022-07-10 20:12:51,916 | INFO | POST API: {"rfid":"3083FB63AC1F3841EC880467","api_key":"aip_rtsa_20220516_1"}

2022-07-10 20:12:51,922 | INFO | Result content: {"code":"00","data":{"jancode_1":"2001990000382","jancode_2":"","rfid":"3083FB63AC1F3841EC880467"},"message":"変換に成功しました。"}

2022-07-10 23:46:41,886 | INFO | LOG

2022-07-10 23:46:42,651 | INFO | Start call API

2022-07-10 23:46:42,652 | INFO | RFID code: 3083FB63AC1F3841EC880467

2022-07-10 23:46:42,652 | INFO | API key: aip_rtsa_20220516_1

2022-07-10 23:46:42,652 | INFO | Try start

2022-07-10 23:46:42,724 | INFO | Try end

2022-07-10 23:46:42,724 | INFO | {"rfid":"3083FB63AC1F3841EC880467","api_key":"aip_rtsa_20220516_1"}

2022-07-10 23:46:42,725 | INFO | Finally

2022-07-10 23:46:42,725 | INFO | POST API: {"rfid":"3083FB63AC1F3841EC880467","api_key":"aip_rtsa_20220516_1"}

2022-07-10 23:46:42,800 | INFO | Result content: {"code":"00","data":{"jancode_1":"2001990000382","jancode_2":"","rfid":"3083FB63AC1F3841EC880467"},"message":"変換に成功しました。"}

2022-07-10 23:47:27,948 | INFO | Start call API

2022-07-10 23:47:27,948 | INFO | RFID code: 3083FB63AC1F3841EC880467

2022-07-10 23:47:27,948 | INFO | API key: aip_rtsa_20220516_1

2022-07-10 23:47:27,949 | INFO | Try start

2022-07-10 23:47:27,949 | INFO | Try end

2022-07-10 23:47:27,949 | INFO | {"rfid":"3083FB63AC1F3841EC880467","api_key":"aip_rtsa_20220516_1"}

2022-07-10 23:47:27,949 | INFO | Finally

2022-07-10 23:47:27,949 | INFO | POST API: {"rfid":"3083FB63AC1F3841EC880467","api_key":"aip_rtsa_20220516_1"}

2022-07-10 23:47:27,964 | INFO | Result content: {"code":"00","data":{"jancode_1":"2001990000382","jancode_2":"","rfid":"3083FB63AC1F3841EC880467"},"message":"変換に成功しました。"}

2022-07-10 23:47:37,706 | INFO | Start call API

2022-07-10 23:47:37,707 | INFO | RFID code: 3083FB63AC1F3841EC880467

2022-07-10 23:47:37,707 | INFO | API key: aip_rtsa_20220516_1

2022-07-10 23:47:37,707 | INFO | Try start

2022-07-10 23:47:37,707 | INFO | Try end

2022-07-10 23:47:37,708 | INFO | {"rfid":"3083FB63AC1F3841EC880467","api_key":"aip_rtsa_20220516_1"}

2022-07-10 23:47:37,708 | INFO | Finally

2022-07-10 23:47:37,708 | INFO | POST API: {"rfid":"3083FB63AC1F3841EC880467","api_key":"aip_rtsa_20220516_1"}

2022-07-10 23:47:37,719 | INFO | Result content: {"code":"00","data":{"jancode_1":"2001990000382","jancode_2":"","rfid":"3083FB63AC1F3841EC880467"},"message":"変換に成功しました。"}

2022-07-10 23:49:45,616 | INFO | LOG

2022-07-10 23:49:46,368 | INFO | Start call API

2022-07-10 23:49:46,369 | INFO | RFID code: 3083FB63AC1F3841EC880467

2022-07-10 23:49:46,369 | INFO | API key: aip_rtsa_20220516_1

2022-07-10 23:49:46,369 | INFO | Try start

2022-07-10 23:49:46,440 | INFO | Try end

2022-07-10 23:49:46,440 | INFO | {"rfid":"3083FB63AC1F3841EC880467","api_key":"aip_rtsa_20220516_1"}

2022-07-10 23:49:46,440 | INFO | Finally

2022-07-10 23:49:46,441 | INFO | POST API: {"rfid":"3083FB63AC1F3841EC880467","api_key":"aip_rtsa_20220516_1"}

2022-07-10 23:49:46,550 | INFO | Result content: {"code":"00","data":{"jancode_1":"2001990000382","jancode_2":"","rfid":"3083FB63AC1F3841EC880467"},"message":"変換に成功しました。"}

