2022-10-12 14:01:44,762 | INFO | Start GET API GATE SETTING.

2022-10-12 14:01:45,379 | INFO | Is use checkpoint gate: 1

2022-10-12 14:01:45,381 | INFO | Start GET TOKEN API.

2022-10-12 14:01:45,382 | INFO | GET TOKEN API: Uri gate: http://192.168.127.2:8080/api/

2022-10-12 14:01:45,382 | INFO | GET TOKEN API: Username: checkpoint - Password: checkpoint

2022-10-12 14:01:46,448 | INFO | GET TOKEN API: Result Content: {"accessToken":"eyJhbGciOiJIUzUxMiJ9.eyJzdWIiOiJjaGVja3BvaW50IiwiaWF0IjoxNjY1NTUwODQ4LCJleHAiOjE2NjU2MzcyNDh9.tZHsMu_O3cYbva2tC18p7MtmsYIrT78zelhxGumXpC7vdQEhrwBAzllzISQ-S5WL68g3hsmOBSF81W1jH1rl5Q","tokenType":"Bearer"}

2022-10-12 14:01:46,448 | INFO | GET TOKEN API: Token: Bearer eyJhbGciOiJIUzUxMiJ9.eyJzdWIiOiJjaGVja3BvaW50IiwiaWF0IjoxNjY1NTUwODQ4LCJleHAiOjE2NjU2MzcyNDh9.tZHsMu_O3cYbva2tC18p7MtmsYIrT78zelhxGumXpC7vdQEhrwBAzllzISQ-S5WL68g3hsmOBSF81W1jH1rl5Q

2022-10-12 14:01:55,095 | INFO | Start UNLOAD GATE API.

2022-10-12 14:01:55,096 | INFO | UNLOAD GATE API: IP Gate: http://192.168.127.2:8080/api/

2022-10-12 14:01:55,096 | INFO | UNLOAD GATE API: Num of RFIDS: 5

2022-10-12 14:01:55,096 | INFO | UNLOAD GATE API: rf: 00DD20220702000058000498

2022-10-12 14:01:55,098 | INFO | UNLOAD GATE API: RFID code: 00DD20220702000058000498

2022-10-12 14:01:55,515 | INFO | UNLOAD GATE API: Result Content: {"code":"200","message":"1 EPC Removed from Inventoy"}

2022-10-12 14:01:55,515 | INFO | UNLOAD GATE API: Remove RFID 00DD20220702000058000498

2022-10-12 14:01:55,516 | INFO | UNLOAD GATE API: rf: 00DD20220702000058000492

2022-10-12 14:01:55,516 | INFO | UNLOAD GATE API: RFID code: 00DD20220702000058000492

2022-10-12 14:01:55,552 | INFO | UNLOAD GATE API: Result Content: {"code":"200","message":"1 EPC Removed from Inventoy"}

2022-10-12 14:01:55,552 | INFO | UNLOAD GATE API: Remove RFID 00DD20220702000058000492

2022-10-12 14:01:55,553 | INFO | UNLOAD GATE API: rf: 00DD20220702000058000495

2022-10-12 14:01:55,553 | INFO | UNLOAD GATE API: RFID code: 00DD20220702000058000495

2022-10-12 14:01:55,590 | INFO | UNLOAD GATE API: Result Content: {"code":"200","message":"1 EPC Removed from Inventoy"}

2022-10-12 14:01:55,590 | INFO | UNLOAD GATE API: Remove RFID 00DD20220702000058000495

2022-10-12 14:01:55,590 | INFO | UNLOAD GATE API: rf: 00DD20220702000058000497

2022-10-12 14:01:55,590 | INFO | UNLOAD GATE API: RFID code: 00DD20220702000058000497

2022-10-12 14:01:55,630 | INFO | UNLOAD GATE API: Result Content: {"code":"200","message":"1 EPC Removed from Inventoy"}

2022-10-12 14:01:55,630 | INFO | UNLOAD GATE API: Remove RFID 00DD20220702000058000497

2022-10-12 14:01:55,630 | INFO | UNLOAD GATE API: rf: 00DD20220702000058000499

2022-10-12 14:01:55,631 | INFO | UNLOAD GATE API: RFID code: 00DD20220702000058000499

2022-10-12 14:01:55,668 | INFO | UNLOAD GATE API: Result Content: {"code":"200","message":"1 EPC Removed from Inventoy"}

2022-10-12 14:01:55,668 | INFO | UNLOAD GATE API: Remove RFID 00DD20220702000058000499

2022-10-12 17:57:38,968 | INFO | Start GET API GATE SETTING.

2022-10-12 17:57:39,020 | INFO | Is use checkpoint gate: 1

2022-10-12 17:57:39,023 | INFO | Start GET TOKEN API.

2022-10-12 17:57:39,023 | INFO | GET TOKEN API: Uri gate: http://192.168.127.2:8080/api/

2022-10-12 17:57:39,023 | INFO | GET TOKEN API: Username: checkpoint - Password: checkpoint

2022-10-12 17:57:39,354 | INFO | GET TOKEN API: Result Content: {"accessToken":"eyJhbGciOiJIUzUxMiJ9.eyJzdWIiOiJjaGVja3BvaW50IiwiaWF0IjoxNjY1NTY1MDAxLCJleHAiOjE2NjU2NTE0MDF9.x-jPi3lvhyXP1wWASYo3oY2zP7rzGY0lAksMsHTBUAEzrZIpeNtTwYGH1b6lYBjESHLXgyI1VP0fFXBmITiuDg","tokenType":"Bearer"}

2022-10-12 17:57:39,354 | INFO | GET TOKEN API: Token: Bearer eyJhbGciOiJIUzUxMiJ9.eyJzdWIiOiJjaGVja3BvaW50IiwiaWF0IjoxNjY1NTY1MDAxLCJleHAiOjE2NjU2NTE0MDF9.x-jPi3lvhyXP1wWASYo3oY2zP7rzGY0lAksMsHTBUAEzrZIpeNtTwYGH1b6lYBjESHLXgyI1VP0fFXBmITiuDg

2022-10-12 17:57:51,149 | INFO | Start UNLOAD GATE API.

2022-10-12 17:57:51,149 | INFO | UNLOAD GATE API: IP Gate: http://192.168.127.2:8080/api/

2022-10-12 17:57:51,149 | INFO | UNLOAD GATE API: Num of RFIDS: 4

2022-10-12 17:57:51,150 | INFO | UNLOAD GATE API: rf: 00DD20220702000058000495

2022-10-12 17:57:51,151 | INFO | UNLOAD GATE API: RFID code: 00DD20220702000058000495

2022-10-12 17:57:51,217 | INFO | UNLOAD GATE API: Result Content: {"code":"200","message":"1 EPC Removed from Inventoy"}

2022-10-12 17:57:51,217 | INFO | UNLOAD GATE API: Remove RFID 00DD20220702000058000495

2022-10-12 17:57:51,218 | INFO | UNLOAD GATE API: rf: 00DD20220702000058000492

2022-10-12 17:57:51,218 | INFO | UNLOAD GATE API: RFID code: 00DD20220702000058000492

2022-10-12 17:57:51,252 | INFO | UNLOAD GATE API: Result Content: {"code":"200","message":"1 EPC Removed from Inventoy"}

2022-10-12 17:57:51,253 | INFO | UNLOAD GATE API: Remove RFID 00DD20220702000058000492

2022-10-12 17:57:51,253 | INFO | UNLOAD GATE API: rf: 00DD20220702000058000498

2022-10-12 17:57:51,253 | INFO | UNLOAD GATE API: RFID code: 00DD20220702000058000498

2022-10-12 17:57:51,282 | INFO | UNLOAD GATE API: Result Content: {"code":"200","message":"1 EPC Removed from Inventoy"}

2022-10-12 17:57:51,282 | INFO | UNLOAD GATE API: Remove RFID 00DD20220702000058000498

2022-10-12 17:57:51,283 | INFO | UNLOAD GATE API: rf: 00DD20220702000058000497

2022-10-12 17:57:51,283 | INFO | UNLOAD GATE API: RFID code: 00DD20220702000058000497

2022-10-12 17:57:51,310 | INFO | UNLOAD GATE API: Result Content: {"code":"200","message":"1 EPC Removed from Inventoy"}

2022-10-12 17:57:51,310 | INFO | UNLOAD GATE API: Remove RFID 00DD20220702000058000497

