2022-07-30 10:17:46,708 | INFO | LOG

2022-07-30 10:24:46,385 | INFO | LOG

2022-07-30 11:01:11,152 | INFO | LOG

2022-07-30 11:05:13,080 | INFO | LOG

2022-07-30 11:22:14,771 | INFO | LOG

2022-07-30 11:35:48,440 | INFO | LOG

2022-07-30 12:37:54,929 | INFO | LOG

2022-07-30 12:38:01,428 | INFO | Start call API

2022-07-30 12:38:01,429 | INFO | RFID code: 00DD20220702000058000294

2022-07-30 12:38:01,429 | INFO | API key: aip_rtsa_20220516_1

2022-07-30 12:38:01,429 | INFO | Try start

2022-07-30 12:38:01,645 | INFO | Try end

2022-07-30 12:38:01,645 | INFO | {"rfid":"00DD20220702000058000294","api_key":"aip_rtsa_20220516_1"}

2022-07-30 12:38:01,646 | INFO | Finally

2022-07-30 12:38:01,646 | INFO | POST API: {"rfid":"00DD20220702000058000294","api_key":"aip_rtsa_20220516_1"}

2022-07-30 12:38:01,902 | INFO | Result content: {"code":"00","data":{"jancode_1":"9784867320112","jancode_2":"1928771016008","rfid":"00DD20220702000058000294"},"message":"変換に成功しました。"}

2022-07-30 12:38:14,151 | INFO | Start call API

2022-07-30 12:38:14,151 | INFO | RFID code: 00DD20220702000058000118

2022-07-30 12:38:14,151 | INFO | API key: aip_rtsa_20220516_1

2022-07-30 12:38:14,151 | INFO | Try start

2022-07-30 12:38:14,152 | INFO | Try end

2022-07-30 12:38:14,152 | INFO | {"rfid":"00DD20220702000058000118","api_key":"aip_rtsa_20220516_1"}

2022-07-30 12:38:14,152 | INFO | Finally

2022-07-30 12:38:14,152 | INFO | POST API: {"rfid":"00DD20220702000058000118","api_key":"aip_rtsa_20220516_1"}

2022-07-30 12:38:14,173 | INFO | Result content: {"code":"00","data":{"jancode_1":"9784062209717","jancode_2":"1928793015003","rfid":"00DD20220702000058000118"},"message":"変換に成功しました。"}

2022-07-30 12:38:25,344 | INFO | Start call API

2022-07-30 12:38:25,345 | INFO | RFID code: 00DD20220702000058000121

2022-07-30 12:38:25,345 | INFO | API key: aip_rtsa_20220516_1

2022-07-30 12:38:25,345 | INFO | Try start

2022-07-30 12:38:25,345 | INFO | Try end

2022-07-30 12:38:25,346 | INFO | {"rfid":"00DD20220702000058000121","api_key":"aip_rtsa_20220516_1"}

2022-07-30 12:38:25,346 | INFO | Finally

2022-07-30 12:38:25,346 | INFO | POST API: {"rfid":"00DD20220702000058000121","api_key":"aip_rtsa_20220516_1"}

2022-07-30 12:38:25,367 | INFO | Result content: {"code":"02","data":null,"message":"RFIDは存在しません。"}

2022-07-30 12:38:28,552 | INFO | Start call API

2022-07-30 12:38:28,553 | INFO | RFID code: 00DD20220702000058000295

2022-07-30 12:38:28,553 | INFO | API key: aip_rtsa_20220516_1

2022-07-30 12:38:28,553 | INFO | Try start

2022-07-30 12:38:28,554 | INFO | Try end

2022-07-30 12:38:28,554 | INFO | {"rfid":"00DD20220702000058000295","api_key":"aip_rtsa_20220516_1"}

2022-07-30 12:38:28,554 | INFO | Finally

2022-07-30 12:38:28,554 | INFO | POST API: {"rfid":"00DD20220702000058000295","api_key":"aip_rtsa_20220516_1"}

2022-07-30 12:38:28,572 | INFO | Result content: {"code":"00","data":{"jancode_1":"9784061978256","jancode_2":"1928393011009","rfid":"00DD20220702000058000295"},"message":"変換に成功しました。"}

2022-07-30 12:39:14,891 | INFO | Start call API

2022-07-30 12:39:14,891 | INFO | RFID code: 00DD20220702000058000298

2022-07-30 12:39:14,892 | INFO | API key: aip_rtsa_20220516_1

2022-07-30 12:39:14,892 | INFO | Try start

2022-07-30 12:39:14,892 | INFO | Try end

2022-07-30 12:39:14,893 | INFO | {"rfid":"00DD20220702000058000298","api_key":"aip_rtsa_20220516_1"}

2022-07-30 12:39:14,893 | INFO | Finally

2022-07-30 12:39:14,893 | INFO | POST API: {"rfid":"00DD20220702000058000298","api_key":"aip_rtsa_20220516_1"}

2022-07-30 12:39:14,918 | INFO | Result content: {"code":"00","data":{"jancode_1":"9784905389385","jancode_2":"1928771046005","rfid":"00DD20220702000058000298"},"message":"変換に成功しました。"}

2022-07-30 12:39:51,904 | INFO | Start call API

2022-07-30 12:39:51,904 | INFO | RFID code: 00DD20220702000058000290

2022-07-30 12:39:51,904 | INFO | API key: aip_rtsa_20220516_1

2022-07-30 12:39:51,904 | INFO | Try start

2022-07-30 12:39:51,904 | INFO | Try end

2022-07-30 12:39:51,905 | INFO | {"rfid":"00DD20220702000058000290","api_key":"aip_rtsa_20220516_1"}

2022-07-30 12:39:51,905 | INFO | Finally

2022-07-30 12:39:51,905 | INFO | POST API: {"rfid":"00DD20220702000058000290","api_key":"aip_rtsa_20220516_1"}

2022-07-30 12:39:51,940 | INFO | Result content: {"code":"00","data":{"jancode_1":"9784593504381","jancode_2":"1928797016006","rfid":"00DD20220702000058000290"},"message":"変換に成功しました。"}

2022-07-30 12:39:58,408 | INFO | Start call API

2022-07-30 12:39:58,408 | INFO | RFID code: 00DD20220702000058000291

2022-07-30 12:39:58,409 | INFO | API key: aip_rtsa_20220516_1

2022-07-30 12:39:58,409 | INFO | Try start

2022-07-30 12:39:58,409 | INFO | Try end

2022-07-30 12:39:58,409 | INFO | {"rfid":"00DD20220702000058000291","api_key":"aip_rtsa_20220516_1"}

2022-07-30 12:39:58,410 | INFO | Finally

2022-07-30 12:39:58,410 | INFO | POST API: {"rfid":"00DD20220702000058000291","api_key":"aip_rtsa_20220516_1"}

2022-07-30 12:39:58,428 | INFO | Result content: {"code":"00","data":{"jancode_1":"9784593505838","jancode_2":"1928797018000","rfid":"00DD20220702000058000291"},"message":"変換に成功しました。"}

2022-07-30 12:41:30,665 | INFO | LOG

2022-07-30 12:41:37,788 | INFO | Start call API

2022-07-30 12:41:37,789 | INFO | RFID code: 00DD20220702000058000296

2022-07-30 12:41:37,789 | INFO | API key: aip_rtsa_20220516_1

2022-07-30 12:41:37,789 | INFO | Try start

2022-07-30 12:41:37,861 | INFO | Try end

2022-07-30 12:41:37,861 | INFO | {"rfid":"00DD20220702000058000296","api_key":"aip_rtsa_20220516_1"}

2022-07-30 12:41:37,861 | INFO | Finally

2022-07-30 12:41:37,861 | INFO | POST API: {"rfid":"00DD20220702000058000296","api_key":"aip_rtsa_20220516_1"}

2022-07-30 12:41:37,938 | INFO | Result content: {"code":"00","data":{"jancode_1":"9784790250692","jancode_2":"1928793013009","rfid":"00DD20220702000058000296"},"message":"変換に成功しました。"}

2022-07-30 12:41:41,780 | INFO | Start call API

2022-07-30 12:41:41,780 | INFO | RFID code: 00DD20220702000058000294

2022-07-30 12:41:41,781 | INFO | API key: aip_rtsa_20220516_1

2022-07-30 12:41:41,781 | INFO | Try start

2022-07-30 12:41:41,781 | INFO | Try end

2022-07-30 12:41:41,781 | INFO | {"rfid":"00DD20220702000058000294","api_key":"aip_rtsa_20220516_1"}

2022-07-30 12:41:41,781 | INFO | Finally

2022-07-30 12:41:41,781 | INFO | POST API: {"rfid":"00DD20220702000058000294","api_key":"aip_rtsa_20220516_1"}

2022-07-30 12:41:41,795 | INFO | Result content: {"code":"00","data":{"jancode_1":"9784867320112","jancode_2":"1928771016008","rfid":"00DD20220702000058000294"},"message":"変換に成功しました。"}

2022-07-30 12:41:45,788 | INFO | Start call API

2022-07-30 12:41:45,788 | INFO | RFID code: 00DD20220702000058000295

2022-07-30 12:41:45,788 | INFO | API key: aip_rtsa_20220516_1

2022-07-30 12:41:45,789 | INFO | Try start

2022-07-30 12:41:45,789 | INFO | Try end

2022-07-30 12:41:45,789 | INFO | {"rfid":"00DD20220702000058000295","api_key":"aip_rtsa_20220516_1"}

2022-07-30 12:41:45,789 | INFO | Finally

2022-07-30 12:41:45,789 | INFO | POST API: {"rfid":"00DD20220702000058000295","api_key":"aip_rtsa_20220516_1"}

2022-07-30 12:41:45,807 | INFO | Result content: {"code":"00","data":{"jancode_1":"9784061978256","jancode_2":"1928393011009","rfid":"00DD20220702000058000295"},"message":"変換に成功しました。"}

2022-07-30 17:34:13,458 | INFO | LOG

2022-07-30 17:36:47,853 | INFO | LOG

2022-07-30 17:46:55,088 | INFO | LOG

2022-07-30 17:47:04,000 | INFO | Start call API

2022-07-30 17:47:04,001 | INFO | RFID code: 00DD20220702000058000122

2022-07-30 17:47:04,001 | INFO | API key: aip_rtsa_20220516_1

2022-07-30 17:47:04,001 | INFO | Try start

2022-07-30 17:47:04,250 | INFO | Try end

2022-07-30 17:47:04,250 | INFO | {"rfid":"00DD20220702000058000122","api_key":"aip_rtsa_20220516_1"}

2022-07-30 17:47:04,250 | INFO | Finally

2022-07-30 17:47:04,250 | INFO | POST API: {"rfid":"00DD20220702000058000122","api_key":"aip_rtsa_20220516_1"}

2022-07-30 17:47:04,358 | INFO | Result content: {"code":"00","data":{"jancode_1":"9784766135459","jancode_2":"1923070020008","rfid":"00DD20220702000058000122"},"message":"変換に成功しました。"}

2022-07-30 17:51:08,346 | INFO | LOG

2022-07-30 17:57:51,973 | INFO | LOG

2022-07-30 18:33:44,706 | INFO | LOG

2022-07-30 18:33:51,029 | INFO | Start call API

2022-07-30 18:33:51,030 | INFO | RFID code: 00DD20220702000058000118

2022-07-30 18:33:51,030 | INFO | API key: aip_rtsa_20220516_1

2022-07-30 18:33:51,030 | INFO | Try start

2022-07-30 18:33:51,100 | INFO | Try end

2022-07-30 18:33:51,100 | INFO | {"rfid":"00DD20220702000058000118","api_key":"aip_rtsa_20220516_1"}

2022-07-30 18:33:51,100 | INFO | Finally

2022-07-30 18:33:51,100 | INFO | POST API: {"rfid":"00DD20220702000058000118","api_key":"aip_rtsa_20220516_1"}

2022-07-30 18:33:51,188 | INFO | Result content: {"code":"00","data":{"jancode_1":"9784062209717","jancode_2":"1928793015003","rfid":"00DD20220702000058000118"},"message":"変換に成功しました。"}

2022-07-30 18:33:56,624 | INFO | Start call API

2022-07-30 18:33:56,624 | INFO | RFID code: 00DD20220702000058000124

2022-07-30 18:33:56,625 | INFO | API key: aip_rtsa_20220516_1

2022-07-30 18:33:56,625 | INFO | Try start

2022-07-30 18:33:56,625 | INFO | Try end

2022-07-30 18:33:56,625 | INFO | {"rfid":"00DD20220702000058000124","api_key":"aip_rtsa_20220516_1"}

2022-07-30 18:33:56,625 | INFO | Finally

2022-07-30 18:33:56,625 | INFO | POST API: {"rfid":"00DD20220702000058000124","api_key":"aip_rtsa_20220516_1"}

2022-07-30 18:33:56,648 | INFO | Result content: {"code":"00","data":{"jancode_1":"9784265052844","jancode_2":"1928792018005","rfid":"00DD20220702000058000124"},"message":"変換に成功しました。"}

2022-07-30 18:34:01,428 | INFO | Start call API

2022-07-30 18:34:01,428 | INFO | RFID code: 00DD20220702000058000122

2022-07-30 18:34:01,428 | INFO | API key: aip_rtsa_20220516_1

2022-07-30 18:34:01,428 | INFO | Try start

2022-07-30 18:34:01,428 | INFO | Try end

2022-07-30 18:34:01,428 | INFO | {"rfid":"00DD20220702000058000122","api_key":"aip_rtsa_20220516_1"}

2022-07-30 18:34:01,428 | INFO | Finally

2022-07-30 18:34:01,429 | INFO | POST API: {"rfid":"00DD20220702000058000122","api_key":"aip_rtsa_20220516_1"}

2022-07-30 18:34:01,457 | INFO | Result content: {"code":"00","data":{"jancode_1":"9784569849454","jancode_2":"1920093016001","rfid":"00DD20220702000058000122"},"message":"変換に成功しました。"}

2022-07-30 20:58:38,924 | INFO | LOG

