2022-07-27 11:24:55,861 | INFO | LOG

2022-07-27 11:28:43,044 | INFO | LOG

2022-07-27 11:30:32,262 | INFO | LOG

2022-07-27 11:34:28,595 | INFO | LOG

2022-07-27 14:09:30,799 | INFO | LOG

2022-07-27 16:16:27,675 | INFO | Start call API

2022-07-27 16:16:27,675 | INFO | RFID code: E28069950000400810E8253C

2022-07-27 16:16:27,675 | INFO | API key: aip_rtsa_20220516_1

2022-07-27 16:16:27,676 | INFO | Try start

2022-07-27 16:16:27,920 | INFO | Try end

2022-07-27 16:16:27,920 | INFO | {"rfid":"E28069950000400810E8253C","api_key":"aip_rtsa_20220516_1"}

2022-07-27 16:16:27,920 | INFO | Finally

2022-07-27 16:16:27,920 | INFO | POST API: {"rfid":"E28069950000400810E8253C","api_key":"aip_rtsa_20220516_1"}

2022-07-27 16:16:28,073 | INFO | Result content: {"code":"00","data":{"jancode_1":"9784844332220","jancode_2":"1923055032002","rfid":"E28069950000400810E8253C"},"message":"変換に成功しました。"}

2022-07-27 16:45:32,038 | INFO | Start call API

2022-07-27 16:45:32,039 | INFO | RFID code: E28069950000500810E8353C

2022-07-27 16:45:32,039 | INFO | API key: aip_rtsa_20220516_1

2022-07-27 16:45:32,040 | INFO | Try start

2022-07-27 16:45:32,040 | INFO | Try end

2022-07-27 16:45:32,040 | INFO | {"rfid":"E28069950000500810E8353C","api_key":"aip_rtsa_20220516_1"}

2022-07-27 16:45:32,040 | INFO | Finally

2022-07-27 16:45:32,040 | INFO | POST API: {"rfid":"E28069950000500810E8353C","api_key":"aip_rtsa_20220516_1"}

2022-07-27 16:45:32,060 | INFO | Result content: {"code":"00","data":{"jancode_1":"9784093033169","jancode_2":"1922377015007","rfid":"E28069950000500810E8353C"},"message":"変換に成功しました。"}

2022-07-27 16:49:16,777 | INFO | Start call API

2022-07-27 16:49:16,777 | INFO | RFID code: E28069950000500810E8353C

2022-07-27 16:49:16,778 | INFO | API key: aip_rtsa_20220516_1

2022-07-27 16:49:16,778 | INFO | Try start

2022-07-27 16:49:16,778 | INFO | Try end

2022-07-27 16:49:16,778 | INFO | {"rfid":"E28069950000500810E8353C","api_key":"aip_rtsa_20220516_1"}

2022-07-27 16:49:16,778 | INFO | Finally

2022-07-27 16:49:16,779 | INFO | POST API: {"rfid":"E28069950000500810E8353C","api_key":"aip_rtsa_20220516_1"}

2022-07-27 16:49:16,799 | INFO | Result content: {"code":"00","data":{"jancode_1":"9784093033169","jancode_2":"1922377015007","rfid":"E28069950000500810E8353C"},"message":"変換に成功しました。"}

2022-07-27 16:49:56,643 | INFO | Start call API

2022-07-27 16:49:56,644 | INFO | RFID code: E28069950000500810E8353C

2022-07-27 16:49:56,644 | INFO | API key: aip_rtsa_20220516_1

2022-07-27 16:49:56,644 | INFO | Try start

2022-07-27 16:49:56,644 | INFO | Try end

2022-07-27 16:49:56,644 | INFO | {"rfid":"E28069950000500810E8353C","api_key":"aip_rtsa_20220516_1"}

2022-07-27 16:49:56,645 | INFO | Finally

2022-07-27 16:49:56,645 | INFO | POST API: {"rfid":"E28069950000500810E8353C","api_key":"aip_rtsa_20220516_1"}

2022-07-27 16:49:56,653 | INFO | Result content: {"code":"00","data":{"jancode_1":"9784093033169","jancode_2":"1922377015007","rfid":"E28069950000500810E8353C"},"message":"変換に成功しました。"}

2022-07-27 17:14:10,425 | INFO | Start call API

2022-07-27 17:14:10,426 | INFO | RFID code: E28069950000500810E8353C

2022-07-27 17:14:10,426 | INFO | API key: aip_rtsa_20220516_1

2022-07-27 17:14:10,426 | INFO | Try start

2022-07-27 17:14:10,427 | INFO | Try end

2022-07-27 17:14:10,427 | INFO | {"rfid":"E28069950000500810E8353C","api_key":"aip_rtsa_20220516_1"}

2022-07-27 17:14:10,427 | INFO | Finally

2022-07-27 17:14:10,427 | INFO | POST API: {"rfid":"E28069950000500810E8353C","api_key":"aip_rtsa_20220516_1"}

2022-07-27 17:14:10,449 | INFO | Result content: {"code":"00","data":{"jancode_1":"9784093033169","jancode_2":"1922377015007","rfid":"E28069950000500810E8353C"},"message":"変換に成功しました。"}

2022-07-27 17:14:27,232 | INFO | Start call API

2022-07-27 17:14:27,241 | INFO | RFID code: E28069950000500810E7A93C

2022-07-27 17:14:27,241 | INFO | API key: aip_rtsa_20220516_1

2022-07-27 17:14:27,242 | INFO | Try start

2022-07-27 17:14:27,242 | INFO | Try end

2022-07-27 17:14:27,242 | INFO | {"rfid":"E28069950000500810E7A93C","api_key":"aip_rtsa_20220516_1"}

2022-07-27 17:14:27,242 | INFO | Finally

2022-07-27 17:14:27,243 | INFO | POST API: {"rfid":"E28069950000500810E7A93C","api_key":"aip_rtsa_20220516_1"}

2022-07-27 17:14:27,250 | INFO | Result content: {"code":"00","data":{"jancode_1":"9784088777627","jancode_2":"1929979006501","rfid":"E28069950000500810E7A93C"},"message":"変換に成功しました。"}

2022-07-27 17:14:27,250 | INFO | Start call API

2022-07-27 17:14:27,251 | INFO | RFID code: E28069950000500810E8F53C

2022-07-27 17:14:27,251 | INFO | API key: aip_rtsa_20220516_1

2022-07-27 17:14:27,251 | INFO | Try start

2022-07-27 17:14:27,251 | INFO | Try end

2022-07-27 17:14:27,251 | INFO | {"rfid":"E28069950000500810E8F53C","api_key":"aip_rtsa_20220516_1"}

2022-07-27 17:14:27,252 | INFO | Finally

2022-07-27 17:14:27,252 | INFO | POST API: {"rfid":"E28069950000500810E8F53C","api_key":"aip_rtsa_20220516_1"}

2022-07-27 17:14:27,258 | INFO | Result content: {"code":"00","data":{"jancode_1":"9784088768823","jancode_2":"1929979006501","rfid":"E28069950000500810E8F53C"},"message":"変換に成功しました。"}

2022-07-27 17:14:27,258 | INFO | Start call API

2022-07-27 17:14:27,259 | INFO | RFID code: E28069950000500810E8053C

2022-07-27 17:14:27,259 | INFO | API key: aip_rtsa_20220516_1

2022-07-27 17:14:27,259 | INFO | Try start

2022-07-27 17:14:27,259 | INFO | Try end

2022-07-27 17:14:27,259 | INFO | {"rfid":"E28069950000500810E8053C","api_key":"aip_rtsa_20220516_1"}

2022-07-27 17:14:27,260 | INFO | Finally

2022-07-27 17:14:27,260 | INFO | POST API: {"rfid":"E28069950000500810E8053C","api_key":"aip_rtsa_20220516_1"}

2022-07-27 17:14:27,265 | INFO | Result content: {"code":"00","data":{"jancode_1":"9784088790602","jancode_2":"1929979006501","rfid":"E28069950000500810E8053C"},"message":"変換に成功しました。"}

2022-07-27 17:14:27,266 | INFO | Start call API

2022-07-27 17:14:27,266 | INFO | RFID code: E28069950000500810E9013C

2022-07-27 17:14:27,267 | INFO | API key: aip_rtsa_20220516_1

2022-07-27 17:14:27,267 | INFO | Try start

2022-07-27 17:14:27,267 | INFO | Try end

2022-07-27 17:14:27,267 | INFO | {"rfid":"E28069950000500810E9013C","api_key":"aip_rtsa_20220516_1"}

2022-07-27 17:14:27,268 | INFO | Finally

2022-07-27 17:14:27,268 | INFO | POST API: {"rfid":"E28069950000500810E9013C","api_key":"aip_rtsa_20220516_1"}

2022-07-27 17:14:27,272 | INFO | Result content: {"code":"00","data":{"jancode_1":"9784088765112","jancode_2":"1929979006501","rfid":"E28069950000500810E9013C"},"message":"変換に成功しました。"}

2022-07-27 17:14:27,273 | INFO | Start call API

2022-07-27 17:14:27,273 | INFO | RFID code: E28069950000500810E8393C

2022-07-27 17:14:27,273 | INFO | API key: aip_rtsa_20220516_1

2022-07-27 17:14:27,273 | INFO | Try start

2022-07-27 17:14:27,273 | INFO | Try end

2022-07-27 17:14:27,274 | INFO | {"rfid":"E28069950000500810E8393C","api_key":"aip_rtsa_20220516_1"}

2022-07-27 17:14:27,274 | INFO | Finally

2022-07-27 17:14:27,274 | INFO | POST API: {"rfid":"E28069950000500810E8393C","api_key":"aip_rtsa_20220516_1"}

2022-07-27 17:14:27,279 | INFO | Result content: {"code":"00","data":{"jancode_1":"9784088771731","jancode_2":"1929979005900","rfid":"E28069950000500810E8393C"},"message":"変換に成功しました。"}

2022-07-27 17:14:27,280 | INFO | Start call API

2022-07-27 17:14:27,280 | INFO | RFID code: E28069950000400810E83D3C

2022-07-27 17:14:27,280 | INFO | API key: aip_rtsa_20220516_1

2022-07-27 17:14:27,281 | INFO | Try start

2022-07-27 17:14:27,281 | INFO | Try end

2022-07-27 17:14:27,281 | INFO | {"rfid":"E28069950000400810E83D3C","api_key":"aip_rtsa_20220516_1"}

2022-07-27 17:14:27,281 | INFO | Finally

2022-07-27 17:14:27,282 | INFO | POST API: {"rfid":"E28069950000400810E83D3C","api_key":"aip_rtsa_20220516_1"}

2022-07-27 17:14:27,289 | INFO | Result content: {"code":"00","data":{"jancode_1":"9784088773520","jancode_2":"1929979005900","rfid":"E28069950000400810E83D3C"},"message":"変換に成功しました。"}

