2022-10-19 12:58:46,811 | INFO | Start GET API GATE SETTING.

2022-10-19 12:58:47,459 | INFO | Is use checkpoint gate: 1

2022-10-19 12:58:47,462 | INFO | Start GET TOKEN API.

2022-10-19 12:58:47,462 | INFO | GET TOKEN API: Uri gate: http://192.168.127.2:8080/api/

2022-10-19 12:58:47,463 | INFO | GET TOKEN API: Username: checkpoint - Password: checkpoint

2022-10-19 12:58:48,478 | INFO | GET TOKEN API: Result Content: {"accessToken":"eyJhbGciOiJIUzUxMiJ9.eyJzdWIiOiJjaGVja3BvaW50IiwiaWF0IjoxNjY2MTUxODY1LCJleHAiOjE2NjYyMzgyNjV9.tQU7u9lxUgc0XhhE5z1fU222Y5kc5qrDYHo3wT5euJuW5OPwyzW-ULWYwdbiTD2VxYaJqtxwGjhaJpMkWVLyQg","tokenType":"Bearer"}

2022-10-19 12:58:48,478 | INFO | GET TOKEN API: Token: Bearer eyJhbGciOiJIUzUxMiJ9.eyJzdWIiOiJjaGVja3BvaW50IiwiaWF0IjoxNjY2MTUxODY1LCJleHAiOjE2NjYyMzgyNjV9.tQU7u9lxUgc0XhhE5z1fU222Y5kc5qrDYHo3wT5euJuW5OPwyzW-ULWYwdbiTD2VxYaJqtxwGjhaJpMkWVLyQg

2022-10-19 12:58:49,496 | INFO | Start GET API GATE SETTING.

2022-10-19 12:58:49,520 | INFO | Is use checkpoint gate: 1

2022-10-19 12:58:49,521 | INFO | Start GET TOKEN API.

2022-10-19 12:58:49,521 | INFO | GET TOKEN API: Uri gate: http://192.168.127.2:8080/api/

2022-10-19 12:58:49,521 | INFO | GET TOKEN API: Username: checkpoint - Password: checkpoint

2022-10-19 12:58:49,811 | INFO | GET TOKEN API: Result Content: {"accessToken":"eyJhbGciOiJIUzUxMiJ9.eyJzdWIiOiJjaGVja3BvaW50IiwiaWF0IjoxNjY2MTUxODY2LCJleHAiOjE2NjYyMzgyNjZ9.zGf4A3Us5jQQM23Wvr07boS24u72eFyYuUbgb6_HVVW1dV2DMh7wWporLNXNT6z1_Bu9Nc9z9kJP51jNYChUEQ","tokenType":"Bearer"}

2022-10-19 12:58:49,826 | INFO | GET TOKEN API: Token: Bearer eyJhbGciOiJIUzUxMiJ9.eyJzdWIiOiJjaGVja3BvaW50IiwiaWF0IjoxNjY2MTUxODY2LCJleHAiOjE2NjYyMzgyNjZ9.zGf4A3Us5jQQM23Wvr07boS24u72eFyYuUbgb6_HVVW1dV2DMh7wWporLNXNT6z1_Bu9Nc9z9kJP51jNYChUEQ

2022-10-19 12:58:54,197 | INFO | Start UNLOAD GATE API.

2022-10-19 12:58:54,198 | INFO | UNLOAD GATE API: IP Gate: http://192.168.127.2:8080/api/

2022-10-19 12:58:54,198 | INFO | UNLOAD GATE API: Num of RFIDS: 1

2022-10-19 12:58:54,198 | INFO | UNLOAD GATE API: rf: 00DD20220702000058000618

2022-10-19 12:58:54,200 | INFO | UNLOAD GATE API: RFID code: 00DD20220702000058000618

2022-10-19 12:58:54,603 | INFO | UNLOAD GATE API: Result Content: {"code":"200","message":"1 EPC Removed from Inventoy"}

2022-10-19 12:58:54,604 | INFO | UNLOAD GATE API: Remove RFID 00DD20220702000058000618

2022-10-19 13:28:50,871 | INFO | Start GET API GATE SETTING.

2022-10-19 13:28:50,924 | INFO | Is use checkpoint gate: 1

2022-10-19 13:28:50,927 | INFO | Start GET TOKEN API.

2022-10-19 13:28:50,927 | INFO | GET TOKEN API: Uri gate: http://192.168.127.2:8080/api/

2022-10-19 13:28:50,928 | INFO | GET TOKEN API: Username: checkpoint - Password: checkpoint

2022-10-19 13:28:51,257 | INFO | GET TOKEN API: Result Content: {"accessToken":"eyJhbGciOiJIUzUxMiJ9.eyJzdWIiOiJjaGVja3BvaW50IiwiaWF0IjoxNjY2MTUzNjY4LCJleHAiOjE2NjYyNDAwNjh9.Wnts6QOXEaY6T4FMGX7hym0i-lATZ1lhg1NQSDWzHhm6EBqJN1Q9OJ9X4f0igmpvOKvy1m9v9Eb7BJTRtIOcFQ","tokenType":"Bearer"}

2022-10-19 13:28:51,259 | INFO | GET TOKEN API: Token: Bearer eyJhbGciOiJIUzUxMiJ9.eyJzdWIiOiJjaGVja3BvaW50IiwiaWF0IjoxNjY2MTUzNjY4LCJleHAiOjE2NjYyNDAwNjh9.Wnts6QOXEaY6T4FMGX7hym0i-lATZ1lhg1NQSDWzHhm6EBqJN1Q9OJ9X4f0igmpvOKvy1m9v9Eb7BJTRtIOcFQ

2022-10-19 13:28:57,559 | INFO | Start UNLOAD GATE API.

2022-10-19 13:28:57,559 | INFO | UNLOAD GATE API: IP Gate: http://192.168.127.2:8080/api/

2022-10-19 13:28:57,560 | INFO | UNLOAD GATE API: Num of RFIDS: 3

2022-10-19 13:28:57,560 | INFO | UNLOAD GATE API: rf: 00DD20220703000058000538

2022-10-19 13:28:57,562 | INFO | UNLOAD GATE API: RFID code: 00DD20220703000058000538

2022-10-19 13:28:57,643 | INFO | UNLOAD GATE API: Result Content: {"code":"200","message":"1 EPC Removed from Inventoy"}

2022-10-19 13:28:57,643 | INFO | UNLOAD GATE API: Remove RFID 00DD20220703000058000538

2022-10-19 13:28:57,643 | INFO | UNLOAD GATE API: rf: 00DD20220703000058000539

2022-10-19 13:28:57,644 | INFO | UNLOAD GATE API: RFID code: 00DD20220703000058000539

2022-10-19 13:28:57,700 | INFO | UNLOAD GATE API: Result Content: {"code":"200","message":"1 EPC Removed from Inventoy"}

2022-10-19 13:28:57,700 | INFO | UNLOAD GATE API: Remove RFID 00DD20220703000058000539

2022-10-19 13:28:57,700 | INFO | UNLOAD GATE API: rf: 00DD20220703000058000540

2022-10-19 13:28:57,700 | INFO | UNLOAD GATE API: RFID code: 00DD20220703000058000540

2022-10-19 13:28:57,736 | INFO | UNLOAD GATE API: Result Content: {"code":"200","message":"1 EPC Removed from Inventoy"}

2022-10-19 13:28:57,736 | INFO | UNLOAD GATE API: Remove RFID 00DD20220703000058000540

2022-10-19 14:13:18,010 | INFO | Start GET API GATE SETTING.

2022-10-19 14:13:18,068 | INFO | Is use checkpoint gate: 1

2022-10-19 14:13:18,070 | INFO | Start GET TOKEN API.

2022-10-19 14:13:18,071 | INFO | GET TOKEN API: Uri gate: http://192.168.127.2:8080/api/

2022-10-19 14:13:18,071 | INFO | GET TOKEN API: Username: checkpoint - Password: checkpoint

2022-10-19 14:13:19,121 | INFO | GET TOKEN API: Result Content: {"accessToken":"eyJhbGciOiJIUzUxMiJ9.eyJzdWIiOiJjaGVja3BvaW50IiwiaWF0IjoxNjY2MTU2MzM2LCJleHAiOjE2NjYyNDI3MzZ9.72mUpNmlhZGNZCnZvNHyWcYuVyjR5IaLWYzHs9JiVULpn8hsgIq71eLvN8NjlEsInVN76_WZ6zT_3s6AS1A1OA","tokenType":"Bearer"}

2022-10-19 14:13:19,121 | INFO | GET TOKEN API: Token: Bearer eyJhbGciOiJIUzUxMiJ9.eyJzdWIiOiJjaGVja3BvaW50IiwiaWF0IjoxNjY2MTU2MzM2LCJleHAiOjE2NjYyNDI3MzZ9.72mUpNmlhZGNZCnZvNHyWcYuVyjR5IaLWYzHs9JiVULpn8hsgIq71eLvN8NjlEsInVN76_WZ6zT_3s6AS1A1OA

2022-10-19 14:13:25,613 | INFO | Start UNLOAD GATE API.

2022-10-19 14:13:25,613 | INFO | UNLOAD GATE API: IP Gate: http://192.168.127.2:8080/api/

2022-10-19 14:13:25,614 | INFO | UNLOAD GATE API: Num of RFIDS: 3

2022-10-19 14:13:25,614 | INFO | UNLOAD GATE API: rf: 00DD20220703000058000539

2022-10-19 14:13:25,615 | INFO | UNLOAD GATE API: RFID code: 00DD20220703000058000539

2022-10-19 14:13:26,006 | INFO | UNLOAD GATE API: Result Content: {"code":"200","message":"1 EPC Removed from Inventoy"}

2022-10-19 14:13:26,006 | INFO | UNLOAD GATE API: Remove RFID 00DD20220703000058000539

2022-10-19 14:13:26,006 | INFO | UNLOAD GATE API: rf: 00DD20220703000058000538

2022-10-19 14:13:26,007 | INFO | UNLOAD GATE API: RFID code: 00DD20220703000058000538

2022-10-19 14:13:26,059 | INFO | UNLOAD GATE API: Result Content: {"code":"200","message":"1 EPC Removed from Inventoy"}

2022-10-19 14:13:26,059 | INFO | UNLOAD GATE API: Remove RFID 00DD20220703000058000538

2022-10-19 14:13:26,059 | INFO | UNLOAD GATE API: rf: 00DD20220703000058000540

2022-10-19 14:13:26,059 | INFO | UNLOAD GATE API: RFID code: 00DD20220703000058000540

2022-10-19 14:13:26,105 | INFO | UNLOAD GATE API: Result Content: {"code":"200","message":"1 EPC Removed from Inventoy"}

2022-10-19 14:13:26,105 | INFO | UNLOAD GATE API: Remove RFID 00DD20220703000058000540

2022-10-19 14:13:40,579 | INFO | Start GET API GATE SETTING.

2022-10-19 14:13:40,598 | INFO | Is use checkpoint gate: 1

2022-10-19 14:13:40,599 | INFO | Start GET TOKEN API.

2022-10-19 14:13:40,599 | INFO | GET TOKEN API: Uri gate: http://192.168.127.2:8080/api/

2022-10-19 14:13:40,600 | INFO | GET TOKEN API: Username: checkpoint - Password: checkpoint

2022-10-19 14:13:40,922 | INFO | GET TOKEN API: Result Content: {"accessToken":"eyJhbGciOiJIUzUxMiJ9.eyJzdWIiOiJjaGVja3BvaW50IiwiaWF0IjoxNjY2MTU2MzU4LCJleHAiOjE2NjYyNDI3NTh9.oiSeA22JWwQkDuj5ISGbG0Aoe9S_HHbQ7lk4WN4Z_F8hEgy8yKqjdxsjocU-2tvRFD6Rk7MNTNMAhjSNNXJV5Q","tokenType":"Bearer"}

2022-10-19 14:13:40,922 | INFO | GET TOKEN API: Token: Bearer eyJhbGciOiJIUzUxMiJ9.eyJzdWIiOiJjaGVja3BvaW50IiwiaWF0IjoxNjY2MTU2MzU4LCJleHAiOjE2NjYyNDI3NTh9.oiSeA22JWwQkDuj5ISGbG0Aoe9S_HHbQ7lk4WN4Z_F8hEgy8yKqjdxsjocU-2tvRFD6Rk7MNTNMAhjSNNXJV5Q

2022-10-19 14:13:46,858 | INFO | Start UNLOAD GATE API.

2022-10-19 14:13:46,858 | INFO | UNLOAD GATE API: IP Gate: http://192.168.127.2:8080/api/

2022-10-19 14:13:46,859 | INFO | UNLOAD GATE API: Num of RFIDS: 3

2022-10-19 14:13:46,859 | INFO | UNLOAD GATE API: rf: 00DD20220703000058000538

2022-10-19 14:13:46,860 | INFO | UNLOAD GATE API: RFID code: 00DD20220703000058000538

2022-10-19 14:13:46,934 | INFO | UNLOAD GATE API: Result Content: {"code":"200","message":"1 EPC Removed from Inventoy"}

2022-10-19 14:13:46,934 | INFO | UNLOAD GATE API: Remove RFID 00DD20220703000058000538

2022-10-19 14:13:46,935 | INFO | UNLOAD GATE API: rf: 00DD20220703000058000539

2022-10-19 14:13:46,935 | INFO | UNLOAD GATE API: RFID code: 00DD20220703000058000539

2022-10-19 14:13:46,981 | INFO | UNLOAD GATE API: Result Content: {"code":"200","message":"1 EPC Removed from Inventoy"}

2022-10-19 14:13:46,981 | INFO | UNLOAD GATE API: Remove RFID 00DD20220703000058000539

2022-10-19 14:13:46,982 | INFO | UNLOAD GATE API: rf: 00DD20220703000058000540

2022-10-19 14:13:46,982 | INFO | UNLOAD GATE API: RFID code: 00DD20220703000058000540

2022-10-19 14:13:47,010 | INFO | UNLOAD GATE API: Result Content: {"code":"200","message":"1 EPC Removed from Inventoy"}

2022-10-19 14:13:47,010 | INFO | UNLOAD GATE API: Remove RFID 00DD20220703000058000540

2022-10-19 14:14:50,382 | INFO | Start GET API GATE SETTING.

2022-10-19 14:14:50,457 | INFO | Is use checkpoint gate: 1

2022-10-19 14:14:50,459 | INFO | Start GET TOKEN API.

2022-10-19 14:14:50,459 | INFO | GET TOKEN API: Uri gate: http://192.168.127.2:8080/api/

2022-10-19 14:14:50,459 | INFO | GET TOKEN API: Username: checkpoint - Password: checkpoint

2022-10-19 14:14:50,781 | INFO | GET TOKEN API: Result Content: {"accessToken":"eyJhbGciOiJIUzUxMiJ9.eyJzdWIiOiJjaGVja3BvaW50IiwiaWF0IjoxNjY2MTU2NDI3LCJleHAiOjE2NjYyNDI4Mjd9.oPax_bT_ZYjoL_byBPK9nF8YufqCoSRJEFZzXEUcBKgWx4Pabtj1IcxeGg0Hfa5at7qCTumyTkl74wFJtbLvdg","tokenType":"Bearer"}

2022-10-19 14:14:50,782 | INFO | GET TOKEN API: Token: Bearer eyJhbGciOiJIUzUxMiJ9.eyJzdWIiOiJjaGVja3BvaW50IiwiaWF0IjoxNjY2MTU2NDI3LCJleHAiOjE2NjYyNDI4Mjd9.oPax_bT_ZYjoL_byBPK9nF8YufqCoSRJEFZzXEUcBKgWx4Pabtj1IcxeGg0Hfa5at7qCTumyTkl74wFJtbLvdg

2022-10-19 14:14:56,681 | INFO | Start UNLOAD GATE API.

2022-10-19 14:14:56,681 | INFO | UNLOAD GATE API: IP Gate: http://192.168.127.2:8080/api/

2022-10-19 14:14:56,681 | INFO | UNLOAD GATE API: Num of RFIDS: 3

2022-10-19 14:14:56,682 | INFO | UNLOAD GATE API: rf: 00DD20220703000058000538

2022-10-19 14:14:56,684 | INFO | UNLOAD GATE API: RFID code: 00DD20220703000058000538

2022-10-19 14:14:56,737 | INFO | UNLOAD GATE API: Result Content: {"code":"200","message":"1 EPC Removed from Inventoy"}

2022-10-19 14:14:56,738 | INFO | UNLOAD GATE API: Remove RFID 00DD20220703000058000538

2022-10-19 14:14:56,738 | INFO | UNLOAD GATE API: rf: 00DD20220703000058000539

2022-10-19 14:14:56,738 | INFO | UNLOAD GATE API: RFID code: 00DD20220703000058000539

2022-10-19 14:14:56,775 | INFO | UNLOAD GATE API: Result Content: {"code":"200","message":"1 EPC Removed from Inventoy"}

2022-10-19 14:14:56,776 | INFO | UNLOAD GATE API: Remove RFID 00DD20220703000058000539

2022-10-19 14:14:56,776 | INFO | UNLOAD GATE API: rf: 00DD20220703000058000540

2022-10-19 14:14:56,776 | INFO | UNLOAD GATE API: RFID code: 00DD20220703000058000540

2022-10-19 14:14:56,812 | INFO | UNLOAD GATE API: Result Content: {"code":"200","message":"1 EPC Removed from Inventoy"}

2022-10-19 14:14:56,812 | INFO | UNLOAD GATE API: Remove RFID 00DD20220703000058000540

2022-10-19 14:49:51,656 | INFO | Start GET API GATE SETTING.

2022-10-19 14:49:51,715 | INFO | Is use checkpoint gate: 1

2022-10-19 14:49:51,718 | INFO | Start GET TOKEN API.

2022-10-19 14:49:51,718 | INFO | GET TOKEN API: Uri gate: http://192.168.127.2:8080/api/

2022-10-19 14:49:51,718 | INFO | GET TOKEN API: Username: checkpoint - Password: checkpoint

2022-10-19 14:49:52,057 | INFO | GET TOKEN API: Result Content: {"accessToken":"eyJhbGciOiJIUzUxMiJ9.eyJzdWIiOiJjaGVja3BvaW50IiwiaWF0IjoxNjY2MTU4NTI5LCJleHAiOjE2NjYyNDQ5Mjl9.A8o9KtmgUmCoSpBKeMPt8RcxLPpidpCOesFtjt585vCOD8lIzG0ZlEdaSbR_jCxPWVOdfnHVk4dnZ3BPkk_iUA","tokenType":"Bearer"}

2022-10-19 14:49:52,057 | INFO | GET TOKEN API: Token: Bearer eyJhbGciOiJIUzUxMiJ9.eyJzdWIiOiJjaGVja3BvaW50IiwiaWF0IjoxNjY2MTU4NTI5LCJleHAiOjE2NjYyNDQ5Mjl9.A8o9KtmgUmCoSpBKeMPt8RcxLPpidpCOesFtjt585vCOD8lIzG0ZlEdaSbR_jCxPWVOdfnHVk4dnZ3BPkk_iUA

2022-10-19 14:49:58,074 | INFO | Start UNLOAD GATE API.

2022-10-19 14:49:58,074 | INFO | UNLOAD GATE API: IP Gate: http://192.168.127.2:8080/api/

2022-10-19 14:49:58,075 | INFO | UNLOAD GATE API: Num of RFIDS: 1

2022-10-19 14:49:58,075 | INFO | UNLOAD GATE API: rf: 00DD20220703000058000539

2022-10-19 14:49:58,078 | INFO | UNLOAD GATE API: RFID code: 00DD20220703000058000539

2022-10-19 14:49:58,146 | INFO | UNLOAD GATE API: Result Content: {"code":"200","message":"1 EPC Removed from Inventoy"}

2022-10-19 14:49:58,147 | INFO | UNLOAD GATE API: Remove RFID 00DD20220703000058000539

2022-10-19 14:58:55,934 | INFO | Start GET API GATE SETTING.

2022-10-19 14:58:55,988 | INFO | Is use checkpoint gate: 1

2022-10-19 14:58:55,991 | INFO | Start GET TOKEN API.

2022-10-19 14:58:55,991 | INFO | GET TOKEN API: Uri gate: http://192.168.127.2:8080/api/

2022-10-19 14:58:55,991 | INFO | GET TOKEN API: Username: checkpoint - Password: checkpoint

2022-10-19 14:58:56,275 | INFO | GET TOKEN API: Result Content: {"accessToken":"eyJhbGciOiJIUzUxMiJ9.eyJzdWIiOiJjaGVja3BvaW50IiwiaWF0IjoxNjY2MTU5MDczLCJleHAiOjE2NjYyNDU0NzN9.Sj0mPOjfSkShcRVNE4xutfrehBQmzkJPTDMImzb1h144gkNCUmwfbnLtUOHIxWx-blCdjuACTAtxa7NRTiYIQQ","tokenType":"Bearer"}

2022-10-19 14:58:56,275 | INFO | GET TOKEN API: Token: Bearer eyJhbGciOiJIUzUxMiJ9.eyJzdWIiOiJjaGVja3BvaW50IiwiaWF0IjoxNjY2MTU5MDczLCJleHAiOjE2NjYyNDU0NzN9.Sj0mPOjfSkShcRVNE4xutfrehBQmzkJPTDMImzb1h144gkNCUmwfbnLtUOHIxWx-blCdjuACTAtxa7NRTiYIQQ

2022-10-19 14:59:02,374 | INFO | Start UNLOAD GATE API.

2022-10-19 14:59:02,375 | INFO | UNLOAD GATE API: IP Gate: http://192.168.127.2:8080/api/

2022-10-19 14:59:02,375 | INFO | UNLOAD GATE API: Num of RFIDS: 2

2022-10-19 14:59:02,375 | INFO | UNLOAD GATE API: rf: 00DD20220702000058000287

2022-10-19 14:59:02,377 | INFO | UNLOAD GATE API: RFID code: 00DD20220702000058000287

2022-10-19 14:59:02,429 | INFO | UNLOAD GATE API: Result Content: {"code":"200","message":"1 EPC Removed from Inventoy"}

2022-10-19 14:59:02,430 | INFO | UNLOAD GATE API: Remove RFID 00DD20220702000058000287

2022-10-19 14:59:02,430 | INFO | UNLOAD GATE API: rf: 00DD20220702000058000294

2022-10-19 14:59:02,431 | INFO | UNLOAD GATE API: RFID code: 00DD20220702000058000294

2022-10-19 14:59:02,472 | INFO | UNLOAD GATE API: Result Content: {"code":"200","message":"1 EPC Removed from Inventoy"}

2022-10-19 14:59:02,473 | INFO | UNLOAD GATE API: Remove RFID 00DD20220702000058000294

2022-10-19 15:06:43,354 | INFO | Start GET API GATE SETTING.

2022-10-19 15:06:43,402 | INFO | Is use checkpoint gate: 1

2022-10-19 15:06:43,405 | INFO | Start GET TOKEN API.

2022-10-19 15:06:43,405 | INFO | GET TOKEN API: Uri gate: http://192.168.127.2:8080/api/

2022-10-19 15:06:43,405 | INFO | GET TOKEN API: Username: checkpoint - Password: checkpoint

2022-10-19 15:06:43,724 | INFO | GET TOKEN API: Result Content: {"accessToken":"eyJhbGciOiJIUzUxMiJ9.eyJzdWIiOiJjaGVja3BvaW50IiwiaWF0IjoxNjY2MTU5NTQxLCJleHAiOjE2NjYyNDU5NDF9.kQqi3DIW4Thdcy01kl90X-V9vAzDAPScpMEbmJOktsoZs4Qb4KW3K3xH2XxzbJXKtAN9tL6m4T9bSdoyyR8k8Q","tokenType":"Bearer"}

2022-10-19 15:06:43,726 | INFO | GET TOKEN API: Token: Bearer eyJhbGciOiJIUzUxMiJ9.eyJzdWIiOiJjaGVja3BvaW50IiwiaWF0IjoxNjY2MTU5NTQxLCJleHAiOjE2NjYyNDU5NDF9.kQqi3DIW4Thdcy01kl90X-V9vAzDAPScpMEbmJOktsoZs4Qb4KW3K3xH2XxzbJXKtAN9tL6m4T9bSdoyyR8k8Q

2022-10-19 15:06:49,723 | INFO | Start UNLOAD GATE API.

2022-10-19 15:06:49,737 | INFO | UNLOAD GATE API: IP Gate: http://192.168.127.2:8080/api/

2022-10-19 15:06:49,737 | INFO | UNLOAD GATE API: Num of RFIDS: 1

2022-10-19 15:06:49,738 | INFO | UNLOAD GATE API: rf: 00DD20220702000058000287

2022-10-19 15:06:49,740 | INFO | UNLOAD GATE API: RFID code: 00DD20220702000058000287

2022-10-19 15:06:49,803 | INFO | UNLOAD GATE API: Result Content: {"code":"200","message":"1 EPC Removed from Inventoy"}

2022-10-19 15:06:49,803 | INFO | UNLOAD GATE API: Remove RFID 00DD20220702000058000287

2022-10-19 15:11:29,954 | INFO | Start GET API GATE SETTING.

2022-10-19 15:11:30,003 | INFO | Is use checkpoint gate: 1

2022-10-19 15:11:30,006 | INFO | Start GET TOKEN API.

2022-10-19 15:11:30,006 | INFO | GET TOKEN API: Uri gate: http://192.168.127.2:8080/api/

2022-10-19 15:11:30,006 | INFO | GET TOKEN API: Username: checkpoint - Password: checkpoint

2022-10-19 15:11:30,291 | INFO | GET TOKEN API: Result Content: {"accessToken":"eyJhbGciOiJIUzUxMiJ9.eyJzdWIiOiJjaGVja3BvaW50IiwiaWF0IjoxNjY2MTU5ODI3LCJleHAiOjE2NjYyNDYyMjd9.3ucg6pDzSNgW5hub44oc7xh3dS6OpaReEiHM_rJjbwaZVl9UsByZ3Kv_WO8rPIjg6qDAmILH8lrKyHQEzH-f0A","tokenType":"Bearer"}

2022-10-19 15:11:30,291 | INFO | GET TOKEN API: Token: Bearer eyJhbGciOiJIUzUxMiJ9.eyJzdWIiOiJjaGVja3BvaW50IiwiaWF0IjoxNjY2MTU5ODI3LCJleHAiOjE2NjYyNDYyMjd9.3ucg6pDzSNgW5hub44oc7xh3dS6OpaReEiHM_rJjbwaZVl9UsByZ3Kv_WO8rPIjg6qDAmILH8lrKyHQEzH-f0A

2022-10-19 15:11:36,328 | INFO | Start UNLOAD GATE API.

2022-10-19 15:11:36,329 | INFO | UNLOAD GATE API: IP Gate: http://192.168.127.2:8080/api/

2022-10-19 15:11:36,329 | INFO | UNLOAD GATE API: Num of RFIDS: 1

2022-10-19 15:11:36,329 | INFO | UNLOAD GATE API: rf: 00DD20220702000058000287

2022-10-19 15:11:36,331 | INFO | UNLOAD GATE API: RFID code: 00DD20220702000058000287

2022-10-19 15:11:36,388 | INFO | UNLOAD GATE API: Result Content: {"code":"200","message":"1 EPC Removed from Inventoy"}

2022-10-19 15:11:36,389 | INFO | UNLOAD GATE API: Remove RFID 00DD20220702000058000287

2022-10-19 15:19:12,931 | INFO | Start GET API GATE SETTING.

2022-10-19 15:19:12,978 | INFO | Is use checkpoint gate: 1

2022-10-19 15:19:12,980 | INFO | Start GET TOKEN API.

2022-10-19 15:19:12,981 | INFO | GET TOKEN API: Uri gate: http://192.168.127.2:8080/api/

2022-10-19 15:19:12,981 | INFO | GET TOKEN API: Username: checkpoint - Password: checkpoint

2022-10-19 15:19:13,300 | INFO | GET TOKEN API: Result Content: {"accessToken":"eyJhbGciOiJIUzUxMiJ9.eyJzdWIiOiJjaGVja3BvaW50IiwiaWF0IjoxNjY2MTYwMjkwLCJleHAiOjE2NjYyNDY2OTB9.AE-dgIuzk8pIssxQ6OlTLG1vcfpKRzC1Ez9Olbh5S19feidR20mpwnSf-VJFxQYYJ33OVaJ6Bw2BlEW9hN0vtw","tokenType":"Bearer"}

2022-10-19 15:19:13,301 | INFO | GET TOKEN API: Token: Bearer eyJhbGciOiJIUzUxMiJ9.eyJzdWIiOiJjaGVja3BvaW50IiwiaWF0IjoxNjY2MTYwMjkwLCJleHAiOjE2NjYyNDY2OTB9.AE-dgIuzk8pIssxQ6OlTLG1vcfpKRzC1Ez9Olbh5S19feidR20mpwnSf-VJFxQYYJ33OVaJ6Bw2BlEW9hN0vtw

2022-10-19 15:19:18,497 | INFO | Start UNLOAD GATE API.

2022-10-19 15:19:18,497 | INFO | UNLOAD GATE API: IP Gate: http://192.168.127.2:8080/api/

2022-10-19 15:19:18,500 | INFO | UNLOAD GATE API: Num of RFIDS: 3

2022-10-19 15:19:18,500 | INFO | UNLOAD GATE API: rf: 00DD20220703000058000502

2022-10-19 15:19:18,502 | INFO | UNLOAD GATE API: RFID code: 00DD20220703000058000502

2022-10-19 15:19:18,558 | INFO | UNLOAD GATE API: Result Content: {"code":"200","message":"1 EPC Removed from Inventoy"}

2022-10-19 15:19:18,558 | INFO | UNLOAD GATE API: Remove RFID 00DD20220703000058000502

2022-10-19 15:19:18,559 | INFO | UNLOAD GATE API: rf: 00DD20220703000058000999

2022-10-19 15:19:18,559 | INFO | UNLOAD GATE API: RFID code: 00DD20220703000058000999

2022-10-19 15:19:18,596 | INFO | UNLOAD GATE API: Result Content: {"code":"200","message":"1 EPC Removed from Inventoy"}

2022-10-19 15:19:18,597 | INFO | UNLOAD GATE API: Remove RFID 00DD20220703000058000999

2022-10-19 15:19:18,597 | INFO | UNLOAD GATE API: rf: 00DD20220702000058000625

2022-10-19 15:19:18,597 | INFO | UNLOAD GATE API: RFID code: 00DD20220702000058000625

2022-10-19 15:19:18,640 | INFO | UNLOAD GATE API: Result Content: {"code":"200","message":"1 EPC Removed from Inventoy"}

2022-10-19 15:19:18,640 | INFO | UNLOAD GATE API: Remove RFID 00DD20220702000058000625

2022-10-19 15:22:42,141 | INFO | Start GET API GATE SETTING.

2022-10-19 15:22:42,188 | INFO | Is use checkpoint gate: 1

2022-10-19 15:22:42,191 | INFO | Start GET TOKEN API.

2022-10-19 15:22:42,191 | INFO | GET TOKEN API: Uri gate: http://192.168.127.2:8080/api/

2022-10-19 15:22:42,191 | INFO | GET TOKEN API: Username: checkpoint - Password: checkpoint

2022-10-19 15:22:42,498 | INFO | GET TOKEN API: Result Content: {"accessToken":"eyJhbGciOiJIUzUxMiJ9.eyJzdWIiOiJjaGVja3BvaW50IiwiaWF0IjoxNjY2MTYwNDk5LCJleHAiOjE2NjYyNDY4OTl9.AJN9CZnX2t5DBp44hFgPFiKGmKBVCBquBE_F6OMZScla6xXwutMbr43TQhr0d2nbvc-ns2Reowoqta4zYO55YQ","tokenType":"Bearer"}

2022-10-19 15:22:42,498 | INFO | GET TOKEN API: Token: Bearer eyJhbGciOiJIUzUxMiJ9.eyJzdWIiOiJjaGVja3BvaW50IiwiaWF0IjoxNjY2MTYwNDk5LCJleHAiOjE2NjYyNDY4OTl9.AJN9CZnX2t5DBp44hFgPFiKGmKBVCBquBE_F6OMZScla6xXwutMbr43TQhr0d2nbvc-ns2Reowoqta4zYO55YQ

2022-10-19 15:22:47,238 | INFO | Start UNLOAD GATE API.

2022-10-19 15:22:47,239 | INFO | UNLOAD GATE API: IP Gate: http://192.168.127.2:8080/api/

2022-10-19 15:22:47,239 | INFO | UNLOAD GATE API: Num of RFIDS: 1

2022-10-19 15:22:47,239 | INFO | UNLOAD GATE API: rf: 00DD20220702000058000078

2022-10-19 15:22:47,241 | INFO | UNLOAD GATE API: RFID code: 00DD20220702000058000078

2022-10-19 15:22:47,294 | INFO | UNLOAD GATE API: Result Content: {"code":"200","message":"1 EPC Removed from Inventoy"}

2022-10-19 15:22:47,294 | INFO | UNLOAD GATE API: Remove RFID 00DD20220702000058000078

2022-10-19 15:27:30,314 | INFO | Start GET API GATE SETTING.

2022-10-19 15:27:30,334 | INFO | Is use checkpoint gate: 1

2022-10-19 15:27:30,334 | INFO | Start GET TOKEN API.

2022-10-19 15:27:30,335 | INFO | GET TOKEN API: Uri gate: http://192.168.127.2:8080/api/

2022-10-19 15:27:30,335 | INFO | GET TOKEN API: Username: checkpoint - Password: checkpoint

2022-10-19 15:27:30,649 | INFO | GET TOKEN API: Result Content: {"accessToken":"eyJhbGciOiJIUzUxMiJ9.eyJzdWIiOiJjaGVja3BvaW50IiwiaWF0IjoxNjY2MTYwNzg4LCJleHAiOjE2NjYyNDcxODh9.MkerMhL7lizq4tlWtcsPjuVmnuE1sHdyN1R_b6W-3WRw7rygCjtwDCBG0UcptJLGn7h8kHYxQBT1P6j1-iFBSg","tokenType":"Bearer"}

2022-10-19 15:27:30,649 | INFO | GET TOKEN API: Token: Bearer eyJhbGciOiJIUzUxMiJ9.eyJzdWIiOiJjaGVja3BvaW50IiwiaWF0IjoxNjY2MTYwNzg4LCJleHAiOjE2NjYyNDcxODh9.MkerMhL7lizq4tlWtcsPjuVmnuE1sHdyN1R_b6W-3WRw7rygCjtwDCBG0UcptJLGn7h8kHYxQBT1P6j1-iFBSg

2022-10-19 15:27:36,462 | INFO | Start UNLOAD GATE API.

2022-10-19 15:27:36,462 | INFO | UNLOAD GATE API: IP Gate: http://192.168.127.2:8080/api/

2022-10-19 15:27:36,463 | INFO | UNLOAD GATE API: Num of RFIDS: 1

2022-10-19 15:27:36,463 | INFO | UNLOAD GATE API: rf: 00DD20220703000058000502

2022-10-19 15:27:36,463 | INFO | UNLOAD GATE API: RFID code: 00DD20220703000058000502

2022-10-19 15:27:36,516 | INFO | UNLOAD GATE API: Result Content: {"code":"200","message":"1 EPC Removed from Inventoy"}

2022-10-19 15:27:36,517 | INFO | UNLOAD GATE API: Remove RFID 00DD20220703000058000502

2022-10-19 15:28:41,828 | INFO | Start GET API GATE SETTING.

2022-10-19 15:28:41,848 | INFO | Is use checkpoint gate: 1

2022-10-19 15:28:41,848 | INFO | Start GET TOKEN API.

2022-10-19 15:28:41,849 | INFO | GET TOKEN API: Uri gate: http://192.168.127.2:8080/api/

2022-10-19 15:28:41,849 | INFO | GET TOKEN API: Username: checkpoint - Password: checkpoint

2022-10-19 15:28:42,172 | INFO | GET TOKEN API: Result Content: {"accessToken":"eyJhbGciOiJIUzUxMiJ9.eyJzdWIiOiJjaGVja3BvaW50IiwiaWF0IjoxNjY2MTYwODU5LCJleHAiOjE2NjYyNDcyNTl9.ayLJQ2NnUokPFWnq6edTYh0YyCT1SLGbwyaXWCy-jUUyhhuyeDvEnzLCeoJP9KTv3907KtlIQutMX28qFv_XNQ","tokenType":"Bearer"}

2022-10-19 15:28:42,172 | INFO | GET TOKEN API: Token: Bearer eyJhbGciOiJIUzUxMiJ9.eyJzdWIiOiJjaGVja3BvaW50IiwiaWF0IjoxNjY2MTYwODU5LCJleHAiOjE2NjYyNDcyNTl9.ayLJQ2NnUokPFWnq6edTYh0YyCT1SLGbwyaXWCy-jUUyhhuyeDvEnzLCeoJP9KTv3907KtlIQutMX28qFv_XNQ

2022-10-19 15:28:47,982 | INFO | Start UNLOAD GATE API.

2022-10-19 15:28:47,983 | INFO | UNLOAD GATE API: IP Gate: http://192.168.127.2:8080/api/

2022-10-19 15:28:47,983 | INFO | UNLOAD GATE API: Num of RFIDS: 1

2022-10-19 15:28:47,983 | INFO | UNLOAD GATE API: rf: 00DD20220702000058000078

2022-10-19 15:28:47,984 | INFO | UNLOAD GATE API: RFID code: 00DD20220702000058000078

2022-10-19 15:28:48,039 | INFO | UNLOAD GATE API: Result Content: {"code":"200","message":"1 EPC Removed from Inventoy"}

2022-10-19 15:28:48,039 | INFO | UNLOAD GATE API: Remove RFID 00DD20220702000058000078

2022-10-19 15:39:26,357 | INFO | Start GET API GATE SETTING.

2022-10-19 15:39:26,407 | INFO | Is use checkpoint gate: 1

2022-10-19 15:39:26,410 | INFO | Start GET TOKEN API.

2022-10-19 15:39:26,411 | INFO | GET TOKEN API: Uri gate: http://192.168.127.2:8080/api/

2022-10-19 15:39:26,411 | INFO | GET TOKEN API: Username: checkpoint - Password: checkpoint

2022-10-19 15:39:26,723 | INFO | GET TOKEN API: Result Content: {"accessToken":"eyJhbGciOiJIUzUxMiJ9.eyJzdWIiOiJjaGVja3BvaW50IiwiaWF0IjoxNjY2MTYxNTA0LCJleHAiOjE2NjYyNDc5MDR9.hQ9wJHZI3AMR1jZ6ge7n7T3KOQntUsZKFrsfV95IaPQ75ZkHmCsONWtDh-SNp5qAwOIYoKgjrxA9dw2cuRZj1A","tokenType":"Bearer"}

2022-10-19 15:39:26,723 | INFO | GET TOKEN API: Token: Bearer eyJhbGciOiJIUzUxMiJ9.eyJzdWIiOiJjaGVja3BvaW50IiwiaWF0IjoxNjY2MTYxNTA0LCJleHAiOjE2NjYyNDc5MDR9.hQ9wJHZI3AMR1jZ6ge7n7T3KOQntUsZKFrsfV95IaPQ75ZkHmCsONWtDh-SNp5qAwOIYoKgjrxA9dw2cuRZj1A

2022-10-19 15:39:32,451 | INFO | Start UNLOAD GATE API.

2022-10-19 15:39:32,452 | INFO | UNLOAD GATE API: IP Gate: http://192.168.127.2:8080/api/

2022-10-19 15:39:32,452 | INFO | UNLOAD GATE API: Num of RFIDS: 1

2022-10-19 15:39:32,452 | INFO | UNLOAD GATE API: rf: 00DD20220702000058000078

2022-10-19 15:39:32,454 | INFO | UNLOAD GATE API: RFID code: 00DD20220702000058000078

2022-10-19 15:39:32,515 | INFO | UNLOAD GATE API: Result Content: {"code":"200","message":"1 EPC Removed from Inventoy"}

2022-10-19 15:39:32,515 | INFO | UNLOAD GATE API: Remove RFID 00DD20220702000058000078

2022-10-19 16:11:17,706 | INFO | Start GET API GATE SETTING.

2022-10-19 16:11:17,755 | INFO | Is use checkpoint gate: 1

2022-10-19 16:11:17,757 | INFO | Start GET TOKEN API.

2022-10-19 16:11:17,758 | INFO | GET TOKEN API: Uri gate: http://192.168.127.2:8080/api/

2022-10-19 16:11:17,758 | INFO | GET TOKEN API: Username: checkpoint - Password: checkpoint

2022-10-19 16:11:18,068 | INFO | GET TOKEN API: Result Content: {"accessToken":"eyJhbGciOiJIUzUxMiJ9.eyJzdWIiOiJjaGVja3BvaW50IiwiaWF0IjoxNjY2MTYzNDE1LCJleHAiOjE2NjYyNDk4MTV9.9I4OmnfBtx29-xJOcT9jastEgCMprHmVyMAAqDp69GOt4Cargw7B_9OWRFmd4KkPpL3JbkSoJb4_BLVHHxV1CQ","tokenType":"Bearer"}

2022-10-19 16:11:18,069 | INFO | GET TOKEN API: Token: Bearer eyJhbGciOiJIUzUxMiJ9.eyJzdWIiOiJjaGVja3BvaW50IiwiaWF0IjoxNjY2MTYzNDE1LCJleHAiOjE2NjYyNDk4MTV9.9I4OmnfBtx29-xJOcT9jastEgCMprHmVyMAAqDp69GOt4Cargw7B_9OWRFmd4KkPpL3JbkSoJb4_BLVHHxV1CQ

2022-10-19 16:11:24,123 | INFO | Start UNLOAD GATE API.

2022-10-19 16:11:24,123 | INFO | UNLOAD GATE API: IP Gate: http://192.168.127.2:8080/api/

2022-10-19 16:11:24,124 | INFO | UNLOAD GATE API: Num of RFIDS: 1

2022-10-19 16:11:24,124 | INFO | UNLOAD GATE API: rf: 00DD20220702000058000078

2022-10-19 16:11:24,126 | INFO | UNLOAD GATE API: RFID code: 00DD20220702000058000078

2022-10-19 16:11:24,181 | INFO | UNLOAD GATE API: Result Content: {"code":"200","message":"1 EPC Removed from Inventoy"}

2022-10-19 16:11:24,181 | INFO | UNLOAD GATE API: Remove RFID 00DD20220702000058000078

2022-10-19 16:32:33,142 | INFO | Start GET API GATE SETTING.

2022-10-19 16:32:33,162 | INFO | Is use checkpoint gate: 0

