2022-09-28 17:37:37,626 | INFO | Start GET API GATE SETTING.

2022-09-28 17:37:37,685 | INFO | Is use checkpoint gate: 1

2022-09-28 17:37:37,687 | INFO | Start GET TOKEN API.

2022-09-28 17:37:37,687 | INFO | GET TOKEN API: Uri gate: http://192.168.127.2:8080/api/

2022-09-28 17:37:37,687 | INFO | GET TOKEN API: Username: checkpoint - Password: checkpoint

2022-09-28 17:37:38,718 | INFO | GET TOKEN API: Result Content: {"accessToken":"eyJhbGciOiJIUzUxMiJ9.eyJzdWIiOiJjaGVja3BvaW50IiwiaWF0IjoxNjY0MzU0MjExLCJleHAiOjE2NjQ0NDA2MTF9.oXA9vcQNveYKzQ4KUL8hk_ce8UKcFNhnbDnxQ4IaHH3rLTmaSRLAMjF4gLf60utPRQ-cmPSfzjgqUET_0vj9hQ","tokenType":"Bearer"}

2022-09-28 17:37:38,718 | INFO | GET TOKEN API: Token: Bearer eyJhbGciOiJIUzUxMiJ9.eyJzdWIiOiJjaGVja3BvaW50IiwiaWF0IjoxNjY0MzU0MjExLCJleHAiOjE2NjQ0NDA2MTF9.oXA9vcQNveYKzQ4KUL8hk_ce8UKcFNhnbDnxQ4IaHH3rLTmaSRLAMjF4gLf60utPRQ-cmPSfzjgqUET_0vj9hQ

2022-09-28 17:37:47,097 | INFO | Start UNLOAD GATE API.

2022-09-28 17:37:47,097 | INFO | UNLOAD GATE API: IP Gate: http://192.168.127.2:8080/api/

2022-09-28 17:37:47,107 | INFO | UNLOAD GATE API: Num of RFIDS: 3

2022-09-28 17:37:47,108 | INFO | UNLOAD GATE API: rf: 00DD20220702000058000149

2022-09-28 17:37:47,109 | INFO | UNLOAD GATE API: RFID code: 00DD20220702000058000149

2022-09-28 17:37:47,481 | INFO | UNLOAD GATE API: Result Content: {"code":"200","message":"1 EPC Removed from Inventoy"}

2022-09-28 17:37:47,481 | INFO | UNLOAD GATE API: Remove RFID 00DD20220702000058000149

2022-09-28 17:37:47,481 | INFO | UNLOAD GATE API: rf: 00DD20220702000058000230

2022-09-28 17:37:47,482 | INFO | UNLOAD GATE API: RFID code: 00DD20220702000058000230

2022-09-28 17:37:47,526 | INFO | UNLOAD GATE API: Result Content: {"code":"200","message":"1 EPC Removed from Inventoy"}

2022-09-28 17:37:47,526 | INFO | UNLOAD GATE API: Remove RFID 00DD20220702000058000230

2022-09-28 17:37:47,527 | INFO | UNLOAD GATE API: rf: 00DD20220702000058000124

2022-09-28 17:37:47,527 | INFO | UNLOAD GATE API: RFID code: 00DD20220702000058000124

2022-09-28 17:37:47,568 | INFO | UNLOAD GATE API: Result Content: {"code":"200","message":"1 EPC Removed from Inventoy"}

2022-09-28 17:37:47,568 | INFO | UNLOAD GATE API: Remove RFID 00DD20220702000058000124

2022-09-28 17:43:26,105 | INFO | Start GET API GATE SETTING.

2022-09-28 17:43:26,152 | INFO | Is use checkpoint gate: 1

2022-09-28 17:43:26,155 | INFO | Start GET TOKEN API.

2022-09-28 17:43:26,155 | INFO | GET TOKEN API: Uri gate: http://192.168.127.2:8080/api/

2022-09-28 17:43:26,155 | INFO | GET TOKEN API: Username: checkpoint - Password: checkpoint

2022-09-28 17:43:26,480 | INFO | GET TOKEN API: Result Content: {"accessToken":"eyJhbGciOiJIUzUxMiJ9.eyJzdWIiOiJjaGVja3BvaW50IiwiaWF0IjoxNjY0MzU0NTU5LCJleHAiOjE2NjQ0NDA5NTl9.28S7Pq7A2qCBq6CK5IdqIa28rqad4katF52Ozdcm58KCvfxFmj3rrCFzE8ljkeqa7SHy1DEmgOpYE5ycAsFNRw","tokenType":"Bearer"}

2022-09-28 17:43:26,481 | INFO | GET TOKEN API: Token: Bearer eyJhbGciOiJIUzUxMiJ9.eyJzdWIiOiJjaGVja3BvaW50IiwiaWF0IjoxNjY0MzU0NTU5LCJleHAiOjE2NjQ0NDA5NTl9.28S7Pq7A2qCBq6CK5IdqIa28rqad4katF52Ozdcm58KCvfxFmj3rrCFzE8ljkeqa7SHy1DEmgOpYE5ycAsFNRw

2022-09-28 17:43:36,247 | INFO | Start GET API GATE SETTING.

2022-09-28 17:43:36,266 | INFO | Is use checkpoint gate: 1

2022-09-28 17:43:36,267 | INFO | Start GET TOKEN API.

2022-09-28 17:43:36,267 | INFO | GET TOKEN API: Uri gate: http://192.168.127.2:8080/api/

2022-09-28 17:43:36,268 | INFO | GET TOKEN API: Username: checkpoint - Password: checkpoint

2022-09-28 17:43:36,581 | INFO | GET TOKEN API: Result Content: {"accessToken":"eyJhbGciOiJIUzUxMiJ9.eyJzdWIiOiJjaGVja3BvaW50IiwiaWF0IjoxNjY0MzU0NTY5LCJleHAiOjE2NjQ0NDA5Njl9.EbJHap3XwuHAEFPf7tPo_3-hoB2kUsnQzks69UUKxXlrjPAMMiHItp94DLY1Nv0OTtlq0tLGmrWvKMyKJV8fWA","tokenType":"Bearer"}

2022-09-28 17:43:36,581 | INFO | GET TOKEN API: Token: Bearer eyJhbGciOiJIUzUxMiJ9.eyJzdWIiOiJjaGVja3BvaW50IiwiaWF0IjoxNjY0MzU0NTY5LCJleHAiOjE2NjQ0NDA5Njl9.EbJHap3XwuHAEFPf7tPo_3-hoB2kUsnQzks69UUKxXlrjPAMMiHItp94DLY1Nv0OTtlq0tLGmrWvKMyKJV8fWA

2022-09-28 17:43:54,385 | INFO | Start GET API GATE SETTING.

2022-09-28 17:43:54,406 | INFO | Is use checkpoint gate: 1

2022-09-28 17:43:54,407 | INFO | Start GET TOKEN API.

2022-09-28 17:43:54,407 | INFO | GET TOKEN API: Uri gate: http://192.168.127.2:8080/api/

2022-09-28 17:43:54,407 | INFO | GET TOKEN API: Username: checkpoint - Password: checkpoint

2022-09-28 17:43:54,712 | INFO | GET TOKEN API: Result Content: {"accessToken":"eyJhbGciOiJIUzUxMiJ9.eyJzdWIiOiJjaGVja3BvaW50IiwiaWF0IjoxNjY0MzU0NTg3LCJleHAiOjE2NjQ0NDA5ODd9.6zliqZjMWJwI-uvBCjl5sC6Fn83YasVnWu_PvOZ4Dq3PPjDkBcEN2S0699uoLvA38NhJ6tOTaxsv8XJnlcvXRA","tokenType":"Bearer"}

2022-09-28 17:43:54,712 | INFO | GET TOKEN API: Token: Bearer eyJhbGciOiJIUzUxMiJ9.eyJzdWIiOiJjaGVja3BvaW50IiwiaWF0IjoxNjY0MzU0NTg3LCJleHAiOjE2NjQ0NDA5ODd9.6zliqZjMWJwI-uvBCjl5sC6Fn83YasVnWu_PvOZ4Dq3PPjDkBcEN2S0699uoLvA38NhJ6tOTaxsv8XJnlcvXRA

2022-09-28 17:44:12,911 | INFO | Start GET API GATE SETTING.

2022-09-28 17:44:12,934 | INFO | Is use checkpoint gate: 1

2022-09-28 17:44:12,934 | INFO | Start GET TOKEN API.

2022-09-28 17:44:12,935 | INFO | GET TOKEN API: Uri gate: http://192.168.127.2:8080/api/

2022-09-28 17:44:12,935 | INFO | GET TOKEN API: Username: checkpoint - Password: checkpoint

2022-09-28 17:44:13,217 | INFO | GET TOKEN API: Result Content: {"accessToken":"eyJhbGciOiJIUzUxMiJ9.eyJzdWIiOiJjaGVja3BvaW50IiwiaWF0IjoxNjY0MzU0NjA2LCJleHAiOjE2NjQ0NDEwMDZ9.XaYxTF7zInOsAJMpigdWgg43pmu3jDkhRjKXsVHDLgb5Rb9Pmx352zAxEAKLhI18k3yeFroW6px35i2fhJs_Hw","tokenType":"Bearer"}

2022-09-28 17:44:13,217 | INFO | GET TOKEN API: Token: Bearer eyJhbGciOiJIUzUxMiJ9.eyJzdWIiOiJjaGVja3BvaW50IiwiaWF0IjoxNjY0MzU0NjA2LCJleHAiOjE2NjQ0NDEwMDZ9.XaYxTF7zInOsAJMpigdWgg43pmu3jDkhRjKXsVHDLgb5Rb9Pmx352zAxEAKLhI18k3yeFroW6px35i2fhJs_Hw

2022-09-28 17:44:27,117 | INFO | Start GET API GATE SETTING.

2022-09-28 17:44:27,152 | INFO | Is use checkpoint gate: 1

2022-09-28 17:44:27,152 | INFO | Start GET TOKEN API.

2022-09-28 17:44:27,152 | INFO | GET TOKEN API: Uri gate: http://192.168.127.2:8080/api/

2022-09-28 17:44:27,153 | INFO | GET TOKEN API: Username: checkpoint - Password: checkpoint

2022-09-28 17:44:27,463 | INFO | GET TOKEN API: Result Content: {"accessToken":"eyJhbGciOiJIUzUxMiJ9.eyJzdWIiOiJjaGVja3BvaW50IiwiaWF0IjoxNjY0MzU0NjIwLCJleHAiOjE2NjQ0NDEwMjB9.W1ss6b7rl8df_HH2Vwac0neod_Eyr4oOzdPq-sxhds2US6b-N0UVRwaNdNExWN2F2sv4CmWJVZFYcSv2GNH_dA","tokenType":"Bearer"}

2022-09-28 17:44:27,464 | INFO | GET TOKEN API: Token: Bearer eyJhbGciOiJIUzUxMiJ9.eyJzdWIiOiJjaGVja3BvaW50IiwiaWF0IjoxNjY0MzU0NjIwLCJleHAiOjE2NjQ0NDEwMjB9.W1ss6b7rl8df_HH2Vwac0neod_Eyr4oOzdPq-sxhds2US6b-N0UVRwaNdNExWN2F2sv4CmWJVZFYcSv2GNH_dA

2022-09-28 17:44:34,762 | INFO | Start GET API GATE SETTING.

2022-09-28 17:44:34,786 | INFO | Is use checkpoint gate: 1

2022-09-28 17:44:34,787 | INFO | Start GET TOKEN API.

2022-09-28 17:44:34,787 | INFO | GET TOKEN API: Uri gate: http://192.168.127.2:8080/api/

2022-09-28 17:44:34,787 | INFO | GET TOKEN API: Username: checkpoint - Password: checkpoint

2022-09-28 17:44:35,102 | INFO | GET TOKEN API: Result Content: {"accessToken":"eyJhbGciOiJIUzUxMiJ9.eyJzdWIiOiJjaGVja3BvaW50IiwiaWF0IjoxNjY0MzU0NjI3LCJleHAiOjE2NjQ0NDEwMjd9.rdzrz6Vj_1KiWB_MjGC3netKn0Hlb0vA5dwWJrrRyVs4_LG31psPB4sBYeL7pR_V00U5Eci5hf1hPcPCBodpLw","tokenType":"Bearer"}

2022-09-28 17:44:35,102 | INFO | GET TOKEN API: Token: Bearer eyJhbGciOiJIUzUxMiJ9.eyJzdWIiOiJjaGVja3BvaW50IiwiaWF0IjoxNjY0MzU0NjI3LCJleHAiOjE2NjQ0NDEwMjd9.rdzrz6Vj_1KiWB_MjGC3netKn0Hlb0vA5dwWJrrRyVs4_LG31psPB4sBYeL7pR_V00U5Eci5hf1hPcPCBodpLw

2022-09-28 17:44:43,381 | INFO | Start GET API GATE SETTING.

2022-09-28 17:44:43,403 | INFO | Is use checkpoint gate: 1

2022-09-28 17:44:43,403 | INFO | Start GET TOKEN API.

2022-09-28 17:44:43,404 | INFO | GET TOKEN API: Uri gate: http://192.168.127.2:8080/api/

2022-09-28 17:44:43,404 | INFO | GET TOKEN API: Username: checkpoint - Password: checkpoint

2022-09-28 17:44:43,723 | INFO | GET TOKEN API: Result Content: {"accessToken":"eyJhbGciOiJIUzUxMiJ9.eyJzdWIiOiJjaGVja3BvaW50IiwiaWF0IjoxNjY0MzU0NjM2LCJleHAiOjE2NjQ0NDEwMzZ9.xGvW_PNdDuzadxN7FO7_p8GJugDCfrVrTXWfqTlAwyjDIz_YFfi804kw0Yzdag2nR7Szm1iIhLYqjTQ7_Ns9Gg","tokenType":"Bearer"}

2022-09-28 17:44:43,724 | INFO | GET TOKEN API: Token: Bearer eyJhbGciOiJIUzUxMiJ9.eyJzdWIiOiJjaGVja3BvaW50IiwiaWF0IjoxNjY0MzU0NjM2LCJleHAiOjE2NjQ0NDEwMzZ9.xGvW_PNdDuzadxN7FO7_p8GJugDCfrVrTXWfqTlAwyjDIz_YFfi804kw0Yzdag2nR7Szm1iIhLYqjTQ7_Ns9Gg

