2022-08-18 17:16:50,014 | INFO | Start GET API GATE SETTING.

2022-08-18 17:16:50,076 | INFO | Is use checkpoint gate: 1

2022-08-18 17:16:50,078 | INFO | Start GET TOKEN API.

2022-08-18 17:16:50,078 | INFO | GET TOKEN API: Uri gate: http://192.168.127.2:8080/api/

2022-08-18 17:16:50,078 | INFO | GET TOKEN API: Username: checkpoint - Password: checkpoint

2022-08-18 17:16:51,101 | INFO | GET TOKEN API: Result Content: {"accessToken":"eyJhbGciOiJIUzUxMiJ9.eyJzdWIiOiJjaGVja3BvaW50IiwiaWF0IjoxNjYwODEwNTk1LCJleHAiOjE2NjA4OTY5OTV9.VvbdLNlskFhfTU1rS3JmEm9p57MwEZP483ohAb2nA22T1J4UXYVme3J4lUrcdtldncc5_xALjj4Mb6bb9CGKPA","tokenType":"Bearer"}

2022-08-18 17:16:51,102 | INFO | GET TOKEN API: Token: Bearer eyJhbGciOiJIUzUxMiJ9.eyJzdWIiOiJjaGVja3BvaW50IiwiaWF0IjoxNjYwODEwNTk1LCJleHAiOjE2NjA4OTY5OTV9.VvbdLNlskFhfTU1rS3JmEm9p57MwEZP483ohAb2nA22T1J4UXYVme3J4lUrcdtldncc5_xALjj4Mb6bb9CGKPA

2022-08-18 17:16:58,251 | INFO | Start UNLOAD GATE API.

2022-08-18 17:16:58,252 | INFO | UNLOAD GATE API: IP Gate: http://192.168.127.2:8080/api/

2022-08-18 17:16:58,252 | INFO | UNLOAD GATE API: Num of RFIDS: 2

2022-08-18 17:16:58,252 | INFO | UNLOAD GATE API: rf: 00DD20220702000058000121

2022-08-18 17:16:58,254 | INFO | UNLOAD GATE API: RFID code: 00DD20220702000058000121

2022-08-18 17:16:58,664 | INFO | UNLOAD GATE API: Result Content: {"code":"200","message":"1 EPC Removed from Inventoy"}

2022-08-18 17:16:58,664 | INFO | UNLOAD GATE API: Remove RFID 00DD20220702000058000121

2022-08-18 17:16:58,665 | INFO | UNLOAD GATE API: rf: 00DD20220702000058000137

2022-08-18 17:16:58,665 | INFO | UNLOAD GATE API: RFID code: 00DD20220702000058000137

2022-08-18 17:16:58,706 | INFO | UNLOAD GATE API: Result Content: {"code":"200","message":"1 EPC Removed from Inventoy"}

2022-08-18 17:16:58,707 | INFO | UNLOAD GATE API: Remove RFID 00DD20220702000058000137

2022-08-18 17:33:12,207 | INFO | Start GET API GATE SETTING.

2022-08-18 17:33:12,261 | INFO | Is use checkpoint gate: 1

2022-08-18 17:33:12,263 | INFO | Start GET TOKEN API.

2022-08-18 17:33:12,263 | INFO | GET TOKEN API: Uri gate: http://192.168.127.2:8080/api/

2022-08-18 17:33:12,264 | INFO | GET TOKEN API: Username: checkpoint - Password: checkpoint

2022-08-18 17:33:12,585 | INFO | GET TOKEN API: Result Content: {"accessToken":"eyJhbGciOiJIUzUxMiJ9.eyJzdWIiOiJjaGVja3BvaW50IiwiaWF0IjoxNjYwODExNTc2LCJleHAiOjE2NjA4OTc5NzZ9.2fzo6_JUDd3k3hmE5cVVOABX5TaE5ef5VS-UXbe0XDbsCmAlCnVgmUPwyu4YngXoR2JSLV6sSYJHIBYNZHmhqA","tokenType":"Bearer"}

2022-08-18 17:33:12,585 | INFO | GET TOKEN API: Token: Bearer eyJhbGciOiJIUzUxMiJ9.eyJzdWIiOiJjaGVja3BvaW50IiwiaWF0IjoxNjYwODExNTc2LCJleHAiOjE2NjA4OTc5NzZ9.2fzo6_JUDd3k3hmE5cVVOABX5TaE5ef5VS-UXbe0XDbsCmAlCnVgmUPwyu4YngXoR2JSLV6sSYJHIBYNZHmhqA

2022-08-18 17:33:20,225 | INFO | Start UNLOAD GATE API.

2022-08-18 17:33:20,225 | INFO | UNLOAD GATE API: IP Gate: http://192.168.127.2:8080/api/

2022-08-18 17:33:20,226 | INFO | UNLOAD GATE API: Num of RFIDS: 1

2022-08-18 17:33:20,226 | INFO | UNLOAD GATE API: rf: 00DD20220702000058000290

2022-08-18 17:33:20,228 | INFO | UNLOAD GATE API: RFID code: 00DD20220702000058000290

2022-08-18 17:33:20,274 | INFO | UNLOAD GATE API: Result Content: {"code":"200","message":"1 EPC Removed from Inventoy"}

2022-08-18 17:33:20,274 | INFO | UNLOAD GATE API: Remove RFID 00DD20220702000058000290

