2022-07-22 14:54:53,998 | INFO | LOG

2022-07-22 16:54:49,261 | INFO | LOG

2022-07-22 18:03:37,414 | INFO | LOG

2022-07-22 18:03:46,363 | INFO | Start call API

2022-07-22 18:03:46,363 | INFO | RFID code: E28069950000400810E7F13C

2022-07-22 18:03:46,364 | INFO | API key: aip_rtsa_20220516_1

2022-07-22 18:03:46,364 | INFO | Try start

2022-07-22 18:03:46,585 | INFO | Try end

2022-07-22 18:03:46,585 | INFO | {"rfid":"E28069950000400810E7F13C","api_key":"aip_rtsa_20220516_1"}

2022-07-22 18:03:46,585 | INFO | Finally

2022-07-22 18:03:46,585 | INFO | POST API: {"rfid":"E28069950000400810E7F13C","api_key":"aip_rtsa_20220516_1"}

2022-07-22 18:03:46,679 | INFO | Result content: {"code":"00","data":{"jancode_1":"9784062605595","jancode_2":"1920179007404","rfid":"E28069950000400810E7F13C"},"message":"変換に成功しました。"}

2022-07-22 18:03:53,478 | INFO | Start call API

2022-07-22 18:03:53,478 | INFO | RFID code: E28069950000400810E7F13C

2022-07-22 18:03:53,478 | INFO | API key: aip_rtsa_20220516_1

2022-07-22 18:03:53,479 | INFO | Try start

2022-07-22 18:03:53,479 | INFO | Try end

2022-07-22 18:03:53,479 | INFO | {"rfid":"E28069950000400810E7F13C","api_key":"aip_rtsa_20220516_1"}

2022-07-22 18:03:53,479 | INFO | Finally

2022-07-22 18:03:53,479 | INFO | POST API: {"rfid":"E28069950000400810E7F13C","api_key":"aip_rtsa_20220516_1"}

2022-07-22 18:03:53,485 | INFO | Result content: {"code":"00","data":{"jancode_1":"9784062605595","jancode_2":"1920179007404","rfid":"E28069950000400810E7F13C"},"message":"変換に成功しました。"}

