2022-09-20 12:57:26,193 | INFO | Start GET API GATE SETTING.

2022-09-20 12:57:26,392 | INFO | Is use checkpoint gate: 1

2022-09-20 12:57:26,395 | INFO | Start GET TOKEN API.

2022-09-20 12:57:26,395 | INFO | GET TOKEN API: Uri gate: http://192.168.127.2:8080/api/

2022-09-20 12:57:26,395 | INFO | GET TOKEN API: Username: checkpoint - Password: checkpoint

2022-09-20 12:57:27,412 | INFO | GET TOKEN API: Result Content: {"accessToken":"eyJhbGciOiJIUzUxMiJ9.eyJzdWIiOiJjaGVja3BvaW50IiwiaWF0IjoxNjYzNjQ2MjA2LCJleHAiOjE2NjM3MzI2MDZ9.v7iIn9TG5OvemRrFf36QTX5SRvU8gmoO16-Vj2yC2a1o51Nx0XcSBwC_uJ1th_33W65GHjv7NHl7c6RcIHqLow","tokenType":"Bearer"}

2022-09-20 12:57:27,413 | INFO | GET TOKEN API: Token: Bearer eyJhbGciOiJIUzUxMiJ9.eyJzdWIiOiJjaGVja3BvaW50IiwiaWF0IjoxNjYzNjQ2MjA2LCJleHAiOjE2NjM3MzI2MDZ9.v7iIn9TG5OvemRrFf36QTX5SRvU8gmoO16-Vj2yC2a1o51Nx0XcSBwC_uJ1th_33W65GHjv7NHl7c6RcIHqLow

2022-09-20 12:57:46,628 | INFO | Start UNLOAD GATE API.

2022-09-20 12:57:46,628 | INFO | UNLOAD GATE API: IP Gate: http://192.168.127.2:8080/api/

2022-09-20 12:57:46,628 | INFO | UNLOAD GATE API: Num of RFIDS: 2

2022-09-20 12:57:46,629 | INFO | UNLOAD GATE API: rf: 00DD20220702000058000112

2022-09-20 12:57:46,630 | INFO | UNLOAD GATE API: RFID code: 00DD20220702000058000112

2022-09-20 12:57:47,029 | INFO | UNLOAD GATE API: Result Content: {"code":"200","message":"1 EPC Removed from Inventoy"}

2022-09-20 12:57:47,030 | INFO | UNLOAD GATE API: Remove RFID 00DD20220702000058000112

2022-09-20 12:57:47,030 | INFO | UNLOAD GATE API: rf: 00DD20220702000058000124

2022-09-20 12:57:47,031 | INFO | UNLOAD GATE API: RFID code: 00DD20220702000058000124

2022-09-20 12:57:47,072 | INFO | UNLOAD GATE API: Result Content: {"code":"200","message":"1 EPC Removed from Inventoy"}

2022-09-20 12:57:47,072 | INFO | UNLOAD GATE API: Remove RFID 00DD20220702000058000124

2022-09-20 12:58:18,500 | INFO | Start GET API GATE SETTING.

2022-09-20 12:58:18,520 | INFO | Is use checkpoint gate: 1

2022-09-20 12:58:18,525 | INFO | Start GET TOKEN API.

2022-09-20 12:58:18,526 | INFO | GET TOKEN API: Uri gate: http://192.168.127.2:8080/api/

2022-09-20 12:58:18,526 | INFO | GET TOKEN API: Username: checkpoint - Password: checkpoint

2022-09-20 12:58:18,826 | INFO | GET TOKEN API: Result Content: {"accessToken":"eyJhbGciOiJIUzUxMiJ9.eyJzdWIiOiJjaGVja3BvaW50IiwiaWF0IjoxNjYzNjQ2MjU4LCJleHAiOjE2NjM3MzI2NTh9.3fugKEG4H8jw2R-pI8ez985ahD0tGnp6wK554ALqe1Gn2sptiZX1czJ8fWnVpxhB-YsZhPdm32NFj9hkBDJQOg","tokenType":"Bearer"}

2022-09-20 12:58:18,827 | INFO | GET TOKEN API: Token: Bearer eyJhbGciOiJIUzUxMiJ9.eyJzdWIiOiJjaGVja3BvaW50IiwiaWF0IjoxNjYzNjQ2MjU4LCJleHAiOjE2NjM3MzI2NTh9.3fugKEG4H8jw2R-pI8ez985ahD0tGnp6wK554ALqe1Gn2sptiZX1czJ8fWnVpxhB-YsZhPdm32NFj9hkBDJQOg

2022-09-20 12:58:34,800 | INFO | Start UNLOAD GATE API.

2022-09-20 12:58:34,801 | INFO | UNLOAD GATE API: IP Gate: http://192.168.127.2:8080/api/

2022-09-20 12:58:34,801 | INFO | UNLOAD GATE API: Num of RFIDS: 2

2022-09-20 12:58:34,801 | INFO | UNLOAD GATE API: rf: 00DD20220702000058000112

2022-09-20 12:58:34,801 | INFO | UNLOAD GATE API: RFID code: 00DD20220702000058000112

2022-09-20 12:58:34,880 | INFO | UNLOAD GATE API: Result Content: {"code":"200","message":"1 EPC Removed from Inventoy"}

2022-09-20 12:58:34,880 | INFO | UNLOAD GATE API: Remove RFID 00DD20220702000058000112

2022-09-20 12:58:34,880 | INFO | UNLOAD GATE API: rf: 00DD20220702000058000124

2022-09-20 12:58:34,881 | INFO | UNLOAD GATE API: RFID code: 00DD20220702000058000124

2022-09-20 12:58:34,920 | INFO | UNLOAD GATE API: Result Content: {"code":"200","message":"1 EPC Removed from Inventoy"}

2022-09-20 12:58:34,921 | INFO | UNLOAD GATE API: Remove RFID 00DD20220702000058000124

