2022-07-19 17:30:45,839 | INFO | LOG

2022-07-19 17:31:01,073 | INFO | Start call API

2022-07-19 17:31:01,073 | INFO | RFID code: E28069950000400810E8E93C

2022-07-19 17:31:01,073 | INFO | API key: aip_rtsa_20220516_1

2022-07-19 17:31:01,073 | INFO | Try start

2022-07-19 17:31:01,296 | INFO | Try end

2022-07-19 17:31:01,296 | INFO | {"rfid":"E28069950000400810E8E93C","api_key":"aip_rtsa_20220516_1"}

2022-07-19 17:31:01,296 | INFO | Finally

2022-07-19 17:31:01,296 | INFO | POST API: {"rfid":"E28069950000400810E8E93C","api_key":"aip_rtsa_20220516_1"}

2022-07-19 17:31:01,396 | INFO | Result content: {"code":"00","data":{"jancode_1":"9784062771306","jancode_2":"1920193007206","rfid":"E28069950000400810E8E93C"},"message":"変換に成功しました。"}

2022-07-19 18:49:48,127 | INFO | Start call API

2022-07-19 18:49:48,128 | INFO | RFID code: E28069950000400810E8E93C

2022-07-19 18:49:48,128 | INFO | API key: aip_rtsa_20220516_1

2022-07-19 18:49:48,128 | INFO | Try start

2022-07-19 18:49:48,128 | INFO | Try end

2022-07-19 18:49:48,129 | INFO | {"rfid":"E28069950000400810E8E93C","api_key":"aip_rtsa_20220516_1"}

2022-07-19 18:49:48,129 | INFO | Finally

2022-07-19 18:49:48,129 | INFO | POST API: {"rfid":"E28069950000400810E8E93C","api_key":"aip_rtsa_20220516_1"}

2022-07-19 18:49:48,183 | INFO | Result content: {"code":"00","data":{"jancode_1":"9784062771306","jancode_2":"1920193007206","rfid":"E28069950000400810E8E93C"},"message":"変換に成功しました。"}

2022-07-19 19:16:27,129 | INFO | Start call API

2022-07-19 19:16:27,130 | INFO | RFID code: E28069950000400810E8E93C

2022-07-19 19:16:27,130 | INFO | API key: aip_rtsa_20220516_1

2022-07-19 19:16:27,130 | INFO | Try start

2022-07-19 19:16:27,131 | INFO | Try end

2022-07-19 19:16:27,131 | INFO | {"rfid":"E28069950000400810E8E93C","api_key":"aip_rtsa_20220516_1"}

2022-07-19 19:16:27,131 | INFO | Finally

2022-07-19 19:16:27,131 | INFO | POST API: {"rfid":"E28069950000400810E8E93C","api_key":"aip_rtsa_20220516_1"}

2022-07-19 19:16:27,150 | INFO | Result content: {"code":"00","data":{"jancode_1":"9784062771306","jancode_2":"1920193007206","rfid":"E28069950000400810E8E93C"},"message":"変換に成功しました。"}

2022-07-19 19:16:59,970 | INFO | Start call API

2022-07-19 19:16:59,971 | INFO | RFID code: E28069950000400810E8E93C

2022-07-19 19:16:59,971 | INFO | API key: aip_rtsa_20220516_1

2022-07-19 19:16:59,971 | INFO | Try start

2022-07-19 19:16:59,972 | INFO | Try end

2022-07-19 19:16:59,972 | INFO | {"rfid":"E28069950000400810E8E93C","api_key":"aip_rtsa_20220516_1"}

2022-07-19 19:16:59,972 | INFO | Finally

2022-07-19 19:16:59,972 | INFO | POST API: {"rfid":"E28069950000400810E8E93C","api_key":"aip_rtsa_20220516_1"}

2022-07-19 19:16:59,983 | INFO | Result content: {"code":"00","data":{"jancode_1":"9784062771306","jancode_2":"1920193007206","rfid":"E28069950000400810E8E93C"},"message":"変換に成功しました。"}

2022-07-19 19:17:02,362 | INFO | Start call API

2022-07-19 19:17:02,362 | INFO | RFID code: E28069950000400810E8E93C

2022-07-19 19:17:02,362 | INFO | API key: aip_rtsa_20220516_1

2022-07-19 19:17:02,363 | INFO | Try start

2022-07-19 19:17:02,363 | INFO | Try end

2022-07-19 19:17:02,363 | INFO | {"rfid":"E28069950000400810E8E93C","api_key":"aip_rtsa_20220516_1"}

2022-07-19 19:17:02,363 | INFO | Finally

2022-07-19 19:17:02,363 | INFO | POST API: {"rfid":"E28069950000400810E8E93C","api_key":"aip_rtsa_20220516_1"}

2022-07-19 19:17:02,369 | INFO | Result content: {"code":"00","data":{"jancode_1":"9784062771306","jancode_2":"1920193007206","rfid":"E28069950000400810E8E93C"},"message":"変換に成功しました。"}

2022-07-19 19:17:11,979 | INFO | Start call API

2022-07-19 19:17:11,980 | INFO | RFID code: E28069950000400810E8E93C

2022-07-19 19:17:11,980 | INFO | API key: aip_rtsa_20220516_1

2022-07-19 19:17:11,980 | INFO | Try start

2022-07-19 19:17:11,981 | INFO | Try end

2022-07-19 19:17:11,981 | INFO | {"rfid":"E28069950000400810E8E93C","api_key":"aip_rtsa_20220516_1"}

2022-07-19 19:17:11,981 | INFO | Finally

2022-07-19 19:17:11,981 | INFO | POST API: {"rfid":"E28069950000400810E8E93C","api_key":"aip_rtsa_20220516_1"}

2022-07-19 19:17:11,991 | INFO | Result content: {"code":"00","data":{"jancode_1":"9784062771306","jancode_2":"1920193007206","rfid":"E28069950000400810E8E93C"},"message":"変換に成功しました。"}

2022-07-19 19:17:34,349 | INFO | Start call API

2022-07-19 19:17:34,350 | INFO | RFID code: E28069950000400810E8E93C

2022-07-19 19:17:34,350 | INFO | API key: aip_rtsa_20220516_1

2022-07-19 19:17:34,351 | INFO | Try start

2022-07-19 19:17:34,351 | INFO | Try end

2022-07-19 19:17:34,351 | INFO | {"rfid":"E28069950000400810E8E93C","api_key":"aip_rtsa_20220516_1"}

2022-07-19 19:17:34,351 | INFO | Finally

2022-07-19 19:17:34,352 | INFO | POST API: {"rfid":"E28069950000400810E8E93C","api_key":"aip_rtsa_20220516_1"}

2022-07-19 19:17:34,358 | INFO | Result content: {"code":"00","data":{"jancode_1":"9784062771306","jancode_2":"1920193007206","rfid":"E28069950000400810E8E93C"},"message":"変換に成功しました。"}

2022-07-19 19:17:54,190 | INFO | Start call API

2022-07-19 19:17:54,191 | INFO | RFID code: E28069950000400810E8E93C

2022-07-19 19:17:54,191 | INFO | API key: aip_rtsa_20220516_1

2022-07-19 19:17:54,191 | INFO | Try start

2022-07-19 19:17:54,191 | INFO | Try end

2022-07-19 19:17:54,192 | INFO | {"rfid":"E28069950000400810E8E93C","api_key":"aip_rtsa_20220516_1"}

2022-07-19 19:17:54,192 | INFO | Finally

2022-07-19 19:17:54,192 | INFO | POST API: {"rfid":"E28069950000400810E8E93C","api_key":"aip_rtsa_20220516_1"}

2022-07-19 19:17:54,206 | INFO | Result content: {"code":"00","data":{"jancode_1":"9784062771306","jancode_2":"1920193007206","rfid":"E28069950000400810E8E93C"},"message":"変換に成功しました。"}

2022-07-19 19:19:24,308 | INFO | LOG

2022-07-19 19:19:34,725 | INFO | Start call API

2022-07-19 19:19:34,726 | INFO | RFID code: E28069950000400810E8E93C

2022-07-19 19:19:34,726 | INFO | API key: aip_rtsa_20220516_1

2022-07-19 19:19:34,726 | INFO | Try start

2022-07-19 19:19:34,941 | INFO | Try end

2022-07-19 19:19:34,942 | INFO | {"rfid":"E28069950000400810E8E93C","api_key":"aip_rtsa_20220516_1"}

2022-07-19 19:19:34,942 | INFO | Finally

2022-07-19 19:19:34,942 | INFO | POST API: {"rfid":"E28069950000400810E8E93C","api_key":"aip_rtsa_20220516_1"}

2022-07-19 19:19:35,046 | INFO | Result content: {"code":"00","data":{"jancode_1":"9784062771306","jancode_2":"1920193007206","rfid":"E28069950000400810E8E93C"},"message":"変換に成功しました。"}

