2022-08-01 11:35:46,168 | INFO | LOG

2022-08-01 15:01:19,079 | INFO | LOG

2022-08-01 15:08:51,111 | INFO | Start call API

2022-08-01 15:08:51,111 | INFO | RFID code: 00DD20220703000058000538

2022-08-01 15:08:51,112 | INFO | API key: aip_rtsa_20220516_1

2022-08-01 15:08:51,112 | INFO | Try start

2022-08-01 15:08:51,324 | INFO | Try end

2022-08-01 15:08:51,324 | INFO | {"rfid":"00DD20220703000058000538","api_key":"aip_rtsa_20220516_1"}

2022-08-01 15:08:51,324 | INFO | Finally

2022-08-01 15:08:51,325 | INFO | POST API: {"rfid":"00DD20220703000058000538","api_key":"aip_rtsa_20220516_1"}

2022-08-01 15:08:51,418 | INFO | Result content: {"code":"00","data":{"jancode_1":"9784065258385","jancode_2":"1929979006600","rfid":"00DD20220703000058000538"},"message":"変換に成功しました。"}

2022-08-01 15:08:55,829 | INFO | Start call API

2022-08-01 15:08:55,829 | INFO | RFID code: 00DD20220703000058000540

2022-08-01 15:08:55,829 | INFO | API key: aip_rtsa_20220516_1

2022-08-01 15:08:55,830 | INFO | Try start

2022-08-01 15:08:55,830 | INFO | Try end

2022-08-01 15:08:55,830 | INFO | {"rfid":"00DD20220703000058000540","api_key":"aip_rtsa_20220516_1"}

2022-08-01 15:08:55,830 | INFO | Finally

2022-08-01 15:08:55,831 | INFO | POST API: {"rfid":"00DD20220703000058000540","api_key":"aip_rtsa_20220516_1"}

2022-08-01 15:08:55,852 | INFO | Result content: {"code":"00","data":{"jancode_1":"9784065285015","jancode_2":"1929979004804","rfid":"00DD20220703000058000540"},"message":"変換に成功しました。"}

2022-08-01 15:08:55,853 | INFO | Start call API

2022-08-01 15:08:55,854 | INFO | RFID code: 00DD20220703000058000539

2022-08-01 15:08:55,854 | INFO | API key: aip_rtsa_20220516_1

2022-08-01 15:08:55,854 | INFO | Try start

2022-08-01 15:08:55,854 | INFO | Try end

2022-08-01 15:08:55,855 | INFO | {"rfid":"00DD20220703000058000539","api_key":"aip_rtsa_20220516_1"}

2022-08-01 15:08:55,855 | INFO | Finally

2022-08-01 15:08:55,855 | INFO | POST API: {"rfid":"00DD20220703000058000539","api_key":"aip_rtsa_20220516_1"}

2022-08-01 15:08:55,875 | INFO | Result content: {"code":"00","data":{"jancode_1":"9784065285015","jancode_2":"1929979004804","rfid":"00DD20220703000058000539"},"message":"変換に成功しました。"}

2022-08-01 17:42:00,438 | INFO | LOG

2022-08-01 17:42:04,516 | INFO | Start call API

2022-08-01 17:42:04,516 | INFO | RFID code: 00DD20220702000058000309

2022-08-01 17:42:04,516 | INFO | API key: aip_rtsa_20220516_1

2022-08-01 17:42:04,516 | INFO | Try start

2022-08-01 17:42:04,729 | INFO | Try end

2022-08-01 17:42:04,730 | INFO | {"rfid":"00DD20220702000058000309","api_key":"aip_rtsa_20220516_1"}

2022-08-01 17:42:04,730 | INFO | Finally

2022-08-01 17:42:04,730 | INFO | POST API: {"rfid":"00DD20220702000058000309","api_key":"aip_rtsa_20220516_1"}

2022-08-01 17:42:04,851 | INFO | Result content: {"code":"00","data":{"jancode_1":"9784622079224","jancode_2":"1920075030001","rfid":"00DD20220702000058000309"},"message":"変換に成功しました。"}

