2022-08-05 17:59:01,709 | INFO | LOG

2022-08-05 17:59:11,427 | INFO | Start call API

2022-08-05 17:59:11,427 | INFO | RFID code: 00DD20220702000058000122

2022-08-05 17:59:11,428 | INFO | API key: aip_rtsa_20220516_1

2022-08-05 17:59:11,428 | INFO | Try start

2022-08-05 17:59:11,646 | INFO | Try end

2022-08-05 17:59:11,647 | INFO | {"rfid":"00DD20220702000058000122","api_key":"aip_rtsa_20220516_1"}

2022-08-05 17:59:11,647 | INFO | Finally

2022-08-05 17:59:11,647 | INFO | POST API: {"rfid":"00DD20220702000058000122","api_key":"aip_rtsa_20220516_1"}

2022-08-05 17:59:11,740 | INFO | Result content: {"code":"00","data":{"jancode_1":"9784569849454","jancode_2":"1920093016001","rfid":"00DD20220702000058000122"},"message":"変換に成功しました。"}

2022-08-05 17:59:48,848 | INFO | Start call API

2022-08-05 17:59:48,849 | INFO | RFID code: 00DD20220702000058000117

2022-08-05 17:59:48,849 | INFO | API key: aip_rtsa_20220516_1

2022-08-05 17:59:48,849 | INFO | Try start

2022-08-05 17:59:48,849 | INFO | Try end

2022-08-05 17:59:48,849 | INFO | {"rfid":"00DD20220702000058000117","api_key":"aip_rtsa_20220516_1"}

2022-08-05 17:59:48,850 | INFO | Finally

2022-08-05 17:59:48,850 | INFO | POST API: {"rfid":"00DD20220702000058000117","api_key":"aip_rtsa_20220516_1"}

2022-08-05 17:59:48,871 | INFO | Result content: {"code":"00","data":{"jancode_1":"9784564018428","jancode_2":"1928771012000","rfid":"00DD20220702000058000117"},"message":"変換に成功しました。"}

2022-08-05 18:02:24,918 | INFO | LOG

2022-08-05 18:03:16,094 | INFO | Start call API

2022-08-05 18:03:16,095 | INFO | RFID code: 00DD20220702000058000114

2022-08-05 18:03:16,095 | INFO | API key: aip_rtsa_20220516_1

2022-08-05 18:03:16,095 | INFO | Try start

2022-08-05 18:03:16,166 | INFO | Try end

2022-08-05 18:03:16,167 | INFO | {"rfid":"00DD20220702000058000114","api_key":"aip_rtsa_20220516_1"}

2022-08-05 18:03:16,167 | INFO | Finally

2022-08-05 18:03:16,167 | INFO | POST API: {"rfid":"00DD20220702000058000114","api_key":"aip_rtsa_20220516_1"}

2022-08-05 18:03:16,262 | INFO | Result content: {"code":"00","data":{"jancode_1":"9784198647476","jancode_2":"1928797017003","rfid":"00DD20220702000058000114"},"message":"変換に成功しました。"}

2022-08-05 18:03:16,903 | INFO | Start call API

2022-08-05 18:03:16,903 | INFO | RFID code: 00DD20220702000058000117

2022-08-05 18:03:16,903 | INFO | API key: aip_rtsa_20220516_1

2022-08-05 18:03:16,903 | INFO | Try start

2022-08-05 18:03:16,904 | INFO | Try end

2022-08-05 18:03:16,904 | INFO | {"rfid":"00DD20220702000058000117","api_key":"aip_rtsa_20220516_1"}

2022-08-05 18:03:16,904 | INFO | Finally

2022-08-05 18:03:16,904 | INFO | POST API: {"rfid":"00DD20220702000058000117","api_key":"aip_rtsa_20220516_1"}

2022-08-05 18:03:16,925 | INFO | Result content: {"code":"00","data":{"jancode_1":"9784564018428","jancode_2":"1928771012000","rfid":"00DD20220702000058000117"},"message":"変換に成功しました。"}

2022-08-05 18:03:16,925 | INFO | Start call API

2022-08-05 18:03:16,926 | INFO | RFID code: 00DD20220702000058000116

2022-08-05 18:03:16,926 | INFO | API key: aip_rtsa_20220516_1

2022-08-05 18:03:16,926 | INFO | Try start

2022-08-05 18:03:16,926 | INFO | Try end

2022-08-05 18:03:16,927 | INFO | {"rfid":"00DD20220702000058000116","api_key":"aip_rtsa_20220516_1"}

2022-08-05 18:03:16,927 | INFO | Finally

2022-08-05 18:03:16,927 | INFO | POST API: {"rfid":"00DD20220702000058000116","api_key":"aip_rtsa_20220516_1"}

2022-08-05 18:03:16,939 | INFO | Result content: {"code":"00","data":{"jancode_1":"9784591096369","jancode_2":"1928782020001","rfid":"00DD20220702000058000116"},"message":"変換に成功しました。"}

2022-08-05 18:04:10,825 | INFO | Start call API

2022-08-05 18:04:10,826 | INFO | RFID code: 00DD20220702000058000122

2022-08-05 18:04:10,826 | INFO | API key: aip_rtsa_20220516_1

2022-08-05 18:04:10,826 | INFO | Try start

2022-08-05 18:04:10,826 | INFO | Try end

2022-08-05 18:04:10,827 | INFO | {"rfid":"00DD20220702000058000122","api_key":"aip_rtsa_20220516_1"}

2022-08-05 18:04:10,827 | INFO | Finally

2022-08-05 18:04:10,827 | INFO | POST API: {"rfid":"00DD20220702000058000122","api_key":"aip_rtsa_20220516_1"}

2022-08-05 18:04:10,843 | INFO | Result content: {"code":"00","data":{"jancode_1":"9784569849454","jancode_2":"1920093016001","rfid":"00DD20220702000058000122"},"message":"変換に成功しました。"}

2022-08-05 18:04:10,843 | INFO | Start call API

2022-08-05 18:04:10,844 | INFO | RFID code: 00DD20220702000058000143

2022-08-05 18:04:10,844 | INFO | API key: aip_rtsa_20220516_1

2022-08-05 18:04:10,844 | INFO | Try start

2022-08-05 18:04:10,845 | INFO | Try end

2022-08-05 18:04:10,845 | INFO | {"rfid":"00DD20220702000058000143","api_key":"aip_rtsa_20220516_1"}

2022-08-05 18:04:10,845 | INFO | Finally

2022-08-05 18:04:10,845 | INFO | POST API: {"rfid":"00DD20220702000058000143","api_key":"aip_rtsa_20220516_1"}

2022-08-05 18:04:10,861 | INFO | Result content: {"code":"00","data":{"jancode_1":"9784881082430","jancode_2":"1928793008005","rfid":"00DD20220702000058000143"},"message":"変換に成功しました。"}

2022-08-05 18:04:10,862 | INFO | Start call API

2022-08-05 18:04:10,862 | INFO | RFID code: 00DD20220702000058000123

2022-08-05 18:04:10,863 | INFO | API key: aip_rtsa_20220516_1

2022-08-05 18:04:10,863 | INFO | Try start

2022-08-05 18:04:10,863 | INFO | Try end

2022-08-05 18:04:10,863 | INFO | {"rfid":"00DD20220702000058000123","api_key":"aip_rtsa_20220516_1"}

2022-08-05 18:04:10,864 | INFO | Finally

2022-08-05 18:04:10,864 | INFO | POST API: {"rfid":"00DD20220702000058000123","api_key":"aip_rtsa_20220516_1"}

2022-08-05 18:04:10,883 | INFO | Result content: {"code":"00","data":{"jancode_1":"9784061333246","jancode_2":"1928771014004","rfid":"00DD20220702000058000123"},"message":"変換に成功しました。"}

2022-08-05 18:19:07,136 | INFO | LOG

2022-08-05 18:19:10,416 | INFO | Start call API

2022-08-05 18:19:10,416 | INFO | RFID code: 00DD20220702000058000122

2022-08-05 18:19:10,417 | INFO | API key: aip_rtsa_20220516_1

2022-08-05 18:19:10,417 | INFO | Try start

2022-08-05 18:19:10,662 | INFO | Try end

2022-08-05 18:19:10,662 | INFO | {"rfid":"00DD20220702000058000122","api_key":"aip_rtsa_20220516_1"}

2022-08-05 18:19:10,663 | INFO | Finally

2022-08-05 18:19:10,663 | INFO | POST API: {"rfid":"00DD20220702000058000122","api_key":"aip_rtsa_20220516_1"}

2022-08-05 18:19:10,816 | INFO | Result content: {"code":"00","data":{"jancode_1":"9784569849454","jancode_2":"1920093016001","rfid":"00DD20220702000058000122"},"message":"変換に成功しました。"}

2022-08-05 18:20:05,419 | INFO | Start call API

2022-08-05 18:20:05,419 | INFO | RFID code: 00DD20220702000058000122

2022-08-05 18:20:05,420 | INFO | API key: aip_rtsa_20220516_1

2022-08-05 18:20:05,420 | INFO | Try start

2022-08-05 18:20:05,420 | INFO | Try end

2022-08-05 18:20:05,420 | INFO | {"rfid":"00DD20220702000058000122","api_key":"aip_rtsa_20220516_1"}

2022-08-05 18:20:05,420 | INFO | Finally

2022-08-05 18:20:05,421 | INFO | POST API: {"rfid":"00DD20220702000058000122","api_key":"aip_rtsa_20220516_1"}

2022-08-05 18:20:05,441 | INFO | Result content: {"code":"00","data":{"jancode_1":"9784569849454","jancode_2":"1920093016001","rfid":"00DD20220702000058000122"},"message":"変換に成功しました。"}

